#
# There is insufficient memory for the Java Runtime Environment to continue.
# Native memory allocation (malloc) failed to allocate 73400320 bytes for committing reserved memory.
# Possible reasons:
#   The system is out of physical RAM or swap space
#   In 32 bit mode, the process size limit was hit
# Possible solutions:
#   Reduce memory load on the system
#   Increase physical memory or swap space
#   Check if swap backing store is full
#   Use 64 bit Java on a 64 bit OS
#   Decrease Java heap size (-Xmx/-Xms)
#   Decrease number of Java threads
#   Decrease Java thread stack sizes (-Xss)
#   Set larger code cache with -XX:ReservedCodeCacheSize=
# This output file may be truncated or incomplete.
#
#  Out of Memory Error (os_linux.cpp:2756), pid=6166, tid=140279228577536
#
# JRE version: Java(TM) SE Runtime Environment (7.0_75-b13) (build 1.7.0_75-b13)
# Java VM: Java HotSpot(TM) 64-Bit Server VM (24.75-b04 mixed mode linux-amd64 compressed oops)
# Failed to write core dump. Core dumps have been disabled. To enable core dumping, try "ulimit -c unlimited" before starting Java again
#

---------------  T H R E A D  ---------------

Current thread (0x00007f955806b800):  VMThread [stack: 0x00007f954d86b000,0x00007f954d96c000] [id=6177]

Stack: [0x00007f954d86b000,0x00007f954d96c000],  sp=0x00007f954d96a240,  free space=1020k
Native frames: (J=compiled Java code, j=interpreted, Vv=VM code, C=native code)
V  [libjvm.so+0x9a18da]  VMError::report_and_die()+0x2ea
V  [libjvm.so+0x4975ab]  report_vm_out_of_memory(char const*, int, unsigned long, char const*)+0x9b
V  [libjvm.so+0x81ebae]  os::Linux::commit_memory_impl(char*, unsigned long, bool)+0xfe
V  [libjvm.so+0x81f0f9]  os::pd_commit_memory(char*, unsigned long, unsigned long, bool)+0x29
V  [libjvm.so+0x818e8a]  os::commit_memory(char*, unsigned long, unsigned long, bool)+0x2a
V  [libjvm.so+0x88bfb3]  PSVirtualSpace::expand_by(unsigned long)+0x53
V  [libjvm.so+0x88d388]  PSYoungGen::resize_generation(unsigned long, unsigned long)+0xf8
V  [libjvm.so+0x88c4f2]  PSYoungGen::resize(unsigned long, unsigned long)+0x22
V  [libjvm.so+0x889943]  PSScavenge::invoke_no_policy()+0xfb3
V  [libjvm.so+0x88a0f1]  PSScavenge::invoke()+0x41
V  [libjvm.so+0x840a90]  ParallelScavengeHeap::failed_mem_allocate(unsigned long)+0x70
V  [libjvm.so+0x9a3167]  VM_ParallelGCFailedAllocation::doit()+0x97
V  [libjvm.so+0x9aa605]  VM_Operation::evaluate()+0x55
V  [libjvm.so+0x9a89ca]  VMThread::evaluate_operation(VM_Operation*)+0xba
V  [libjvm.so+0x9a8d4e]  VMThread::loop()+0x1ce
V  [libjvm.so+0x9a91c0]  VMThread::run()+0x70
V  [libjvm.so+0x820b88]  java_start(Thread*)+0x108

VM_Operation (0x00007f955f6da4e0): ParallelGCFailedAllocation, mode: safepoint, requested by thread 0x00007f955800b800


---------------  P R O C E S S  ---------------

Java Threads: ( => current thread )
  0x00007f955809a000 JavaThread "Service Thread" daemon [_thread_blocked, id=6183, stack(0x00007f954cb83000,0x00007f954cc84000)]
  0x00007f9558097800 JavaThread "C2 CompilerThread1" daemon [_thread_blocked, id=6182, stack(0x00007f954cc84000,0x00007f954cd85000)]
  0x00007f9558094800 JavaThread "C2 CompilerThread0" daemon [_thread_blocked, id=6181, stack(0x00007f954cd85000,0x00007f954ce86000)]
  0x00007f9558092800 JavaThread "Signal Dispatcher" daemon [_thread_blocked, id=6180, stack(0x00007f954ce86000,0x00007f954cf87000)]
  0x00007f9558072000 JavaThread "Finalizer" daemon [_thread_blocked, id=6179, stack(0x00007f954d669000,0x00007f954d76a000)]
  0x00007f9558070000 JavaThread "Reference Handler" daemon [_thread_blocked, id=6178, stack(0x00007f954d76a000,0x00007f954d86b000)]
  0x00007f955800b800 JavaThread "main" [_thread_blocked, id=6172, stack(0x00007f955f5db000,0x00007f955f6dc000)]

Other Threads:
=>0x00007f955806b800 VMThread [stack: 0x00007f954d86b000,0x00007f954d96c000] [id=6177]
  0x00007f95580a5000 WatcherThread [stack: 0x00007f954ca82000,0x00007f954cb83000] [id=6184]

VM state:at safepoint (normal execution)

VM Mutex/Monitor currently owned by a thread:  ([mutex/lock_event])
[0x00007f9558007ee0] Threads_lock - owner thread: 0x00007f955806b800
[0x00007f95580083e0] Heap_lock - owner thread: 0x00007f955800b800

Heap
 PSYoungGen      total 135168K, used 4311K [0x00000000eaa80000, 0x00000000f3d80000, 0x0000000100000000)
  eden space 121344K, 0% used [0x00000000eaa80000,0x00000000eaa80000,0x00000000f2100000)
  from space 13824K, 31% used [0x00000000f2100000,0x00000000f2535e70,0x00000000f2e80000)
  to   space 12288K, 0% used [0x00000000f2e80000,0x00000000f2e80000,0x00000000f3a80000)
 ParOldGen       total 41472K, used 31599K [0x00000000c0000000, 0x00000000c2880000, 0x00000000eaa80000)
  object space 41472K, 76% used [0x00000000c0000000,0x00000000c1edbc50,0x00000000c2880000)
 PSPermGen       total 21504K, used 7242K [0x00000000bae00000, 0x00000000bc300000, 0x00000000c0000000)
  object space 21504K, 33% used [0x00000000bae00000,0x00000000bb512850,0x00000000bc300000)

Card table byte_map: [0x00007f955c699000,0x00007f955c8c3000] byte_map_base: 0x00007f955c0c2000

Polling page: 0x00007f955f6f6000

Code Cache  [0x00007f9555000000, 0x00007f9555280000, 0x00007f9558000000)
 total_blobs=1093 nmethods=841 adapters=205 free_code_cache=46688Kb largest_free_block=47772736

Compilation events (10 events):
Event: 8.549 Thread 0x00007f9558094800  862             com.android.dx.io.instructions.FiveRegisterDecodedInstruction::getRegisterCount (2 bytes)
Event: 8.550 Thread 0x00007f9558094800 nmethod 862 0x00007f95552707d0 code [0x00007f9555270900, 0x00007f9555270958]
Event: 8.550 Thread 0x00007f9558094800  863             com.android.dx.io.instructions.FiveRegisterDecodedInstruction::getA (5 bytes)
Event: 8.550 Thread 0x00007f9558094800 nmethod 863 0x00007f95552705d0 code [0x00007f9555270700, 0x00007f9555270758]
Event: 8.550 Thread 0x00007f9558094800  864             com.android.dx.io.instructions.FiveRegisterDecodedInstruction::getB (5 bytes)
Event: 8.550 Thread 0x00007f9558094800 nmethod 864 0x00007f95552703d0 code [0x00007f9555270500, 0x00007f9555270558]
Event: 8.550 Thread 0x00007f9558094800  865             com.android.dx.io.instructions.FiveRegisterDecodedInstruction::getC (5 bytes)
Event: 8.551 Thread 0x00007f9558094800 nmethod 865 0x00007f95552701d0 code [0x00007f9555270300, 0x00007f9555270358]
Event: 8.551 Thread 0x00007f9558094800  866             com.android.dx.io.instructions.FiveRegisterDecodedInstruction::getD (5 bytes)
Event: 8.551 Thread 0x00007f9558094800 nmethod 866 0x00007f955526ffd0 code [0x00007f9555270100, 0x00007f9555270158]

GC Heap History (10 events):
Event: 4.380 GC heap after
Heap after GC invocations=4 (full 0):
 PSYoungGen      total 34304K, used 2552K [0x00000000eaa80000, 0x00000000ece80000, 0x0000000100000000)
  eden space 31744K, 0% used [0x00000000eaa80000,0x00000000eaa80000,0x00000000ec980000)
  from space 2560K, 99% used [0x00000000ecc00000,0x00000000ece7e2f8,0x00000000ece80000)
  to   space 2560K, 0% used [0x00000000ec980000,0x00000000ec980000,0x00000000ecc00000)
 ParOldGen       total 41472K, used 12698K [0x00000000c0000000, 0x00000000c2880000, 0x00000000eaa80000)
  object space 41472K, 30% used [0x00000000c0000000,0x00000000c0c668c8,0x00000000c2880000)
 PSPermGen       total 21504K, used 5483K [0x00000000bae00000, 0x00000000bc300000, 0x00000000c0000000)
  object space 21504K, 25% used [0x00000000bae00000,0x00000000bb35aed8,0x00000000bc300000)
}
Event: 6.151 GC heap before
{Heap before GC invocations=5 (full 0):
 PSYoungGen      total 34304K, used 34002K [0x00000000eaa80000, 0x00000000ece80000, 0x0000000100000000)
  eden space 31744K, 99% used [0x00000000eaa80000,0x00000000ec936858,0x00000000ec980000)
  from space 2560K, 99% used [0x00000000ecc00000,0x00000000ece7e2f8,0x00000000ece80000)
  to   space 2560K, 0% used [0x00000000ec980000,0x00000000ec980000,0x00000000ecc00000)
 ParOldGen       total 41472K, used 12698K [0x00000000c0000000, 0x00000000c2880000, 0x00000000eaa80000)
  object space 41472K, 30% used [0x00000000c0000000,0x00000000c0c668c8,0x00000000c2880000)
 PSPermGen       total 21504K, used 7067K [0x00000000bae00000, 0x00000000bc300000, 0x00000000c0000000)
  object space 21504K, 32% used [0x00000000bae00000,0x00000000bb4e6e70,0x00000000bc300000)
Event: 6.168 GC heap after
Heap after GC invocations=5 (full 0):
 PSYoungGen      total 34304K, used 2549K [0x00000000eaa80000, 0x00000000efb80000, 0x0000000100000000)
  eden space 31744K, 0% used [0x00000000eaa80000,0x00000000eaa80000,0x00000000ec980000)
  from space 2560K, 99% used [0x00000000ec980000,0x00000000ecbfd578,0x00000000ecc00000)
  to   space 9728K, 0% used [0x00000000ef200000,0x00000000ef200000,0x00000000efb80000)
 ParOldGen       total 41472K, used 19035K [0x00000000c0000000, 0x00000000c2880000, 0x00000000eaa80000)
  object space 41472K, 45% used [0x00000000c0000000,0x00000000c1296d48,0x00000000c2880000)
 PSPermGen       total 21504K, used 7067K [0x00000000bae00000, 0x00000000bc300000, 0x00000000c0000000)
  object space 21504K, 32% used [0x00000000bae00000,0x00000000bb4e6e70,0x00000000bc300000)
}
Event: 6.558 GC heap before
{Heap before GC invocations=6 (full 0):
 PSYoungGen      total 34304K, used 34293K [0x00000000eaa80000, 0x00000000efb80000, 0x0000000100000000)
  eden space 31744K, 100% used [0x00000000eaa80000,0x00000000ec980000,0x00000000ec980000)
  from space 2560K, 99% used [0x00000000ec980000,0x00000000ecbfd578,0x00000000ecc00000)
  to   space 9728K, 0% used [0x00000000ef200000,0x00000000ef200000,0x00000000efb80000)
 ParOldGen       total 41472K, used 19035K [0x00000000c0000000, 0x00000000c2880000, 0x00000000eaa80000)
  object space 41472K, 45% used [0x00000000c0000000,0x00000000c1296d48,0x00000000c2880000)
 PSPermGen       total 21504K, used 7115K [0x00000000bae00000, 0x00000000bc300000, 0x00000000c0000000)
  object space 21504K, 33% used [0x00000000bae00000,0x00000000bb4f2de0,0x00000000bc300000)
Event: 6.575 GC heap after
Heap after GC invocations=6 (full 0):
 PSYoungGen      total 71168K, used 9720K [0x00000000eaa80000, 0x00000000eff80000, 0x0000000100000000)
  eden space 61440K, 0% used [0x00000000eaa80000,0x00000000eaa80000,0x00000000ee680000)
  from space 9728K, 99% used [0x00000000ef200000,0x00000000efb7e2d8,0x00000000efb80000)
  to   space 11776K, 0% used [0x00000000ee680000,0x00000000ee680000,0x00000000ef200000)
 ParOldGen       total 41472K, used 20058K [0x00000000c0000000, 0x00000000c2880000, 0x00000000eaa80000)
  object space 41472K, 48% used [0x00000000c0000000,0x00000000c1396888,0x00000000c2880000)
 PSPermGen       total 21504K, used 7115K [0x00000000bae00000, 0x00000000bc300000, 0x00000000c0000000)
  object space 21504K, 33% used [0x00000000bae00000,0x00000000bb4f2de0,0x00000000bc300000)
}
Event: 7.345 GC heap before
{Heap before GC invocations=7 (full 0):
 PSYoungGen      total 71168K, used 71160K [0x00000000eaa80000, 0x00000000eff80000, 0x0000000100000000)
  eden space 61440K, 100% used [0x00000000eaa80000,0x00000000ee680000,0x00000000ee680000)
  from space 9728K, 99% used [0x00000000ef200000,0x00000000efb7e2d8,0x00000000efb80000)
  to   space 11776K, 0% used [0x00000000ee680000,0x00000000ee680000,0x00000000ef200000)
 ParOldGen       total 41472K, used 20058K [0x00000000c0000000, 0x00000000c2880000, 0x00000000eaa80000)
  object space 41472K, 48% used [0x00000000c0000000,0x00000000c1396888,0x00000000c2880000)
 PSPermGen       total 21504K, used 7221K [0x00000000bae00000, 0x00000000bc300000, 0x00000000c0000000)
  object space 21504K, 33% used [0x00000000bae00000,0x00000000bb50d678,0x00000000bc300000)
Event: 7.788 GC heap after
Heap after GC invocations=7 (full 0):
 PSYoungGen      total 73216K, used 10157K [0x00000000eaa80000, 0x00000000f3a80000, 0x0000000100000000)
  eden space 61440K, 0% used [0x00000000eaa80000,0x00000000eaa80000,0x00000000ee680000)
  from space 11776K, 86% used [0x00000000ee680000,0x00000000ef06b7d8,0x00000000ef200000)
  to   space 12288K, 0% used [0x00000000f2e80000,0x00000000f2e80000,0x00000000f3a80000)
 ParOldGen       total 41472K, used 23642K [0x00000000c0000000, 0x00000000c2880000, 0x00000000eaa80000)
  object space 41472K, 57% used [0x00000000c0000000,0x00000000c1716bb0,0x00000000c2880000)
 PSPermGen       total 21504K, used 7221K [0x00000000bae00000, 0x00000000bc300000, 0x00000000c0000000)
  object space 21504K, 33% used [0x00000000bae00000,0x00000000bb50d678,0x00000000bc300000)
}
Event: 8.122 GC heap before
{Heap before GC invocations=8 (full 0):
 PSYoungGen      total 73216K, used 71597K [0x00000000eaa80000, 0x00000000f3a80000, 0x0000000100000000)
  eden space 61440K, 100% used [0x00000000eaa80000,0x00000000ee680000,0x00000000ee680000)
  from space 11776K, 86% used [0x00000000ee680000,0x00000000ef06b7d8,0x00000000ef200000)
  to   space 12288K, 0% used [0x00000000f2e80000,0x00000000f2e80000,0x00000000f3a80000)
 ParOldGen       total 41472K, used 23642K [0x00000000c0000000, 0x00000000c2880000, 0x00000000eaa80000)
  object space 41472K, 57% used [0x00000000c0000000,0x00000000c1716bb0,0x00000000c2880000)
 PSPermGen       total 21504K, used 7235K [0x00000000bae00000, 0x00000000bc300000, 0x00000000c0000000)
  object space 21504K, 33% used [0x00000000bae00000,0x00000000bb510c00,0x00000000bc300000)
Event: 8.147 GC heap after
Heap after GC invocations=8 (full 0):
 PSYoungGen      total 133632K, used 11263K [0x00000000eaa80000, 0x00000000f3d80000, 0x0000000100000000)
  eden space 121344K, 0% used [0x00000000eaa80000,0x00000000eaa80000,0x00000000f2100000)
  from space 12288K, 91% used [0x00000000f2e80000,0x00000000f397fd58,0x00000000f3a80000)
  to   space 13824K, 0% used [0x00000000f2100000,0x00000000f2100000,0x00000000f2e80000)
 ParOldGen       total 41472K, used 24049K [0x00000000c0000000, 0x00000000c2880000, 0x00000000eaa80000)
  object space 41472K, 57% used [0x00000000c0000000,0x00000000c177c610,0x00000000c2880000)
 PSPermGen       total 21504K, used 7235K [0x00000000bae00000, 0x00000000bc300000, 0x00000000c0000000)
  object space 21504K, 33% used [0x00000000bae00000,0x00000000bb510c00,0x00000000bc300000)
}
Event: 12.801 GC heap before
{Heap before GC invocations=9 (full 0):
 PSYoungGen      total 133632K, used 131632K [0x00000000eaa80000, 0x00000000f3d80000, 0x0000000100000000)
  eden space 121344K, 99% used [0x00000000eaa80000,0x00000000f200c5b0,0x00000000f2100000)
  from space 12288K, 91% used [0x00000000f2e80000,0x00000000f397fd58,0x00000000f3a80000)
  to   space 13824K, 0% used [0x00000000f2100000,0x00000000f2100000,0x00000000f2e80000)
 ParOldGen       total 41472K, used 24049K [0x00000000c0000000, 0x00000000c2880000, 0x00000000eaa80000)
  object space 41472K, 57% used [0x00000000c0000000,0x00000000c177c610,0x00000000c2880000)
 PSPermGen       total 21504K, used 7242K [0x00000000bae00000, 0x00000000bc300000, 0x00000000c0000000)
  object space 21504K, 33% used [0x00000000bae00000,0x00000000bb512850,0x00000000bc300000)

Deoptimization events (10 events):
Event: 6.864 Thread 0x00007f955800b800 Uncommon trap: reason=array_check action=maybe_recompile pc=0x00007f9555200600 method=java.util.ComparableTimSort.binarySort([Ljava/lang/Object;III)V @ 193
Event: 7.014 Thread 0x00007f955800b800 Uncommon trap: reason=predicate action=maybe_recompile pc=0x00007f955520f758 method=java.util.TimSort.binarySort([Ljava/lang/Object;IIILjava/util/Comparator;)V @ 37
Event: 7.328 Thread 0x00007f955800b800 Uncommon trap: reason=array_check action=maybe_recompile pc=0x00007f955522ea3c method=java.util.TimSort.binarySort([Ljava/lang/Object;IIILjava/util/Comparator;)V @ 193
Event: 7.328 Thread 0x00007f955800b800 Uncommon trap: reason=array_check action=maybe_recompile pc=0x00007f955522ea3c method=java.util.TimSort.binarySort([Ljava/lang/Object;IIILjava/util/Comparator;)V @ 193
Event: 7.328 Thread 0x00007f955800b800 Uncommon trap: reason=array_check action=maybe_recompile pc=0x00007f955522ea3c method=java.util.TimSort.binarySort([Ljava/lang/Object;IIILjava/util/Comparator;)V @ 193
Event: 7.328 Thread 0x00007f955800b800 Uncommon trap: reason=array_check action=maybe_recompile pc=0x00007f955522e94c method=java.util.TimSort.binarySort([Ljava/lang/Object;IIILjava/util/Comparator;)V @ 215
Event: 7.328 Thread 0x00007f955800b800 Uncommon trap: reason=array_check action=maybe_recompile pc=0x00007f955522e94c method=java.util.TimSort.binarySort([Ljava/lang/Object;IIILjava/util/Comparator;)V @ 215
Event: 7.881 Thread 0x00007f955800b800 Uncommon trap: reason=array_check action=maybe_recompile pc=0x00007f955522d3dc method=java.util.ComparableTimSort.binarySort([Ljava/lang/Object;III)V @ 183
Event: 7.912 Thread 0x00007f955800b800 Uncommon trap: reason=array_check action=maybe_recompile pc=0x00007f9555188e84 method=java.util.TimSort.binarySort([Ljava/lang/Object;IIILjava/util/Comparator;)V @ 183
Event: 8.112 Thread 0x00007f955800b800 Uncommon trap: reason=array_check action=maybe_recompile pc=0x00007f955522d3dc method=java.util.ComparableTimSort.binarySort([Ljava/lang/Object;III)V @ 183

Internal exceptions (10 events):
Event: 5.571 Thread 0x00007f955800b800 Threw 0x00000000eb8a3168 at /HUDSON/workspace/7u-2-build-linux-amd64/jdk7u75/1940/hotspot/src/share/vm/prims/jvm.cpp:1281
Event: 5.571 Thread 0x00007f955800b800 Threw 0x00000000eb8a6078 at /HUDSON/workspace/7u-2-build-linux-amd64/jdk7u75/1940/hotspot/src/share/vm/prims/jvm.cpp:1281
Event: 5.572 Thread 0x00007f955800b800 Threw 0x00000000eb8a9348 at /HUDSON/workspace/7u-2-build-linux-amd64/jdk7u75/1940/hotspot/src/share/vm/prims/jvm.cpp:1281
Event: 5.575 Thread 0x00007f955800b800 Threw 0x00000000eb8f0670 at /HUDSON/workspace/7u-2-build-linux-amd64/jdk7u75/1940/hotspot/src/share/vm/prims/jvm.cpp:1281
Event: 5.575 Thread 0x00007f955800b800 Threw 0x00000000eb8f2698 at /HUDSON/workspace/7u-2-build-linux-amd64/jdk7u75/1940/hotspot/src/share/vm/prims/jvm.cpp:1281
Event: 5.735 Thread 0x00007f955800b800 Threw 0x00000000eb9fdbd0 at /HUDSON/workspace/7u-2-build-linux-amd64/jdk7u75/1940/hotspot/src/share/vm/prims/jvm.cpp:1281
Event: 5.735 Thread 0x00007f955800b800 Threw 0x00000000eb9fdcf8 at /HUDSON/workspace/7u-2-build-linux-amd64/jdk7u75/1940/hotspot/src/share/vm/prims/jvm.cpp:1281
Event: 5.736 Thread 0x00007f955800b800 Threw 0x00000000eba000c0 at /HUDSON/workspace/7u-2-build-linux-amd64/jdk7u75/1940/hotspot/src/share/vm/prims/jvm.cpp:1281
Event: 5.736 Thread 0x00007f955800b800 Threw 0x00000000eba001e8 at /HUDSON/workspace/7u-2-build-linux-amd64/jdk7u75/1940/hotspot/src/share/vm/prims/jvm.cpp:1281
Event: 6.289 Thread 0x00007f955800b800 Threw 0x00000000eb21afb0 at /HUDSON/workspace/7u-2-build-linux-amd64/jdk7u75/1940/hotspot/src/share/vm/prims/jvm.cpp:1281

Events (10 events):
Event: 7.912 Thread 0x00007f955800b800 DEOPT UNPACKING pc=0x00007f9555039445 sp=0x00007f955f6da458 mode 2
Event: 8.112 Thread 0x00007f955800b800 Uncommon trap: trap_request=0xffffffd6 fr.pc=0x00007f955522d3dc
Event: 8.112 Thread 0x00007f955800b800 DEOPT PACKING pc=0x00007f955522d3dc sp=0x00007f955f6da410
Event: 8.112 Thread 0x00007f955800b800 DEOPT UNPACKING pc=0x00007f9555039445 sp=0x00007f955f6da3e8 mode 2
Event: 8.122 Executing VM operation: ParallelGCFailedAllocation
Event: 8.147 Executing VM operation: ParallelGCFailedAllocation done
Event: 8.187 Thread 0x00007f9558097800 flushing nmethod 0x00007f95550b8750
Event: 8.201 Thread 0x00007f9558097800 flushing nmethod 0x00007f95551b8cd0
Event: 8.201 Thread 0x00007f9558097800 flushing nmethod 0x00007f95551b9fd0
Event: 12.482 Executing VM operation: ParallelGCFailedAllocation


Dynamic libraries:
00400000-00401000 r-xp 00000000 08:05 1715037                            /usr/local/java/jdk1.7.0_75/bin/java
00600000-00601000 rw-p 00000000 08:05 1715037                            /usr/local/java/jdk1.7.0_75/bin/java
024c9000-024ea000 rw-p 00000000 00:00 0                                  [heap]
bae00000-bc300000 rw-p 00000000 00:00 0 
bc300000-c0000000 rw-p 00000000 00:00 0 
c0000000-c2880000 rw-p 00000000 00:00 0 
c2880000-eaa80000 rw-p 00000000 00:00 0 
eaa80000-f3d80000 rw-p 00000000 00:00 0 
f8380000-100000000 rw-p 00000000 00:00 0 
7f9518000000-7f9518021000 rw-p 00000000 00:00 0 
7f9518021000-7f951c000000 ---p 00000000 00:00 0 
7f9520000000-7f9520d47000 rw-p 00000000 00:00 0 
7f9520d47000-7f9524000000 ---p 00000000 00:00 0 
7f9524000000-7f9524021000 rw-p 00000000 00:00 0 
7f9524021000-7f9528000000 ---p 00000000 00:00 0 
7f9528000000-7f9528021000 rw-p 00000000 00:00 0 
7f9528021000-7f952c000000 ---p 00000000 00:00 0 
7f952c000000-7f952cd8a000 rw-p 00000000 00:00 0 
7f952cd8a000-7f9530000000 ---p 00000000 00:00 0 
7f9530000000-7f9530021000 rw-p 00000000 00:00 0 
7f9530021000-7f9534000000 ---p 00000000 00:00 0 
7f9534000000-7f9534021000 rw-p 00000000 00:00 0 
7f9534021000-7f9538000000 ---p 00000000 00:00 0 
7f9538000000-7f9538021000 rw-p 00000000 00:00 0 
7f9538021000-7f953c000000 ---p 00000000 00:00 0 
7f953c000000-7f953c0e4000 rw-p 00000000 00:00 0 
7f953c0e4000-7f9540000000 ---p 00000000 00:00 0 
7f9540000000-7f9540021000 rw-p 00000000 00:00 0 
7f9540021000-7f9544000000 ---p 00000000 00:00 0 
7f9548000000-7f9548021000 rw-p 00000000 00:00 0 
7f9548021000-7f954c000000 ---p 00000000 00:00 0 
7f954c4ed000-7f954c65a000 rw-p 00000000 00:00 0 
7f954c65a000-7f954c670000 r-xp 00000000 08:05 1318659                    /usr/local/java/jdk1.7.0_75/jre/lib/amd64/libnet.so
7f954c670000-7f954c870000 ---p 00016000 08:05 1318659                    /usr/local/java/jdk1.7.0_75/jre/lib/amd64/libnet.so
7f954c870000-7f954c871000 rw-p 00016000 08:05 1318659                    /usr/local/java/jdk1.7.0_75/jre/lib/amd64/libnet.so
7f954c871000-7f954c881000 r-xp 00000000 08:05 1318625                    /usr/local/java/jdk1.7.0_75/jre/lib/amd64/libnio.so
7f954c881000-7f954ca81000 ---p 00010000 08:05 1318625                    /usr/local/java/jdk1.7.0_75/jre/lib/amd64/libnio.so
7f954ca81000-7f954ca82000 rw-p 00010000 08:05 1318625                    /usr/local/java/jdk1.7.0_75/jre/lib/amd64/libnio.so
7f954ca82000-7f954ca83000 ---p 00000000 00:00 0 
7f954ca83000-7f954cb83000 rw-p 00000000 00:00 0                          [stack:6184]
7f954cb83000-7f954cb86000 ---p 00000000 00:00 0 
7f954cb86000-7f954cc84000 rw-p 00000000 00:00 0                          [stack:6183]
7f954cc84000-7f954cc87000 ---p 00000000 00:00 0 
7f954cc87000-7f954cd85000 rw-p 00000000 00:00 0                          [stack:6182]
7f954cd85000-7f954cd88000 ---p 00000000 00:00 0 
7f954cd88000-7f954ce86000 rw-p 00000000 00:00 0                          [stack:6181]
7f954ce86000-7f954ce89000 ---p 00000000 00:00 0 
7f954ce89000-7f954cf87000 rw-p 00000000 00:00 0                          [stack:6180]
7f954cf87000-7f954d669000 r--p 00000000 08:05 1186696                    /usr/lib/locale/locale-archive
7f954d669000-7f954d66c000 ---p 00000000 00:00 0 
7f954d66c000-7f954d76a000 rw-p 00000000 00:00 0                          [stack:6179]
7f954d76a000-7f954d76d000 ---p 00000000 00:00 0 
7f954d76d000-7f954d86b000 rw-p 00000000 00:00 0                          [stack:6178]
7f954d86b000-7f954d86c000 ---p 00000000 00:00 0 
7f954d86c000-7f9550000000 rw-p 00000000 00:00 0                          [stack:6177]
7f9550000000-7f9550021000 rw-p 00000000 00:00 0 
7f9550021000-7f9554000000 ---p 00000000 00:00 0 
7f955401d000-7f9554c18000 rw-p 00000000 00:00 0 
7f9554c18000-7f9554dd7000 r--s 039eb000 08:05 1319093                    /usr/local/java/jdk1.7.0_75/jre/lib/rt.jar
7f9554dd7000-7f9555000000 rw-p 00000000 00:00 0 
7f9555000000-7f9555280000 rwxp 00000000 00:00 0 
7f9555280000-7f9558228000 rw-p 00000000 00:00 0 
7f9558228000-7f955c000000 ---p 00000000 00:00 0 
7f955c00e000-7f955c01d000 r--s 000dd000 08:05 4726194                    /home/rc/Android/Sdk/build-tools/22.0.1/lib/dx.jar
7f955c01d000-7f955c116000 rw-p 00000000 00:00 0 
7f955c116000-7f955c117000 ---p 00000000 00:00 0 
7f955c117000-7f955c217000 rw-p 00000000 00:00 0                          [stack:6176]
7f955c217000-7f955c218000 ---p 00000000 00:00 0 
7f955c218000-7f955c318000 rw-p 00000000 00:00 0                          [stack:6175]
7f955c318000-7f955c319000 ---p 00000000 00:00 0 
7f955c319000-7f955c419000 rw-p 00000000 00:00 0                          [stack:6174]
7f955c419000-7f955c41a000 ---p 00000000 00:00 0 
7f955c41a000-7f955c525000 rw-p 00000000 00:00 0                          [stack:6173]
7f955c525000-7f955c543000 rw-p 00000000 00:00 0 
7f955c543000-7f955c558000 rw-p 00000000 00:00 0 
7f955c558000-7f955c699000 rw-p 00000000 00:00 0 
7f955c699000-7f955c6a4000 rw-p 00000000 00:00 0 
7f955c6a4000-7f955c6c2000 rw-p 00000000 00:00 0 
7f955c6c2000-7f955c6d7000 rw-p 00000000 00:00 0 
7f955c6d7000-7f955c817000 rw-p 00000000 00:00 0 
7f955c817000-7f955c861000 rw-p 00000000 00:00 0 
7f955c861000-7f955c8c2000 rw-p 00000000 00:00 0 
7f955c8c2000-7f955c8c3000 rw-p 00000000 00:00 0 
7f955c8c3000-7f955c8dd000 r-xp 00000000 08:05 1318654                    /usr/local/java/jdk1.7.0_75/jre/lib/amd64/libzip.so
7f955c8dd000-7f955cadd000 ---p 0001a000 08:05 1318654                    /usr/local/java/jdk1.7.0_75/jre/lib/amd64/libzip.so
7f955cadd000-7f955cade000 rw-p 0001a000 08:05 1318654                    /usr/local/java/jdk1.7.0_75/jre/lib/amd64/libzip.so
7f955cade000-7f955cae9000 r-xp 00000000 08:05 11010875                   /lib/x86_64-linux-gnu/libnss_files-2.19.so
7f955cae9000-7f955cce8000 ---p 0000b000 08:05 11010875                   /lib/x86_64-linux-gnu/libnss_files-2.19.so
7f955cce8000-7f955cce9000 r--p 0000a000 08:05 11010875                   /lib/x86_64-linux-gnu/libnss_files-2.19.so
7f955cce9000-7f955ccea000 rw-p 0000b000 08:05 11010875                   /lib/x86_64-linux-gnu/libnss_files-2.19.so
7f955ccea000-7f955ccf5000 r-xp 00000000 08:05 11010895                   /lib/x86_64-linux-gnu/libnss_nis-2.19.so
7f955ccf5000-7f955cef4000 ---p 0000b000 08:05 11010895                   /lib/x86_64-linux-gnu/libnss_nis-2.19.so
7f955cef4000-7f955cef5000 r--p 0000a000 08:05 11010895                   /lib/x86_64-linux-gnu/libnss_nis-2.19.so
7f955cef5000-7f955cef6000 rw-p 0000b000 08:05 11010895                   /lib/x86_64-linux-gnu/libnss_nis-2.19.so
7f955cef6000-7f955cf0d000 r-xp 00000000 08:05 11010884                   /lib/x86_64-linux-gnu/libnsl-2.19.so
7f955cf0d000-7f955d10c000 ---p 00017000 08:05 11010884                   /lib/x86_64-linux-gnu/libnsl-2.19.so
7f955d10c000-7f955d10d000 r--p 00016000 08:05 11010884                   /lib/x86_64-linux-gnu/libnsl-2.19.so
7f955d10d000-7f955d10e000 rw-p 00017000 08:05 11010884                   /lib/x86_64-linux-gnu/libnsl-2.19.so
7f955d10e000-7f955d110000 rw-p 00000000 00:00 0 
7f955d110000-7f955d119000 r-xp 00000000 08:05 11010883                   /lib/x86_64-linux-gnu/libnss_compat-2.19.so
7f955d119000-7f955d318000 ---p 00009000 08:05 11010883                   /lib/x86_64-linux-gnu/libnss_compat-2.19.so
7f955d318000-7f955d319000 r--p 00008000 08:05 11010883                   /lib/x86_64-linux-gnu/libnss_compat-2.19.so
7f955d319000-7f955d31a000 rw-p 00009000 08:05 11010883                   /lib/x86_64-linux-gnu/libnss_compat-2.19.so
7f955d31a000-7f955d343000 r-xp 00000000 08:05 1318620                    /usr/local/java/jdk1.7.0_75/jre/lib/amd64/libjava.so
7f955d343000-7f955d543000 ---p 00029000 08:05 1318620                    /usr/local/java/jdk1.7.0_75/jre/lib/amd64/libjava.so
7f955d543000-7f955d545000 rw-p 00029000 08:05 1318620                    /usr/local/java/jdk1.7.0_75/jre/lib/amd64/libjava.so
7f955d545000-7f955d552000 r-xp 00000000 08:05 1318647                    /usr/local/java/jdk1.7.0_75/jre/lib/amd64/libverify.so
7f955d552000-7f955d751000 ---p 0000d000 08:05 1318647                    /usr/local/java/jdk1.7.0_75/jre/lib/amd64/libverify.so
7f955d751000-7f955d753000 rw-p 0000c000 08:05 1318647                    /usr/local/java/jdk1.7.0_75/jre/lib/amd64/libverify.so
7f955d753000-7f955d75a000 r-xp 00000000 08:05 11010892                   /lib/x86_64-linux-gnu/librt-2.19.so
7f955d75a000-7f955d959000 ---p 00007000 08:05 11010892                   /lib/x86_64-linux-gnu/librt-2.19.so
7f955d959000-7f955d95a000 r--p 00006000 08:05 11010892                   /lib/x86_64-linux-gnu/librt-2.19.so
7f955d95a000-7f955d95b000 rw-p 00007000 08:05 11010892                   /lib/x86_64-linux-gnu/librt-2.19.so
7f955d95b000-7f955da60000 r-xp 00000000 08:05 11010874                   /lib/x86_64-linux-gnu/libm-2.19.so
7f955da60000-7f955dc5f000 ---p 00105000 08:05 11010874                   /lib/x86_64-linux-gnu/libm-2.19.so
7f955dc5f000-7f955dc60000 r--p 00104000 08:05 11010874                   /lib/x86_64-linux-gnu/libm-2.19.so
7f955dc60000-7f955dc61000 rw-p 00105000 08:05 11010874                   /lib/x86_64-linux-gnu/libm-2.19.so
7f955dc61000-7f955e7d4000 r-xp 00000000 08:05 1318674                    /usr/local/java/jdk1.7.0_75/jre/lib/amd64/server/libjvm.so
7f955e7d4000-7f955e9d4000 ---p 00b73000 08:05 1318674                    /usr/local/java/jdk1.7.0_75/jre/lib/amd64/server/libjvm.so
7f955e9d4000-7f955ea98000 rw-p 00b73000 08:05 1318674                    /usr/local/java/jdk1.7.0_75/jre/lib/amd64/server/libjvm.so
7f955ea98000-7f955ead9000 rw-p 00000000 00:00 0 
7f955ead9000-7f955ec94000 r-xp 00000000 08:05 11010889                   /lib/x86_64-linux-gnu/libc-2.19.so
7f955ec94000-7f955ee93000 ---p 001bb000 08:05 11010889                   /lib/x86_64-linux-gnu/libc-2.19.so
7f955ee93000-7f955ee97000 r--p 001ba000 08:05 11010889                   /lib/x86_64-linux-gnu/libc-2.19.so
7f955ee97000-7f955ee99000 rw-p 001be000 08:05 11010889                   /lib/x86_64-linux-gnu/libc-2.19.so
7f955ee99000-7f955ee9e000 rw-p 00000000 00:00 0 
7f955ee9e000-7f955eea1000 r-xp 00000000 08:05 11010878                   /lib/x86_64-linux-gnu/libdl-2.19.so
7f955eea1000-7f955f0a0000 ---p 00003000 08:05 11010878                   /lib/x86_64-linux-gnu/libdl-2.19.so
7f955f0a0000-7f955f0a1000 r--p 00002000 08:05 11010878                   /lib/x86_64-linux-gnu/libdl-2.19.so
7f955f0a1000-7f955f0a2000 rw-p 00003000 08:05 11010878                   /lib/x86_64-linux-gnu/libdl-2.19.so
7f955f0a2000-7f955f0b8000 r-xp 00000000 08:05 1579429                    /usr/local/java/jdk1.7.0_75/lib/amd64/jli/libjli.so
7f955f0b8000-7f955f2b8000 ---p 00016000 08:05 1579429                    /usr/local/java/jdk1.7.0_75/lib/amd64/jli/libjli.so
7f955f2b8000-7f955f2b9000 rw-p 00016000 08:05 1579429                    /usr/local/java/jdk1.7.0_75/lib/amd64/jli/libjli.so
7f955f2b9000-7f955f2d2000 r-xp 00000000 08:05 11010890                   /lib/x86_64-linux-gnu/libpthread-2.19.so
7f955f2d2000-7f955f4d1000 ---p 00019000 08:05 11010890                   /lib/x86_64-linux-gnu/libpthread-2.19.so
7f955f4d1000-7f955f4d2000 r--p 00018000 08:05 11010890                   /lib/x86_64-linux-gnu/libpthread-2.19.so
7f955f4d2000-7f955f4d3000 rw-p 00019000 08:05 11010890                   /lib/x86_64-linux-gnu/libpthread-2.19.so
7f955f4d3000-7f955f4d7000 rw-p 00000000 00:00 0 
7f955f4d7000-7f955f4fa000 r-xp 00000000 08:05 11010886                   /lib/x86_64-linux-gnu/ld-2.19.so
7f955f505000-7f955f525000 rw-p 00000000 00:00 0 
7f955f525000-7f955f5db000 rw-p 00000000 00:00 0 
7f955f5db000-7f955f5de000 ---p 00000000 00:00 0 
7f955f5de000-7f955f6e0000 rw-p 00000000 00:00 0                          [stack:6172]
7f955f6e8000-7f955f6e9000 rw-p 00000000 00:00 0 
7f955f6e9000-7f955f6ed000 r--s 0008b000 08:05 1319088                    /usr/local/java/jdk1.7.0_75/jre/lib/jsse.jar
7f955f6ed000-7f955f6f5000 rw-s 00000000 08:05 9699786                    /tmp/hsperfdata_rc/6166
7f955f6f5000-7f955f6f6000 rw-p 00000000 00:00 0 
7f955f6f6000-7f955f6f7000 ---p 00000000 00:00 0 
7f955f6f7000-7f955f6f9000 rw-p 00000000 00:00 0 
7f955f6f9000-7f955f6fa000 r--p 00022000 08:05 11010886                   /lib/x86_64-linux-gnu/ld-2.19.so
7f955f6fa000-7f955f6fb000 rw-p 00023000 08:05 11010886                   /lib/x86_64-linux-gnu/ld-2.19.so
7f955f6fb000-7f955f6fc000 rw-p 00000000 00:00 0 
7fff5f2aa000-7fff5f2cc000 rw-p 00000000 00:00 0                          [stack]
7fff5f3d0000-7fff5f3d2000 r-xp 00000000 00:00 0                          [vdso]
ffffffffff600000-ffffffffff601000 r-xp 00000000 00:00 0                  [vsyscall]

VM Arguments:
jvm_args: -Xmx1024M -Dfile.encoding=UTF-8 -Duser.country=IN -Duser.language=en -Duser.variant 
java_command: com.android.dx.command.Main --dex --output /home/rc/AndroidStudioProjects/CampusBuddy/app/build/intermediates/dex/debug /home/rc/AndroidStudioProjects/CampusBuddy/app/build/intermediates/classes/debug /home/rc/AndroidStudioProjects/CampusBuddy/app/build/intermediates/pre-dexed/debug/classes-62ea3703263aaa97ddfdf0c367668e1141a7d35d.jar /home/rc/AndroidStudioProjects/CampusBuddy/app/build/intermediates/pre-dexed/debug/support-annotations-22.1.1-8bf1398ffa031568a73d8b15f0f628c909958f55.jar /home/rc/AndroidStudioProjects/CampusBuddy/app/build/intermediates/pre-dexed/debug/classes-ad76a3e756d04f2e97af12e6cd51c7ca2a3fa1b6.jar /home/rc/AndroidStudioProjects/CampusBuddy/app/build/intermediates/pre-dexed/debug/classes-8d67e47ef7b51b51545918d0649cae451c70c25f.jar /home/rc/AndroidStudioProjects/CampusBuddy/app/build/intermediates/pre-dexed/debug/classes-96ab323aa96f67aa00111f7ecfee9e6883fe0a2c.jar /home/rc/AndroidStudioProjects/CampusBuddy/app/build/intermediates/pre-dexed/debug/classes-03ffb26b96cce1460b347d69c36e452be55dd044.jar /home/rc/AndroidStudioProjects/CampusBuddy/app/build/intermediates/pre-dexed/debug/classes-a48f95245566239153a4027b42c0fe4632ff3d43.jar /home/rc/AndroidStudioProjects/CampusBuddy/app/build/intermediates/pre-dexed/debug/classes-c88e5e0c97cff5cca90ce04dc4c751484fcbffcc.jar /home/rc/AndroidStudioProjects/CampusBuddy/app/build/intermediates/pre-dexed/debug/classes-803dfcb458d0acab6ddd5094bc4867449afefd94.jar /home/rc/AndroidStudioProjects/CampusBuddy/app/build/intermediates/pre-dexed/debug/classes-7dd1c516344419ae5e389b6b54c86a2ca5e3a075.jar /home/rc/AndroidStudioProjects/CampusBuddy/app/build/intermediates/pre-dexed/debug/classes-ebb6a8d5d7ddbb0dcfd3b0c425d5ece28637ac71.jar /home/rc/AndroidStudioProjects/CampusBuddy/app/build/intermediates/pre-dexed/debug/classes-7ce89a0828373323c08a0185db00b7a88b5243cd.jar /home/rc/AndroidStudioProjects/CampusBuddy/app/build/intermediates/pre-dexed/debug/classes-298381b492f8a3de49cbb5e3715331a97cb1bcbb.
Launcher Type: SUN_STANDARD

Environment Variables:
JAVA_HOME=/usr/local/java/jdk1.7.0_75
PATH=/usr/local/sbin:/usr/local/bin:/usr/sbin:/usr/bin:/sbin:/bin:/usr/games:/usr/local/games:/home/rc/bin:/usr/local/java/jdk1.7.0_75/bin:/home/rc/Android/Sdk/tools:/home/rc/Android/Sdk/platform-tools
SHELL=/bin/bash
DISPLAY=:0

Signal Handlers:
SIGSEGV: [libjvm.so+0x9a21f0], sa_mask[0]=0x7ffbfeff, sa_flags=0x10000004
SIGBUS: [libjvm.so+0x9a21f0], sa_mask[0]=0x7ffbfeff, sa_flags=0x10000004
SIGFPE: [libjvm.so+0x81ba40], sa_mask[0]=0x7ffbfeff, sa_flags=0x10000004
SIGPIPE: [libjvm.so+0x81ba40], sa_mask[0]=0x7ffbfeff, sa_flags=0x10000004
SIGXFSZ: [libjvm.so+0x81ba40], sa_mask[0]=0x7ffbfeff, sa_flags=0x10000004
SIGILL: [libjvm.so+0x81ba40], sa_mask[0]=0x7ffbfeff, sa_flags=0x10000004
SIGUSR1: SIG_DFL, sa_mask[0]=0x00000000, sa_flags=0x00000000
SIGUSR2: [libjvm.so+0x81d240], sa_mask[0]=0x00000004, sa_flags=0x10000004
SIGHUP: [libjvm.so+0x81e360], sa_mask[0]=0x7ffbfeff, sa_flags=0x10000004
SIGINT: [libjvm.so+0x81e360], sa_mask[0]=0x7ffbfeff, sa_flags=0x10000004
SIGTERM: [libjvm.so+0x81e360], sa_mask[0]=0x7ffbfeff, sa_flags=0x10000004
SIGQUIT: [libjvm.so+0x81e360], sa_mask[0]=0x7ffbfeff, sa_flags=0x10000004


---------------  S Y S T E M  ---------------

OS:jessie/sid

uname:Linux 3.13.0-46-generic #79-Ubuntu SMP Tue Mar 10 20:06:50 UTC 2015 x86_64
libc:glibc 2.19 NPTL 2.19 
rlimit: STACK 8192k, CORE 0k, NPROC 30946, NOFILE 4096, AS infinity
load average:12.53 5.19 3.62

/proc/meminfo:
MemTotal:        3982788 kB
MemFree:          106600 kB
Buffers:             308 kB
Cached:           235796 kB
SwapCached:        41740 kB
Active:          2824172 kB
Inactive:         885412 kB
Active(anon):    2822580 kB
Inactive(anon):   879368 kB
Active(file):       1592 kB
Inactive(file):     6044 kB
Unevictable:          32 kB
Mlocked:              32 kB
SwapTotal:        583676 kB
SwapFree:              0 kB
Dirty:                36 kB
Writeback:             0 kB
AnonPages:       3432080 kB
Mapped:            26160 kB
Shmem:            228160 kB
Slab:              67144 kB
SReclaimable:      29624 kB
SUnreclaim:        37520 kB
KernelStack:        5048 kB
PageTables:        36116 kB
NFS_Unstable:          0 kB
Bounce:                0 kB
WritebackTmp:          0 kB
CommitLimit:     2575068 kB
Committed_AS:    7854268 kB
VmallocTotal:   34359738367 kB
VmallocUsed:      544496 kB
VmallocChunk:   34359156092 kB
HardwareCorrupted:     0 kB
AnonHugePages:   1677312 kB
HugePages_Total:       0
HugePages_Free:        0
HugePages_Rsvd:        0
HugePages_Surp:        0
Hugepagesize:       2048 kB
DirectMap4k:       90816 kB
DirectMap2M:     2990080 kB
DirectMap1G:     1048576 kB


CPU:total 4 (2 cores per cpu, 2 threads per core) family 6 model 69 stepping 1, cmov, cx8, fxsr, mmx, sse, sse2, sse3, ssse3, sse4.1, sse4.2, popcnt, avx, avx2, aes, erms, ht, tsc, tscinvbit

/proc/cpuinfo:
processor	: 0
vendor_id	: GenuineIntel
cpu family	: 6
model		: 69
model name	: Intel(R) Core(TM) i3-4010U CPU @ 1.70GHz
stepping	: 1
microcode	: 0x17
cpu MHz		: 1100.000
cache size	: 3072 KB
physical id	: 0
siblings	: 4
core id		: 0
cpu cores	: 2
apicid		: 0
initial apicid	: 0
fpu		: yes
fpu_exception	: yes
cpuid level	: 13
wp		: yes
flags		: fpu vme de pse tsc msr pae mce cx8 apic sep mtrr pge mca cmov pat pse36 clflush dts acpi mmx fxsr sse sse2 ss ht tm pbe syscall nx pdpe1gb rdtscp lm constant_tsc arch_perfmon pebs bts rep_good nopl xtopology nonstop_tsc aperfmperf eagerfpu pni pclmulqdq dtes64 monitor ds_cpl vmx est tm2 ssse3 fma cx16 xtpr pdcm pcid sse4_1 sse4_2 x2apic movbe popcnt tsc_deadline_timer aes xsave avx f16c rdrand lahf_lm abm ida arat epb xsaveopt pln pts dtherm tpr_shadow vnmi flexpriority ept vpid fsgsbase tsc_adjust bmi1 avx2 smep bmi2 erms invpcid
bogomips	: 3392.12
clflush size	: 64
cache_alignment	: 64
address sizes	: 39 bits physical, 48 bits virtual
power management:

processor	: 1
vendor_id	: GenuineIntel
cpu family	: 6
model		: 69
model name	: Intel(R) Core(TM) i3-4010U CPU @ 1.70GHz
stepping	: 1
microcode	: 0x17
cpu MHz		: 1701.000
cache size	: 3072 KB
physical id	: 0
siblings	: 4
core id		: 0
cpu cores	: 2
apicid		: 1
initial apicid	: 1
fpu		: yes
fpu_exception	: yes
cpuid level	: 13
wp		: yes
flags		: fpu vme de pse tsc msr pae mce cx8 apic sep mtrr pge mca cmov pat pse36 clflush dts acpi mmx fxsr sse sse2 ss ht tm pbe syscall nx pdpe1gb rdtscp lm constant_tsc arch_perfmon pebs bts rep_good nopl xtopology nonstop_tsc aperfmperf eagerfpu pni pclmulqdq dtes64 monitor ds_cpl vmx est tm2 ssse3 fma cx16 xtpr pdcm pcid sse4_1 sse4_2 x2apic movbe popcnt tsc_deadline_timer aes xsave avx f16c rdrand lahf_lm abm ida arat epb xsaveopt pln pts dtherm tpr_shadow vnmi flexpriority ept vpid fsgsbase tsc_adjust bmi1 avx2 smep bmi2 erms invpcid
bogomips	: 3392.12
clflush size	: 64
cache_alignment	: 64
address sizes	: 39 bits physical, 48 bits virtual
power management:

processor	: 2
vendor_id	: GenuineIntel
cpu family	: 6
model		: 69
model name	: Intel(R) Core(TM) i3-4010U CPU @ 1.70GHz
stepping	: 1
microcode	: 0x17
cpu MHz		: 1701.000
cache size	: 3072 KB
physical id	: 0
siblings	: 4
core id		: 1
cpu cores	: 2
apicid		: 2
initial apicid	: 2
fpu		: yes
fpu_exception	: yes
cpuid level	: 13
wp		: yes
flags		: fpu vme de pse tsc msr pae mce cx8 apic sep mtrr pge mca cmov pat pse36 clflush dts acpi mmx fxsr sse sse2 ss ht tm pbe syscall nx pdpe1gb rdtscp lm constant_tsc arch_perfmon pebs bts rep_good nopl xtopology nonstop_tsc aperfmperf eagerfpu pni pclmulqdq dtes64 monitor ds_cpl vmx est tm2 ssse3 fma cx16 xtpr pdcm pcid sse4_1 sse4_2 x2apic movbe popcnt tsc_deadline_timer aes xsave avx f16c rdrand lahf_lm abm ida arat epb xsaveopt pln pts dtherm tpr_shadow vnmi flexpriority ept vpid fsgsbase tsc_adjust bmi1 avx2 smep bmi2 erms invpcid
bogomips	: 3392.12
clflush size	: 64
cache_alignment	: 64
address sizes	: 39 bits physical, 48 bits virtual
power management:

processor	: 3
vendor_id	: GenuineIntel
cpu family	: 6
model		: 69
model name	: Intel(R) Core(TM) i3-4010U CPU @ 1.70GHz
stepping	: 1
microcode	: 0x17
cpu MHz		: 800.000
cache size	: 3072 KB
physical id	: 0
siblings	: 4
core id		: 1
cpu cores	: 2
apicid		: 3
initial apicid	: 3
fpu		: yes
fpu_exception	: yes
cpuid level	: 13
wp		: yes
flags		: fpu vme de pse tsc msr pae mce cx8 apic sep mtrr pge mca cmov pat pse36 clflush dts acpi mmx fxsr sse sse2 ss ht tm pbe syscall nx pdpe1gb rdtscp lm constant_tsc arch_perfmon pebs bts rep_good nopl xtopology nonstop_tsc aperfmperf eagerfpu pni pclmulqdq dtes64 monitor ds_cpl vmx est tm2 ssse3 fma cx16 xtpr pdcm pcid sse4_1 sse4_2 x2apic movbe popcnt tsc_deadline_timer aes xsave avx f16c rdrand lahf_lm abm ida arat epb xsaveopt pln pts dtherm tpr_shadow vnmi flexpriority ept vpid fsgsbase tsc_adjust bmi1 avx2 smep bmi2 erms invpcid
bogomips	: 3392.12
clflush size	: 64
cache_alignment	: 64
address sizes	: 39 bits physical, 48 bits virtual
power management:



Memory: 4k page, physical 3982788k(104616k free), swap 583676k(0k free)

vm_info: Java HotSpot(TM) 64-Bit Server VM (24.75-b04) for linux-amd64 JRE (1.7.0_75-b13), built on Dec 18 2014 16:45:18 by "java_re" with gcc 4.3.0 20080428 (Red Hat 4.3.0-8)

time: Tue May 19 01:56:05 2015
elapsed time: 42 seconds

