#
# There is insufficient memory for the Java Runtime Environment to continue.
# Native memory allocation (malloc) failed to allocate 100663296 bytes for committing reserved memory.
# Possible reasons:
#   The system is out of physical RAM or swap space
#   In 32 bit mode, the process size limit was hit
# Possible solutions:
#   Reduce memory load on the system
#   Increase physical memory or swap space
#   Check if swap backing store is full
#   Use 64 bit Java on a 64 bit OS
#   Decrease Java heap size (-Xmx/-Xms)
#   Decrease number of Java threads
#   Decrease Java thread stack sizes (-Xss)
#   Set larger code cache with -XX:ReservedCodeCacheSize=
# This output file may be truncated or incomplete.
#
#  Out of Memory Error (os_linux.cpp:2756), pid=16354, tid=140164117677824
#
# JRE version: Java(TM) SE Runtime Environment (7.0_75-b13) (build 1.7.0_75-b13)
# Java VM: Java HotSpot(TM) 64-Bit Server VM (24.75-b04 mixed mode linux-amd64 compressed oops)
# Failed to write core dump. Core dumps have been disabled. To enable core dumping, try "ulimit -c unlimited" before starting Java again
#

---------------  T H R E A D  ---------------

Current thread (0x00007f7a7c06b800):  VMThread [stack: 0x00007f7a8061c000,0x00007f7a8071d000] [id=16365]

Stack: [0x00007f7a8061c000,0x00007f7a8071d000],  sp=0x00007f7a8071b040,  free space=1020k
Native frames: (J=compiled Java code, j=interpreted, Vv=VM code, C=native code)
V  [libjvm.so+0x9a18da]  VMError::report_and_die()+0x2ea
V  [libjvm.so+0x4975ab]  report_vm_out_of_memory(char const*, int, unsigned long, char const*)+0x9b
V  [libjvm.so+0x81ebae]  os::Linux::commit_memory_impl(char*, unsigned long, bool)+0xfe
V  [libjvm.so+0x81f0f9]  os::pd_commit_memory(char*, unsigned long, unsigned long, bool)+0x29
V  [libjvm.so+0x818e8a]  os::commit_memory(char*, unsigned long, unsigned long, bool)+0x2a
V  [libjvm.so+0x88bfb3]  PSVirtualSpace::expand_by(unsigned long)+0x53
V  [libjvm.so+0x88d388]  PSYoungGen::resize_generation(unsigned long, unsigned long)+0xf8
V  [libjvm.so+0x88c4f2]  PSYoungGen::resize(unsigned long, unsigned long)+0x22
V  [libjvm.so+0x889943]  PSScavenge::invoke_no_policy()+0xfb3
V  [libjvm.so+0x88a0f1]  PSScavenge::invoke()+0x41
V  [libjvm.so+0x840a90]  ParallelScavengeHeap::failed_mem_allocate(unsigned long)+0x70
V  [libjvm.so+0x9a3167]  VM_ParallelGCFailedAllocation::doit()+0x97
V  [libjvm.so+0x9aa605]  VM_Operation::evaluate()+0x55
V  [libjvm.so+0x9a89ca]  VMThread::evaluate_operation(VM_Operation*)+0xba
V  [libjvm.so+0x9a8d4e]  VMThread::loop()+0x1ce
V  [libjvm.so+0x9a91c0]  VMThread::run()+0x70
V  [libjvm.so+0x820b88]  java_start(Thread*)+0x108

VM_Operation (0x00007f7a851c14e0): ParallelGCFailedAllocation, mode: safepoint, requested by thread 0x00007f7a7c00b800


---------------  P R O C E S S  ---------------

Java Threads: ( => current thread )
  0x00007f7a7c09a000 JavaThread "Service Thread" daemon [_thread_blocked, id=16371, stack(0x00007f7a80016000,0x00007f7a80117000)]
  0x00007f7a7c097800 JavaThread "C2 CompilerThread1" daemon [_thread_blocked, id=16370, stack(0x00007f7a80117000,0x00007f7a80218000)]
  0x00007f7a7c095000 JavaThread "C2 CompilerThread0" daemon [_thread_blocked, id=16369, stack(0x00007f7a80218000,0x00007f7a80319000)]
  0x00007f7a7c092800 JavaThread "Signal Dispatcher" daemon [_thread_blocked, id=16368, stack(0x00007f7a80319000,0x00007f7a8041a000)]
  0x00007f7a7c072000 JavaThread "Finalizer" daemon [_thread_blocked, id=16367, stack(0x00007f7a8041a000,0x00007f7a8051b000)]
  0x00007f7a7c070000 JavaThread "Reference Handler" daemon [_thread_blocked, id=16366, stack(0x00007f7a8051b000,0x00007f7a8061c000)]
  0x00007f7a7c00b800 JavaThread "main" [_thread_blocked, id=16360, stack(0x00007f7a850c2000,0x00007f7a851c3000)]

Other Threads:
=>0x00007f7a7c06b800 VMThread [stack: 0x00007f7a8061c000,0x00007f7a8071d000] [id=16365]
  0x00007f7a7c0a4800 WatcherThread [stack: 0x00007f7a7881d000,0x00007f7a7891e000] [id=16372]

VM state:at safepoint (normal execution)

VM Mutex/Monitor currently owned by a thread:  ([mutex/lock_event])
[0x00007f7a7c007ee0] Threads_lock - owner thread: 0x00007f7a7c06b800
[0x00007f7a7c0083e0] Heap_lock - owner thread: 0x00007f7a7c00b800

Heap
 PSYoungGen      total 212480K, used 8522K [0x00000000eaa80000, 0x00000000f9580000, 0x0000000100000000)
  eden space 190976K, 0% used [0x00000000eaa80000,0x00000000eaa80000,0x00000000f6500000)
  from space 21504K, 39% used [0x00000000f6500000,0x00000000f6d52b50,0x00000000f7a00000)
  to   space 14848K, 0% used [0x00000000f7a00000,0x00000000f7a00000,0x00000000f8880000)
 ParOldGen       total 49152K, used 21656K [0x00000000c0000000, 0x00000000c3000000, 0x00000000eaa80000)
  object space 49152K, 44% used [0x00000000c0000000,0x00000000c1526178,0x00000000c3000000)
 PSPermGen       total 21504K, used 7139K [0x00000000bae00000, 0x00000000bc300000, 0x00000000c0000000)
  object space 21504K, 33% used [0x00000000bae00000,0x00000000bb4f8f28,0x00000000bc300000)

Card table byte_map: [0x00007f7a82180000,0x00007f7a823aa000] byte_map_base: 0x00007f7a81ba9000

Polling page: 0x00007f7a851dd000

Code Cache  [0x00007f7a79000000, 0x00007f7a79270000, 0x00007f7a7c000000)
 total_blobs=1031 nmethods=779 adapters=205 free_code_cache=46985Kb largest_free_block=48073344

Compilation events (10 events):
Event: 8.721 Thread 0x00007f7a7c097800  795             sun.misc.VM::isBooted (4 bytes)
Event: 8.721 Thread 0x00007f7a7c097800 nmethod 795 0x00007f7a79224750 code [0x00007f7a79224880, 0x00007f7a792248d8]
Event: 8.724 Thread 0x00007f7a7c095000  796             java.lang.Math::min (46 bytes)
Event: 8.725 Thread 0x00007f7a7c095000 nmethod 796 0x00007f7a79226690 code [0x00007f7a792267e0, 0x00007f7a79226878]
Event: 8.725 Thread 0x00007f7a7c097800  797             java.util.HashMap::initHashSeedAsNeeded (61 bytes)
Event: 8.726 Thread 0x00007f7a7c097800 nmethod 797 0x00007f7a79224ed0 code [0x00007f7a79225020, 0x00007f7a792250e8]
Event: 8.731 Thread 0x00007f7a7c097800  799             com.android.dx.io.instructions.InstructionCodec$28::encode (6 bytes)
Event: 8.731 Thread 0x00007f7a7c095000  798             com.android.dx.io.instructions.InstructionCodec$28::decode (7 bytes)
Event: 8.735 Thread 0x00007f7a7c097800 nmethod 799 0x00007f7a79226e50 code [0x00007f7a79226fc0, 0x00007f7a792271d8]
Event: 8.736 Thread 0x00007f7a7c095000 nmethod 798 0x00007f7a792226d0 code [0x00007f7a79222840, 0x00007f7a79222a98]

GC Heap History (10 events):
Event: 6.199 GC heap after
Heap after GC invocations=7 (full 0):
 PSYoungGen      total 72704K, used 9347K [0x00000000eaa80000, 0x00000000f3980000, 0x0000000100000000)
  eden space 61952K, 0% used [0x00000000eaa80000,0x00000000eaa80000,0x00000000ee700000)
  from space 10752K, 86% used [0x00000000ee700000,0x00000000ef020e68,0x00000000ef180000)
  to   space 11264K, 0% used [0x00000000f2e80000,0x00000000f2e80000,0x00000000f3980000)
 ParOldGen       total 41472K, used 23416K [0x00000000c0000000, 0x00000000c2880000, 0x00000000eaa80000)
  object space 41472K, 56% used [0x00000000c0000000,0x00000000c16de368,0x00000000c2880000)
 PSPermGen       total 21504K, used 7125K [0x00000000bae00000, 0x00000000bc300000, 0x00000000c0000000)
  object space 21504K, 33% used [0x00000000bae00000,0x00000000bb4f54c8,0x00000000bc300000)
}
Event: 6.480 GC heap before
{Heap before GC invocations=8 (full 0):
 PSYoungGen      total 72704K, used 71299K [0x00000000eaa80000, 0x00000000f3980000, 0x0000000100000000)
  eden space 61952K, 100% used [0x00000000eaa80000,0x00000000ee700000,0x00000000ee700000)
  from space 10752K, 86% used [0x00000000ee700000,0x00000000ef020e68,0x00000000ef180000)
  to   space 11264K, 0% used [0x00000000f2e80000,0x00000000f2e80000,0x00000000f3980000)
 ParOldGen       total 41472K, used 23416K [0x00000000c0000000, 0x00000000c2880000, 0x00000000eaa80000)
  object space 41472K, 56% used [0x00000000c0000000,0x00000000c16de368,0x00000000c2880000)
 PSPermGen       total 21504K, used 7129K [0x00000000bae00000, 0x00000000bc300000, 0x00000000c0000000)
  object space 21504K, 33% used [0x00000000bae00000,0x00000000bb4f6718,0x00000000bc300000)
Event: 6.493 GC heap after
Heap after GC invocations=8 (full 0):
 PSYoungGen      total 134656K, used 9406K [0x00000000eaa80000, 0x00000000f3a80000, 0x0000000100000000)
  eden space 123392K, 0% used [0x00000000eaa80000,0x00000000eaa80000,0x00000000f2300000)
  from space 11264K, 83% used [0x00000000f2e80000,0x00000000f37af9d8,0x00000000f3980000)
  to   space 11776K, 0% used [0x00000000f2300000,0x00000000f2300000,0x00000000f2e80000)
 ParOldGen       total 41472K, used 27072K [0x00000000c0000000, 0x00000000c2880000, 0x00000000eaa80000)
  object space 41472K, 65% used [0x00000000c0000000,0x00000000c1a70140,0x00000000c2880000)
 PSPermGen       total 21504K, used 7129K [0x00000000bae00000, 0x00000000bc300000, 0x00000000c0000000)
  object space 21504K, 33% used [0x00000000bae00000,0x00000000bb4f6718,0x00000000bc300000)
}
Event: 6.919 GC heap before
{Heap before GC invocations=9 (full 0):
 PSYoungGen      total 134656K, used 132798K [0x00000000eaa80000, 0x00000000f3a80000, 0x0000000100000000)
  eden space 123392K, 100% used [0x00000000eaa80000,0x00000000f2300000,0x00000000f2300000)
  from space 11264K, 83% used [0x00000000f2e80000,0x00000000f37af9d8,0x00000000f3980000)
  to   space 11776K, 0% used [0x00000000f2300000,0x00000000f2300000,0x00000000f2e80000)
 ParOldGen       total 41472K, used 27072K [0x00000000c0000000, 0x00000000c2880000, 0x00000000eaa80000)
  object space 41472K, 65% used [0x00000000c0000000,0x00000000c1a70140,0x00000000c2880000)
 PSPermGen       total 21504K, used 7141K [0x00000000bae00000, 0x00000000bc300000, 0x00000000c0000000)
  object space 21504K, 33% used [0x00000000bae00000,0x00000000bb4f95f0,0x00000000bc300000)
Event: 6.927 GC heap after
Heap after GC invocations=9 (full 0):
 PSYoungGen      total 135168K, used 11767K [0x00000000eaa80000, 0x00000000f8880000, 0x0000000100000000)
  eden space 123392K, 0% used [0x00000000eaa80000,0x00000000eaa80000,0x00000000f2300000)
  from space 11776K, 99% used [0x00000000f2300000,0x00000000f2e7df28,0x00000000f2e80000)
  to   space 14848K, 0% used [0x00000000f7a00000,0x00000000f7a00000,0x00000000f8880000)
 ParOldGen       total 41472K, used 30713K [0x00000000c0000000, 0x00000000c2880000, 0x00000000eaa80000)
  object space 41472K, 74% used [0x00000000c0000000,0x00000000c1dfe600,0x00000000c2880000)
 PSPermGen       total 21504K, used 7141K [0x00000000bae00000, 0x00000000bc300000, 0x00000000c0000000)
  object space 21504K, 33% used [0x00000000bae00000,0x00000000bb4f95f0,0x00000000bc300000)
}
Event: 7.261 GC heap before
{Heap before GC invocations=10 (full 0):
 PSYoungGen      total 135168K, used 135159K [0x00000000eaa80000, 0x00000000f8880000, 0x0000000100000000)
  eden space 123392K, 100% used [0x00000000eaa80000,0x00000000f2300000,0x00000000f2300000)
  from space 11776K, 99% used [0x00000000f2300000,0x00000000f2e7df28,0x00000000f2e80000)
  to   space 14848K, 0% used [0x00000000f7a00000,0x00000000f7a00000,0x00000000f8880000)
 ParOldGen       total 41472K, used 30713K [0x00000000c0000000, 0x00000000c2880000, 0x00000000eaa80000)
  object space 41472K, 74% used [0x00000000c0000000,0x00000000c1dfe600,0x00000000c2880000)
 PSPermGen       total 21504K, used 7141K [0x00000000bae00000, 0x00000000bc300000, 0x00000000c0000000)
  object space 21504K, 33% used [0x00000000bae00000,0x00000000bb4f96b0,0x00000000bc300000)
Event: 8.256 GC heap after
Heap after GC invocations=10 (full 0):
 PSYoungGen      total 205824K, used 14844K [0x00000000eaa80000, 0x00000000f9580000, 0x0000000100000000)
  eden space 190976K, 0% used [0x00000000eaa80000,0x00000000eaa80000,0x00000000f6500000)
  from space 14848K, 99% used [0x00000000f7a00000,0x00000000f887f2d0,0x00000000f8880000)
  to   space 21504K, 0% used [0x00000000f6500000,0x00000000f6500000,0x00000000f7a00000)
 ParOldGen       total 46080K, used 44546K [0x00000000c0000000, 0x00000000c2d00000, 0x00000000eaa80000)
  object space 46080K, 96% used [0x00000000c0000000,0x00000000c2b80b58,0x00000000c2d00000)
 PSPermGen       total 21504K, used 7141K [0x00000000bae00000, 0x00000000bc300000, 0x00000000c0000000)
  object space 21504K, 33% used [0x00000000bae00000,0x00000000bb4f96b0,0x00000000bc300000)
}
Event: 8.256 GC heap before
{Heap before GC invocations=11 (full 1):
 PSYoungGen      total 205824K, used 14844K [0x00000000eaa80000, 0x00000000f9580000, 0x0000000100000000)
  eden space 190976K, 0% used [0x00000000eaa80000,0x00000000eaa80000,0x00000000f6500000)
  from space 14848K, 99% used [0x00000000f7a00000,0x00000000f887f2d0,0x00000000f8880000)
  to   space 21504K, 0% used [0x00000000f6500000,0x00000000f6500000,0x00000000f7a00000)
 ParOldGen       total 46080K, used 44546K [0x00000000c0000000, 0x00000000c2d00000, 0x00000000eaa80000)
  object space 46080K, 96% used [0x00000000c0000000,0x00000000c2b80b58,0x00000000c2d00000)
 PSPermGen       total 21504K, used 7141K [0x00000000bae00000, 0x00000000bc300000, 0x00000000c0000000)
  object space 21504K, 33% used [0x00000000bae00000,0x00000000bb4f96b0,0x00000000bc300000)
Event: 8.376 GC heap after
Heap after GC invocations=11 (full 1):
 PSYoungGen      total 205824K, used 0K [0x00000000eaa80000, 0x00000000f9580000, 0x0000000100000000)
  eden space 190976K, 0% used [0x00000000eaa80000,0x00000000eaa80000,0x00000000f6500000)
  from space 14848K, 0% used [0x00000000f7a00000,0x00000000f7a00000,0x00000000f8880000)
  to   space 21504K, 0% used [0x00000000f6500000,0x00000000f6500000,0x00000000f7a00000)
 ParOldGen       total 49152K, used 21656K [0x00000000c0000000, 0x00000000c3000000, 0x00000000eaa80000)
  object space 49152K, 44% used [0x00000000c0000000,0x00000000c1526178,0x00000000c3000000)
 PSPermGen       total 21504K, used 7138K [0x00000000bae00000, 0x00000000bc300000, 0x00000000c0000000)
  object space 21504K, 33% used [0x00000000bae00000,0x00000000bb4f8a20,0x00000000bc300000)
}
Event: 9.162 GC heap before
{Heap before GC invocations=12 (full 1):
 PSYoungGen      total 205824K, used 186125K [0x00000000eaa80000, 0x00000000f9580000, 0x0000000100000000)
  eden space 190976K, 97% used [0x00000000eaa80000,0x00000000f6043580,0x00000000f6500000)
  from space 14848K, 0% used [0x00000000f7a00000,0x00000000f7a00000,0x00000000f8880000)
  to   space 21504K, 0% used [0x00000000f6500000,0x00000000f6500000,0x00000000f7a00000)
 ParOldGen       total 49152K, used 21656K [0x00000000c0000000, 0x00000000c3000000, 0x00000000eaa80000)
  object space 49152K, 44% used [0x00000000c0000000,0x00000000c1526178,0x00000000c3000000)
 PSPermGen       total 21504K, used 7139K [0x00000000bae00000, 0x00000000bc300000, 0x00000000c0000000)
  object space 21504K, 33% used [0x00000000bae00000,0x00000000bb4f8f28,0x00000000bc300000)

Deoptimization events (10 events):
Event: 6.034 Thread 0x00007f7a7c00b800 Uncommon trap: reason=predicate action=maybe_recompile pc=0x00007f7a7908f0d8 method=java.util.TimSort.binarySort([Ljava/lang/Object;IIILjava/util/Comparator;)V @ 37
Event: 6.142 Thread 0x00007f7a7c00b800 Uncommon trap: reason=array_check action=maybe_recompile pc=0x00007f7a791e3b8c method=java.util.TimSort.binarySort([Ljava/lang/Object;IIILjava/util/Comparator;)V @ 215
Event: 6.142 Thread 0x00007f7a7c00b800 Uncommon trap: reason=array_check action=maybe_recompile pc=0x00007f7a791e3d4c method=java.util.TimSort.binarySort([Ljava/lang/Object;IIILjava/util/Comparator;)V @ 183
Event: 6.142 Thread 0x00007f7a7c00b800 Uncommon trap: reason=array_check action=maybe_recompile pc=0x00007f7a791e3b8c method=java.util.TimSort.binarySort([Ljava/lang/Object;IIILjava/util/Comparator;)V @ 215
Event: 6.142 Thread 0x00007f7a7c00b800 Uncommon trap: reason=array_check action=maybe_recompile pc=0x00007f7a791e3b8c method=java.util.TimSort.binarySort([Ljava/lang/Object;IIILjava/util/Comparator;)V @ 215
Event: 6.282 Thread 0x00007f7a7c00b800 Uncommon trap: reason=array_check action=maybe_recompile pc=0x00007f7a791f6c20 method=java.util.TimSort.binarySort([Ljava/lang/Object;IIILjava/util/Comparator;)V @ 193
Event: 6.352 Thread 0x00007f7a7c00b800 Uncommon trap: reason=array_check action=maybe_recompile pc=0x00007f7a791e87ec method=java.util.ComparableTimSort.binarySort([Ljava/lang/Object;III)V @ 183
Event: 6.371 Thread 0x00007f7a7c00b800 Uncommon trap: reason=array_check action=maybe_recompile pc=0x00007f7a791f6c20 method=java.util.TimSort.binarySort([Ljava/lang/Object;IIILjava/util/Comparator;)V @ 193
Event: 6.464 Thread 0x00007f7a7c00b800 Uncommon trap: reason=array_check action=maybe_recompile pc=0x00007f7a791e87ec method=java.util.ComparableTimSort.binarySort([Ljava/lang/Object;III)V @ 183
Event: 6.503 Thread 0x00007f7a7c00b800 Uncommon trap: reason=null_check action=make_not_entrant pc=0x00007f7a791f90e0 method=java.util.TimSort.binarySort([Ljava/lang/Object;IIILjava/util/Comparator;)V @ 183

Internal exceptions (10 events):
Event: 4.414 Thread 0x00007f7a7c00b800 Threw 0x00000000eb7964f8 at /HUDSON/workspace/7u-2-build-linux-amd64/jdk7u75/1940/hotspot/src/share/vm/prims/jvm.cpp:1281
Event: 4.414 Thread 0x00007f7a7c00b800 Threw 0x00000000eb7997c8 at /HUDSON/workspace/7u-2-build-linux-amd64/jdk7u75/1940/hotspot/src/share/vm/prims/jvm.cpp:1281
Event: 4.417 Thread 0x00007f7a7c00b800 Threw 0x00000000eb7a0ad8 at /HUDSON/workspace/7u-2-build-linux-amd64/jdk7u75/1940/hotspot/src/share/vm/prims/jvm.cpp:1281
Event: 4.418 Thread 0x00007f7a7c00b800 Threw 0x00000000eb7a2b00 at /HUDSON/workspace/7u-2-build-linux-amd64/jdk7u75/1940/hotspot/src/share/vm/prims/jvm.cpp:1281
Event: 4.534 Thread 0x00007f7a7c00b800 Threw 0x00000000eb8b32e0 at /HUDSON/workspace/7u-2-build-linux-amd64/jdk7u75/1940/hotspot/src/share/vm/prims/jvm.cpp:1281
Event: 4.534 Thread 0x00007f7a7c00b800 Threw 0x00000000eb8b3408 at /HUDSON/workspace/7u-2-build-linux-amd64/jdk7u75/1940/hotspot/src/share/vm/prims/jvm.cpp:1281
Event: 4.534 Thread 0x00007f7a7c00b800 Threw 0x00000000eb8b57d0 at /HUDSON/workspace/7u-2-build-linux-amd64/jdk7u75/1940/hotspot/src/share/vm/prims/jvm.cpp:1281
Event: 4.534 Thread 0x00007f7a7c00b800 Threw 0x00000000eb8b58f8 at /HUDSON/workspace/7u-2-build-linux-amd64/jdk7u75/1940/hotspot/src/share/vm/prims/jvm.cpp:1281
Event: 5.117 Thread 0x00007f7a7c00b800 Threw 0x00000000ec068670 at /HUDSON/workspace/7u-2-build-linux-amd64/jdk7u75/1940/hotspot/src/share/vm/prims/jvm.cpp:1281
Event: 6.503 Thread 0x00007f7a7c00b800 Implicit null exception at 0x00007f7a791f8759 to 0x00007f7a791f9099

Events (10 events):
Event: 6.554 Thread 0x00007f7a7c097800 flushing nmethod 0x00007f7a790ea850
Event: 6.589 Thread 0x00007f7a7c097800 flushing nmethod 0x00007f7a79151a10
Event: 6.604 Thread 0x00007f7a7c095000 flushing nmethod 0x00007f7a79154fd0
Event: 6.604 Thread 0x00007f7a7c095000 flushing nmethod 0x00007f7a791679d0
Event: 6.919 Executing VM operation: ParallelGCFailedAllocation
Event: 6.928 Executing VM operation: ParallelGCFailedAllocation done
Event: 7.261 Executing VM operation: ParallelGCFailedAllocation
Event: 8.376 Executing VM operation: ParallelGCFailedAllocation done
Event: 8.592 Thread 0x00007f7a7c095000 flushing nmethod 0x00007f7a791a0e90
Event: 9.162 Executing VM operation: ParallelGCFailedAllocation


Dynamic libraries:
00400000-00401000 r-xp 00000000 08:05 1715037                            /usr/local/java/jdk1.7.0_75/bin/java
00600000-00601000 rw-p 00000000 08:05 1715037                            /usr/local/java/jdk1.7.0_75/bin/java
014ec000-0150d000 rw-p 00000000 00:00 0                                  [heap]
bae00000-bc300000 rw-p 00000000 00:00 0 
bc300000-c0000000 rw-p 00000000 00:00 0 
c0000000-c3000000 rw-p 00000000 00:00 0 
c3000000-eaa80000 rw-p 00000000 00:00 0 
eaa80000-f9580000 rw-p 00000000 00:00 0 
ff580000-100000000 rw-p 00000000 00:00 0 
7f7a3c000000-7f7a3c021000 rw-p 00000000 00:00 0 
7f7a3c021000-7f7a40000000 ---p 00000000 00:00 0 
7f7a44000000-7f7a449ff000 rw-p 00000000 00:00 0 
7f7a449ff000-7f7a48000000 ---p 00000000 00:00 0 
7f7a48000000-7f7a48021000 rw-p 00000000 00:00 0 
7f7a48021000-7f7a4c000000 ---p 00000000 00:00 0 
7f7a4c000000-7f7a4c021000 rw-p 00000000 00:00 0 
7f7a4c021000-7f7a50000000 ---p 00000000 00:00 0 
7f7a50000000-7f7a50844000 rw-p 00000000 00:00 0 
7f7a50844000-7f7a54000000 ---p 00000000 00:00 0 
7f7a54000000-7f7a54021000 rw-p 00000000 00:00 0 
7f7a54021000-7f7a58000000 ---p 00000000 00:00 0 
7f7a58000000-7f7a58021000 rw-p 00000000 00:00 0 
7f7a58021000-7f7a5c000000 ---p 00000000 00:00 0 
7f7a5c000000-7f7a5c021000 rw-p 00000000 00:00 0 
7f7a5c021000-7f7a60000000 ---p 00000000 00:00 0 
7f7a60000000-7f7a600e5000 rw-p 00000000 00:00 0 
7f7a600e5000-7f7a64000000 ---p 00000000 00:00 0 
7f7a64000000-7f7a64021000 rw-p 00000000 00:00 0 
7f7a64021000-7f7a68000000 ---p 00000000 00:00 0 
7f7a6c000000-7f7a6c021000 rw-p 00000000 00:00 0 
7f7a6c021000-7f7a70000000 ---p 00000000 00:00 0 
7f7a71d70000-7f7a74000000 rw-p 00000000 00:00 0 
7f7a74000000-7f7a74021000 rw-p 00000000 00:00 0 
7f7a74021000-7f7a78000000 ---p 00000000 00:00 0 
7f7a78288000-7f7a783f5000 rw-p 00000000 00:00 0 
7f7a783f5000-7f7a7840b000 r-xp 00000000 08:05 1318659                    /usr/local/java/jdk1.7.0_75/jre/lib/amd64/libnet.so
7f7a7840b000-7f7a7860b000 ---p 00016000 08:05 1318659                    /usr/local/java/jdk1.7.0_75/jre/lib/amd64/libnet.so
7f7a7860b000-7f7a7860c000 rw-p 00016000 08:05 1318659                    /usr/local/java/jdk1.7.0_75/jre/lib/amd64/libnet.so
7f7a7860c000-7f7a7861c000 r-xp 00000000 08:05 1318625                    /usr/local/java/jdk1.7.0_75/jre/lib/amd64/libnio.so
7f7a7861c000-7f7a7881c000 ---p 00010000 08:05 1318625                    /usr/local/java/jdk1.7.0_75/jre/lib/amd64/libnio.so
7f7a7881c000-7f7a7881d000 rw-p 00010000 08:05 1318625                    /usr/local/java/jdk1.7.0_75/jre/lib/amd64/libnio.so
7f7a7881d000-7f7a7881e000 ---p 00000000 00:00 0 
7f7a7881e000-7f7a7891e000 rw-p 00000000 00:00 0                          [stack:16372]
7f7a7891e000-7f7a79000000 r--p 00000000 08:05 1186696                    /usr/lib/locale/locale-archive
7f7a79000000-7f7a79270000 rwxp 00000000 00:00 0 
7f7a79270000-7f7a7c22d000 rw-p 00000000 00:00 0 
7f7a7c22d000-7f7a80000000 ---p 00000000 00:00 0 
7f7a80007000-7f7a80016000 r--s 000dd000 08:05 4726194                    /home/rc/Android/Sdk/build-tools/22.0.1/lib/dx.jar
7f7a80016000-7f7a80019000 ---p 00000000 00:00 0 
7f7a80019000-7f7a80117000 rw-p 00000000 00:00 0                          [stack:16371]
7f7a80117000-7f7a8011a000 ---p 00000000 00:00 0 
7f7a8011a000-7f7a80218000 rw-p 00000000 00:00 0                          [stack:16370]
7f7a80218000-7f7a8021b000 ---p 00000000 00:00 0 
7f7a8021b000-7f7a80319000 rw-p 00000000 00:00 0                          [stack:16369]
7f7a80319000-7f7a8031c000 ---p 00000000 00:00 0 
7f7a8031c000-7f7a8041a000 rw-p 00000000 00:00 0                          [stack:16368]
7f7a8041a000-7f7a8041d000 ---p 00000000 00:00 0 
7f7a8041d000-7f7a8051b000 rw-p 00000000 00:00 0                          [stack:16367]
7f7a8051b000-7f7a8051e000 ---p 00000000 00:00 0 
7f7a8051e000-7f7a8061c000 rw-p 00000000 00:00 0                          [stack:16366]
7f7a8061c000-7f7a8061d000 ---p 00000000 00:00 0 
7f7a8061d000-7f7a8171c000 rw-p 00000000 00:00 0                          [stack:16365]
7f7a8171c000-7f7a818db000 r--s 039eb000 08:05 1319093                    /usr/local/java/jdk1.7.0_75/jre/lib/rt.jar
7f7a818db000-7f7a81bfd000 rw-p 00000000 00:00 0 
7f7a81bfd000-7f7a81bfe000 ---p 00000000 00:00 0 
7f7a81bfe000-7f7a81cfe000 rw-p 00000000 00:00 0                          [stack:16364]
7f7a81cfe000-7f7a81cff000 ---p 00000000 00:00 0 
7f7a81cff000-7f7a81dff000 rw-p 00000000 00:00 0                          [stack:16363]
7f7a81dff000-7f7a81e00000 ---p 00000000 00:00 0 
7f7a81e00000-7f7a81f00000 rw-p 00000000 00:00 0                          [stack:16362]
7f7a81f00000-7f7a81f01000 ---p 00000000 00:00 0 
7f7a81f01000-7f7a8200c000 rw-p 00000000 00:00 0                          [stack:16361]
7f7a8200c000-7f7a8202a000 rw-p 00000000 00:00 0 
7f7a8202a000-7f7a82042000 rw-p 00000000 00:00 0 
7f7a82042000-7f7a82180000 rw-p 00000000 00:00 0 
7f7a82180000-7f7a8218b000 rw-p 00000000 00:00 0 
7f7a8218b000-7f7a821a9000 rw-p 00000000 00:00 0 
7f7a821a9000-7f7a821c1000 rw-p 00000000 00:00 0 
7f7a821c1000-7f7a822fe000 rw-p 00000000 00:00 0 
7f7a822fe000-7f7a82374000 rw-p 00000000 00:00 0 
7f7a82374000-7f7a823a9000 rw-p 00000000 00:00 0 
7f7a823a9000-7f7a823aa000 rw-p 00000000 00:00 0 
7f7a823aa000-7f7a823c4000 r-xp 00000000 08:05 1318654                    /usr/local/java/jdk1.7.0_75/jre/lib/amd64/libzip.so
7f7a823c4000-7f7a825c4000 ---p 0001a000 08:05 1318654                    /usr/local/java/jdk1.7.0_75/jre/lib/amd64/libzip.so
7f7a825c4000-7f7a825c5000 rw-p 0001a000 08:05 1318654                    /usr/local/java/jdk1.7.0_75/jre/lib/amd64/libzip.so
7f7a825c5000-7f7a825d0000 r-xp 00000000 08:05 11010875                   /lib/x86_64-linux-gnu/libnss_files-2.19.so
7f7a825d0000-7f7a827cf000 ---p 0000b000 08:05 11010875                   /lib/x86_64-linux-gnu/libnss_files-2.19.so
7f7a827cf000-7f7a827d0000 r--p 0000a000 08:05 11010875                   /lib/x86_64-linux-gnu/libnss_files-2.19.so
7f7a827d0000-7f7a827d1000 rw-p 0000b000 08:05 11010875                   /lib/x86_64-linux-gnu/libnss_files-2.19.so
7f7a827d1000-7f7a827dc000 r-xp 00000000 08:05 11010895                   /lib/x86_64-linux-gnu/libnss_nis-2.19.so
7f7a827dc000-7f7a829db000 ---p 0000b000 08:05 11010895                   /lib/x86_64-linux-gnu/libnss_nis-2.19.so
7f7a829db000-7f7a829dc000 r--p 0000a000 08:05 11010895                   /lib/x86_64-linux-gnu/libnss_nis-2.19.so
7f7a829dc000-7f7a829dd000 rw-p 0000b000 08:05 11010895                   /lib/x86_64-linux-gnu/libnss_nis-2.19.so
7f7a829dd000-7f7a829f4000 r-xp 00000000 08:05 11010884                   /lib/x86_64-linux-gnu/libnsl-2.19.so
7f7a829f4000-7f7a82bf3000 ---p 00017000 08:05 11010884                   /lib/x86_64-linux-gnu/libnsl-2.19.so
7f7a82bf3000-7f7a82bf4000 r--p 00016000 08:05 11010884                   /lib/x86_64-linux-gnu/libnsl-2.19.so
7f7a82bf4000-7f7a82bf5000 rw-p 00017000 08:05 11010884                   /lib/x86_64-linux-gnu/libnsl-2.19.so
7f7a82bf5000-7f7a82bf7000 rw-p 00000000 00:00 0 
7f7a82bf7000-7f7a82c00000 r-xp 00000000 08:05 11010883                   /lib/x86_64-linux-gnu/libnss_compat-2.19.so
7f7a82c00000-7f7a82dff000 ---p 00009000 08:05 11010883                   /lib/x86_64-linux-gnu/libnss_compat-2.19.so
7f7a82dff000-7f7a82e00000 r--p 00008000 08:05 11010883                   /lib/x86_64-linux-gnu/libnss_compat-2.19.so
7f7a82e00000-7f7a82e01000 rw-p 00009000 08:05 11010883                   /lib/x86_64-linux-gnu/libnss_compat-2.19.so
7f7a82e01000-7f7a82e2a000 r-xp 00000000 08:05 1318620                    /usr/local/java/jdk1.7.0_75/jre/lib/amd64/libjava.so
7f7a82e2a000-7f7a8302a000 ---p 00029000 08:05 1318620                    /usr/local/java/jdk1.7.0_75/jre/lib/amd64/libjava.so
7f7a8302a000-7f7a8302c000 rw-p 00029000 08:05 1318620                    /usr/local/java/jdk1.7.0_75/jre/lib/amd64/libjava.so
7f7a8302c000-7f7a83039000 r-xp 00000000 08:05 1318647                    /usr/local/java/jdk1.7.0_75/jre/lib/amd64/libverify.so
7f7a83039000-7f7a83238000 ---p 0000d000 08:05 1318647                    /usr/local/java/jdk1.7.0_75/jre/lib/amd64/libverify.so
7f7a83238000-7f7a8323a000 rw-p 0000c000 08:05 1318647                    /usr/local/java/jdk1.7.0_75/jre/lib/amd64/libverify.so
7f7a8323a000-7f7a83241000 r-xp 00000000 08:05 11010892                   /lib/x86_64-linux-gnu/librt-2.19.so
7f7a83241000-7f7a83440000 ---p 00007000 08:05 11010892                   /lib/x86_64-linux-gnu/librt-2.19.so
7f7a83440000-7f7a83441000 r--p 00006000 08:05 11010892                   /lib/x86_64-linux-gnu/librt-2.19.so
7f7a83441000-7f7a83442000 rw-p 00007000 08:05 11010892                   /lib/x86_64-linux-gnu/librt-2.19.so
7f7a83442000-7f7a83547000 r-xp 00000000 08:05 11010874                   /lib/x86_64-linux-gnu/libm-2.19.so
7f7a83547000-7f7a83746000 ---p 00105000 08:05 11010874                   /lib/x86_64-linux-gnu/libm-2.19.so
7f7a83746000-7f7a83747000 r--p 00104000 08:05 11010874                   /lib/x86_64-linux-gnu/libm-2.19.so
7f7a83747000-7f7a83748000 rw-p 00105000 08:05 11010874                   /lib/x86_64-linux-gnu/libm-2.19.so
7f7a83748000-7f7a842bb000 r-xp 00000000 08:05 1318674                    /usr/local/java/jdk1.7.0_75/jre/lib/amd64/server/libjvm.so
7f7a842bb000-7f7a844bb000 ---p 00b73000 08:05 1318674                    /usr/local/java/jdk1.7.0_75/jre/lib/amd64/server/libjvm.so
7f7a844bb000-7f7a8457f000 rw-p 00b73000 08:05 1318674                    /usr/local/java/jdk1.7.0_75/jre/lib/amd64/server/libjvm.so
7f7a8457f000-7f7a845c0000 rw-p 00000000 00:00 0 
7f7a845c0000-7f7a8477b000 r-xp 00000000 08:05 11010889                   /lib/x86_64-linux-gnu/libc-2.19.so
7f7a8477b000-7f7a8497a000 ---p 001bb000 08:05 11010889                   /lib/x86_64-linux-gnu/libc-2.19.so
7f7a8497a000-7f7a8497e000 r--p 001ba000 08:05 11010889                   /lib/x86_64-linux-gnu/libc-2.19.so
7f7a8497e000-7f7a84980000 rw-p 001be000 08:05 11010889                   /lib/x86_64-linux-gnu/libc-2.19.so
7f7a84980000-7f7a84985000 rw-p 00000000 00:00 0 
7f7a84985000-7f7a84988000 r-xp 00000000 08:05 11010878                   /lib/x86_64-linux-gnu/libdl-2.19.so
7f7a84988000-7f7a84b87000 ---p 00003000 08:05 11010878                   /lib/x86_64-linux-gnu/libdl-2.19.so
7f7a84b87000-7f7a84b88000 r--p 00002000 08:05 11010878                   /lib/x86_64-linux-gnu/libdl-2.19.so
7f7a84b88000-7f7a84b89000 rw-p 00003000 08:05 11010878                   /lib/x86_64-linux-gnu/libdl-2.19.so
7f7a84b89000-7f7a84b9f000 r-xp 00000000 08:05 1579429                    /usr/local/java/jdk1.7.0_75/lib/amd64/jli/libjli.so
7f7a84b9f000-7f7a84d9f000 ---p 00016000 08:05 1579429                    /usr/local/java/jdk1.7.0_75/lib/amd64/jli/libjli.so
7f7a84d9f000-7f7a84da0000 rw-p 00016000 08:05 1579429                    /usr/local/java/jdk1.7.0_75/lib/amd64/jli/libjli.so
7f7a84da0000-7f7a84db9000 r-xp 00000000 08:05 11010890                   /lib/x86_64-linux-gnu/libpthread-2.19.so
7f7a84db9000-7f7a84fb8000 ---p 00019000 08:05 11010890                   /lib/x86_64-linux-gnu/libpthread-2.19.so
7f7a84fb8000-7f7a84fb9000 r--p 00018000 08:05 11010890                   /lib/x86_64-linux-gnu/libpthread-2.19.so
7f7a84fb9000-7f7a84fba000 rw-p 00019000 08:05 11010890                   /lib/x86_64-linux-gnu/libpthread-2.19.so
7f7a84fba000-7f7a84fbe000 rw-p 00000000 00:00 0 
7f7a84fbe000-7f7a84fe1000 r-xp 00000000 08:05 11010886                   /lib/x86_64-linux-gnu/ld-2.19.so
7f7a84fec000-7f7a8500c000 rw-p 00000000 00:00 0 
7f7a8500c000-7f7a850c2000 rw-p 00000000 00:00 0 
7f7a850c2000-7f7a850c5000 ---p 00000000 00:00 0 
7f7a850c5000-7f7a851c7000 rw-p 00000000 00:00 0                          [stack:16360]
7f7a851cf000-7f7a851d0000 rw-p 00000000 00:00 0 
7f7a851d0000-7f7a851d4000 r--s 0008b000 08:05 1319088                    /usr/local/java/jdk1.7.0_75/jre/lib/jsse.jar
7f7a851d4000-7f7a851dc000 rw-s 00000000 08:05 9699743                    /tmp/hsperfdata_rc/16354
7f7a851dc000-7f7a851dd000 rw-p 00000000 00:00 0 
7f7a851dd000-7f7a851de000 ---p 00000000 00:00 0 
7f7a851de000-7f7a851e0000 rw-p 00000000 00:00 0 
7f7a851e0000-7f7a851e1000 r--p 00022000 08:05 11010886                   /lib/x86_64-linux-gnu/ld-2.19.so
7f7a851e1000-7f7a851e2000 rw-p 00023000 08:05 11010886                   /lib/x86_64-linux-gnu/ld-2.19.so
7f7a851e2000-7f7a851e3000 rw-p 00000000 00:00 0 
7fff035c2000-7fff035e4000 rw-p 00000000 00:00 0                          [stack]
7fff035f3000-7fff035f5000 r-xp 00000000 00:00 0                          [vdso]
ffffffffff600000-ffffffffff601000 r-xp 00000000 00:00 0                  [vsyscall]

VM Arguments:
jvm_args: -Xmx1024M -Dfile.encoding=UTF-8 -Duser.country=IN -Duser.language=en -Duser.variant 
java_command: com.android.dx.command.Main --dex --output /home/rc/AndroidStudioProjects/CampusBuddy/app/build/intermediates/dex/debug /home/rc/AndroidStudioProjects/CampusBuddy/app/build/intermediates/classes/debug /home/rc/AndroidStudioProjects/CampusBuddy/app/build/intermediates/pre-dexed/debug/classes-62ea3703263aaa97ddfdf0c367668e1141a7d35d.jar /home/rc/AndroidStudioProjects/CampusBuddy/app/build/intermediates/pre-dexed/debug/support-annotations-22.1.1-8bf1398ffa031568a73d8b15f0f628c909958f55.jar /home/rc/AndroidStudioProjects/CampusBuddy/app/build/intermediates/pre-dexed/debug/classes-ad76a3e756d04f2e97af12e6cd51c7ca2a3fa1b6.jar /home/rc/AndroidStudioProjects/CampusBuddy/app/build/intermediates/pre-dexed/debug/classes-8d67e47ef7b51b51545918d0649cae451c70c25f.jar /home/rc/AndroidStudioProjects/CampusBuddy/app/build/intermediates/pre-dexed/debug/classes-96ab323aa96f67aa00111f7ecfee9e6883fe0a2c.jar /home/rc/AndroidStudioProjects/CampusBuddy/app/build/intermediates/pre-dexed/debug/classes-03ffb26b96cce1460b347d69c36e452be55dd044.jar /home/rc/AndroidStudioProjects/CampusBuddy/app/build/intermediates/pre-dexed/debug/classes-a48f95245566239153a4027b42c0fe4632ff3d43.jar /home/rc/AndroidStudioProjects/CampusBuddy/app/build/intermediates/pre-dexed/debug/classes-c88e5e0c97cff5cca90ce04dc4c751484fcbffcc.jar /home/rc/AndroidStudioProjects/CampusBuddy/app/build/intermediates/pre-dexed/debug/classes-803dfcb458d0acab6ddd5094bc4867449afefd94.jar /home/rc/AndroidStudioProjects/CampusBuddy/app/build/intermediates/pre-dexed/debug/classes-7dd1c516344419ae5e389b6b54c86a2ca5e3a075.jar /home/rc/AndroidStudioProjects/CampusBuddy/app/build/intermediates/pre-dexed/debug/classes-ebb6a8d5d7ddbb0dcfd3b0c425d5ece28637ac71.jar /home/rc/AndroidStudioProjects/CampusBuddy/app/build/intermediates/pre-dexed/debug/classes-7ce89a0828373323c08a0185db00b7a88b5243cd.jar /home/rc/AndroidStudioProjects/CampusBuddy/app/build/intermediates/pre-dexed/debug/classes-298381b492f8a3de49cbb5e3715331a97cb1bcbb.
Launcher Type: SUN_STANDARD

Environment Variables:
JAVA_HOME=/usr/local/java/jdk1.7.0_75
PATH=/usr/local/sbin:/usr/local/bin:/usr/sbin:/usr/bin:/sbin:/bin:/usr/games:/usr/local/games:/home/rc/bin:/usr/local/java/jdk1.7.0_75/bin:/home/rc/Android/Sdk/tools:/home/rc/Android/Sdk/platform-tools
SHELL=/bin/bash
DISPLAY=:0

Signal Handlers:
SIGSEGV: [libjvm.so+0x9a21f0], sa_mask[0]=0x7ffbfeff, sa_flags=0x10000004
SIGBUS: [libjvm.so+0x9a21f0], sa_mask[0]=0x7ffbfeff, sa_flags=0x10000004
SIGFPE: [libjvm.so+0x81ba40], sa_mask[0]=0x7ffbfeff, sa_flags=0x10000004
SIGPIPE: [libjvm.so+0x81ba40], sa_mask[0]=0x7ffbfeff, sa_flags=0x10000004
SIGXFSZ: [libjvm.so+0x81ba40], sa_mask[0]=0x7ffbfeff, sa_flags=0x10000004
SIGILL: [libjvm.so+0x81ba40], sa_mask[0]=0x7ffbfeff, sa_flags=0x10000004
SIGUSR1: SIG_DFL, sa_mask[0]=0x00000000, sa_flags=0x00000000
SIGUSR2: [libjvm.so+0x81d240], sa_mask[0]=0x00000004, sa_flags=0x10000004
SIGHUP: [libjvm.so+0x81e360], sa_mask[0]=0x7ffbfeff, sa_flags=0x10000004
SIGINT: [libjvm.so+0x81e360], sa_mask[0]=0x7ffbfeff, sa_flags=0x10000004
SIGTERM: [libjvm.so+0x81e360], sa_mask[0]=0x7ffbfeff, sa_flags=0x10000004
SIGQUIT: [libjvm.so+0x81e360], sa_mask[0]=0x7ffbfeff, sa_flags=0x10000004


---------------  S Y S T E M  ---------------

OS:jessie/sid

uname:Linux 3.13.0-46-generic #79-Ubuntu SMP Tue Mar 10 20:06:50 UTC 2015 x86_64
libc:glibc 2.19 NPTL 2.19 
rlimit: STACK 8192k, CORE 0k, NPROC 30946, NOFILE 4096, AS infinity
load average:2.63 2.29 2.06

/proc/meminfo:
MemTotal:        3982788 kB
MemFree:          103832 kB
Buffers:            1244 kB
Cached:           287880 kB
SwapCached:        19236 kB
Active:          2859876 kB
Inactive:         868008 kB
Active(anon):    2849568 kB
Inactive(anon):   841224 kB
Active(file):      10308 kB
Inactive(file):    26784 kB
Unevictable:          32 kB
Mlocked:              32 kB
SwapTotal:        583676 kB
SwapFree:              0 kB
Dirty:              4324 kB
Writeback:             0 kB
AnonPages:       3419700 kB
Mapped:            37296 kB
Shmem:            251920 kB
Slab:              61400 kB
SReclaimable:      28264 kB
SUnreclaim:        33136 kB
KernelStack:        4776 kB
PageTables:        33140 kB
NFS_Unstable:          0 kB
Bounce:                0 kB
WritebackTmp:          0 kB
CommitLimit:     2575068 kB
Committed_AS:    7488544 kB
VmallocTotal:   34359738367 kB
VmallocUsed:      544496 kB
VmallocChunk:   34359185372 kB
HardwareCorrupted:     0 kB
AnonHugePages:   2127872 kB
HugePages_Total:       0
HugePages_Free:        0
HugePages_Rsvd:        0
HugePages_Surp:        0
Hugepagesize:       2048 kB
DirectMap4k:       86720 kB
DirectMap2M:     4042752 kB
DirectMap1G:           0 kB


CPU:total 4 (2 cores per cpu, 2 threads per core) family 6 model 69 stepping 1, cmov, cx8, fxsr, mmx, sse, sse2, sse3, ssse3, sse4.1, sse4.2, popcnt, avx, avx2, aes, erms, ht, tsc, tscinvbit

/proc/cpuinfo:
processor	: 0
vendor_id	: GenuineIntel
cpu family	: 6
model		: 69
model name	: Intel(R) Core(TM) i3-4010U CPU @ 1.70GHz
stepping	: 1
microcode	: 0x17
cpu MHz		: 800.000
cache size	: 3072 KB
physical id	: 0
siblings	: 4
core id		: 0
cpu cores	: 2
apicid		: 0
initial apicid	: 0
fpu		: yes
fpu_exception	: yes
cpuid level	: 13
wp		: yes
flags		: fpu vme de pse tsc msr pae mce cx8 apic sep mtrr pge mca cmov pat pse36 clflush dts acpi mmx fxsr sse sse2 ss ht tm pbe syscall nx pdpe1gb rdtscp lm constant_tsc arch_perfmon pebs bts rep_good nopl xtopology nonstop_tsc aperfmperf eagerfpu pni pclmulqdq dtes64 monitor ds_cpl vmx est tm2 ssse3 fma cx16 xtpr pdcm pcid sse4_1 sse4_2 x2apic movbe popcnt tsc_deadline_timer aes xsave avx f16c rdrand lahf_lm abm ida arat epb xsaveopt pln pts dtherm tpr_shadow vnmi flexpriority ept vpid fsgsbase tsc_adjust bmi1 avx2 smep bmi2 erms invpcid
bogomips	: 3392.13
clflush size	: 64
cache_alignment	: 64
address sizes	: 39 bits physical, 48 bits virtual
power management:

processor	: 1
vendor_id	: GenuineIntel
cpu family	: 6
model		: 69
model name	: Intel(R) Core(TM) i3-4010U CPU @ 1.70GHz
stepping	: 1
microcode	: 0x17
cpu MHz		: 1701.000
cache size	: 3072 KB
physical id	: 0
siblings	: 4
core id		: 0
cpu cores	: 2
apicid		: 1
initial apicid	: 1
fpu		: yes
fpu_exception	: yes
cpuid level	: 13
wp		: yes
flags		: fpu vme de pse tsc msr pae mce cx8 apic sep mtrr pge mca cmov pat pse36 clflush dts acpi mmx fxsr sse sse2 ss ht tm pbe syscall nx pdpe1gb rdtscp lm constant_tsc arch_perfmon pebs bts rep_good nopl xtopology nonstop_tsc aperfmperf eagerfpu pni pclmulqdq dtes64 monitor ds_cpl vmx est tm2 ssse3 fma cx16 xtpr pdcm pcid sse4_1 sse4_2 x2apic movbe popcnt tsc_deadline_timer aes xsave avx f16c rdrand lahf_lm abm ida arat epb xsaveopt pln pts dtherm tpr_shadow vnmi flexpriority ept vpid fsgsbase tsc_adjust bmi1 avx2 smep bmi2 erms invpcid
bogomips	: 3392.13
clflush size	: 64
cache_alignment	: 64
address sizes	: 39 bits physical, 48 bits virtual
power management:

processor	: 2
vendor_id	: GenuineIntel
cpu family	: 6
model		: 69
model name	: Intel(R) Core(TM) i3-4010U CPU @ 1.70GHz
stepping	: 1
microcode	: 0x17
cpu MHz		: 800.000
cache size	: 3072 KB
physical id	: 0
siblings	: 4
core id		: 1
cpu cores	: 2
apicid		: 2
initial apicid	: 2
fpu		: yes
fpu_exception	: yes
cpuid level	: 13
wp		: yes
flags		: fpu vme de pse tsc msr pae mce cx8 apic sep mtrr pge mca cmov pat pse36 clflush dts acpi mmx fxsr sse sse2 ss ht tm pbe syscall nx pdpe1gb rdtscp lm constant_tsc arch_perfmon pebs bts rep_good nopl xtopology nonstop_tsc aperfmperf eagerfpu pni pclmulqdq dtes64 monitor ds_cpl vmx est tm2 ssse3 fma cx16 xtpr pdcm pcid sse4_1 sse4_2 x2apic movbe popcnt tsc_deadline_timer aes xsave avx f16c rdrand lahf_lm abm ida arat epb xsaveopt pln pts dtherm tpr_shadow vnmi flexpriority ept vpid fsgsbase tsc_adjust bmi1 avx2 smep bmi2 erms invpcid
bogomips	: 3392.13
clflush size	: 64
cache_alignment	: 64
address sizes	: 39 bits physical, 48 bits virtual
power management:

processor	: 3
vendor_id	: GenuineIntel
cpu family	: 6
model		: 69
model name	: Intel(R) Core(TM) i3-4010U CPU @ 1.70GHz
stepping	: 1
microcode	: 0x17
cpu MHz		: 800.000
cache size	: 3072 KB
physical id	: 0
siblings	: 4
core id		: 1
cpu cores	: 2
apicid		: 3
initial apicid	: 3
fpu		: yes
fpu_exception	: yes
cpuid level	: 13
wp		: yes
flags		: fpu vme de pse tsc msr pae mce cx8 apic sep mtrr pge mca cmov pat pse36 clflush dts acpi mmx fxsr sse sse2 ss ht tm pbe syscall nx pdpe1gb rdtscp lm constant_tsc arch_perfmon pebs bts rep_good nopl xtopology nonstop_tsc aperfmperf eagerfpu pni pclmulqdq dtes64 monitor ds_cpl vmx est tm2 ssse3 fma cx16 xtpr pdcm pcid sse4_1 sse4_2 x2apic movbe popcnt tsc_deadline_timer aes xsave avx f16c rdrand lahf_lm abm ida arat epb xsaveopt pln pts dtherm tpr_shadow vnmi flexpriority ept vpid fsgsbase tsc_adjust bmi1 avx2 smep bmi2 erms invpcid
bogomips	: 3392.13
clflush size	: 64
cache_alignment	: 64
address sizes	: 39 bits physical, 48 bits virtual
power management:



Memory: 4k page, physical 3982788k(103832k free), swap 583676k(0k free)

vm_info: Java HotSpot(TM) 64-Bit Server VM (24.75-b04) for linux-amd64 JRE (1.7.0_75-b13), built on Dec 18 2014 16:45:18 by "java_re" with gcc 4.3.0 20080428 (Red Hat 4.3.0-8)

time: Fri May 15 22:30:46 2015
elapsed time: 12 seconds

