#
# There is insufficient memory for the Java Runtime Environment to continue.
# Native memory allocation (malloc) failed to allocate 119013376 bytes for committing reserved memory.
# Possible reasons:
#   The system is out of physical RAM or swap space
#   In 32 bit mode, the process size limit was hit
# Possible solutions:
#   Reduce memory load on the system
#   Increase physical memory or swap space
#   Check if swap backing store is full
#   Use 64 bit Java on a 64 bit OS
#   Decrease Java heap size (-Xmx/-Xms)
#   Decrease number of Java threads
#   Decrease Java thread stack sizes (-Xss)
#   Set larger code cache with -XX:ReservedCodeCacheSize=
# This output file may be truncated or incomplete.
#
#  Out of Memory Error (os_linux.cpp:2756), pid=27758, tid=140088688588544
#
# JRE version: Java(TM) SE Runtime Environment (7.0_75-b13) (build 1.7.0_75-b13)
# Java VM: Java HotSpot(TM) 64-Bit Server VM (24.75-b04 mixed mode linux-amd64 compressed oops)
# Failed to write core dump. Core dumps have been disabled. To enable core dumping, try "ulimit -c unlimited" before starting Java again
#

---------------  T H R E A D  ---------------

Current thread (0x00007f68f806c000):  VMThread [stack: 0x00007f68f0753000,0x00007f68f0854000] [id=27769]

Stack: [0x00007f68f0753000,0x00007f68f0854000],  sp=0x00007f68f0852240,  free space=1020k
Native frames: (J=compiled Java code, j=interpreted, Vv=VM code, C=native code)
V  [libjvm.so+0x9a18da]  VMError::report_and_die()+0x2ea
V  [libjvm.so+0x4975ab]  report_vm_out_of_memory(char const*, int, unsigned long, char const*)+0x9b
V  [libjvm.so+0x81ebae]  os::Linux::commit_memory_impl(char*, unsigned long, bool)+0xfe
V  [libjvm.so+0x81f0f9]  os::pd_commit_memory(char*, unsigned long, unsigned long, bool)+0x29
V  [libjvm.so+0x818e8a]  os::commit_memory(char*, unsigned long, unsigned long, bool)+0x2a
V  [libjvm.so+0x88bfb3]  PSVirtualSpace::expand_by(unsigned long)+0x53
V  [libjvm.so+0x88d388]  PSYoungGen::resize_generation(unsigned long, unsigned long)+0xf8
V  [libjvm.so+0x88c4f2]  PSYoungGen::resize(unsigned long, unsigned long)+0x22
V  [libjvm.so+0x889943]  PSScavenge::invoke_no_policy()+0xfb3
V  [libjvm.so+0x88a0f1]  PSScavenge::invoke()+0x41
V  [libjvm.so+0x840a90]  ParallelScavengeHeap::failed_mem_allocate(unsigned long)+0x70
V  [libjvm.so+0x9a3167]  VM_ParallelGCFailedAllocation::doit()+0x97
V  [libjvm.so+0x9aa605]  VM_Operation::evaluate()+0x55
V  [libjvm.so+0x9a89ca]  VMThread::evaluate_operation(VM_Operation*)+0xba
V  [libjvm.so+0x9a8d4e]  VMThread::loop()+0x1ce
V  [libjvm.so+0x9a91c0]  VMThread::run()+0x70
V  [libjvm.so+0x820b88]  java_start(Thread*)+0x108

VM_Operation (0x00007f68fe5954e0): ParallelGCFailedAllocation, mode: safepoint, requested by thread 0x00007f68f800c000


---------------  P R O C E S S  ---------------

Java Threads: ( => current thread )
  0x00007f68f809a800 JavaThread "Service Thread" daemon [_thread_blocked, id=27775, stack(0x00007f68f014d000,0x00007f68f024e000)]
  0x00007f68f8098800 JavaThread "C2 CompilerThread1" daemon [_thread_blocked, id=27774, stack(0x00007f68f024e000,0x00007f68f034f000)]
  0x00007f68f8095800 JavaThread "C2 CompilerThread0" daemon [_thread_blocked, id=27773, stack(0x00007f68f034f000,0x00007f68f0450000)]
  0x00007f68f8093000 JavaThread "Signal Dispatcher" daemon [_thread_blocked, id=27772, stack(0x00007f68f0450000,0x00007f68f0551000)]
  0x00007f68f8072800 JavaThread "Finalizer" daemon [_thread_blocked, id=27771, stack(0x00007f68f0551000,0x00007f68f0652000)]
  0x00007f68f8070800 JavaThread "Reference Handler" daemon [_thread_blocked, id=27770, stack(0x00007f68f0652000,0x00007f68f0753000)]
  0x00007f68f800c000 JavaThread "main" [_thread_blocked, id=27764, stack(0x00007f68fe496000,0x00007f68fe597000)]

Other Threads:
=>0x00007f68f806c000 VMThread [stack: 0x00007f68f0753000,0x00007f68f0854000] [id=27769]
  0x00007f68f80a5800 WatcherThread [stack: 0x00007f68f004c000,0x00007f68f014d000] [id=27776]

VM state:at safepoint (normal execution)

VM Mutex/Monitor currently owned by a thread:  ([mutex/lock_event])
[0x00007f68f80087a0] Threads_lock - owner thread: 0x00007f68f806c000
[0x00007f68f8008ca0] Heap_lock - owner thread: 0x00007f68f800c000

Heap
 PSYoungGen      total 216576K, used 8057K [0x00000000eaa80000, 0x00000000f8e00000, 0x0000000100000000)
  eden space 201728K, 0% used [0x00000000eaa80000,0x00000000eaa80000,0x00000000f6f80000)
  from space 14848K, 54% used [0x00000000f6f80000,0x00000000f775e6c0,0x00000000f7e00000)
  to   space 13312K, 0% used [0x00000000f7e00000,0x00000000f7e00000,0x00000000f8b00000)
 ParOldGen       total 41472K, used 31551K [0x00000000c0000000, 0x00000000c2880000, 0x00000000eaa80000)
  object space 41472K, 76% used [0x00000000c0000000,0x00000000c1ecfcd8,0x00000000c2880000)
 PSPermGen       total 21504K, used 7276K [0x00000000bae00000, 0x00000000bc300000, 0x00000000c0000000)
  object space 21504K, 33% used [0x00000000bae00000,0x00000000bb51b300,0x00000000bc300000)

Card table byte_map: [0x00007f68f437f000,0x00007f68f45a9000] byte_map_base: 0x00007f68f3da8000

Polling page: 0x00007f68fe5b4000

Code Cache  [0x00007f68f45a9000, 0x00007f68f4889000, 0x00007f68f75a9000)
 total_blobs=1235 nmethods=983 adapters=205 free_code_cache=46296Kb largest_free_block=47338688

Compilation events (10 events):
Event: 8.681 Thread 0x00007f68f8098800 1002             com.android.dx.io.instructions.InstructionCodec$7::decode (50 bytes)
Event: 8.681 Thread 0x00007f68f8095800 1003             com.android.dx.io.instructions.InstructionCodec$7::encode (23 bytes)
Event: 8.684 Thread 0x00007f68f8095800 nmethod 1003 0x00007f68f4875590 code [0x00007f68f48756e0, 0x00007f68f4875838]
Event: 8.685 Thread 0x00007f68f8098800 nmethod 1002 0x00007f68f4880490 code [0x00007f68f48805e0, 0x00007f68f48807b8]
Event: 8.786 Thread 0x00007f68f8095800 1004             com.android.dx.io.instructions.InstructionCodec$15::decode (54 bytes)
Event: 8.786 Thread 0x00007f68f8098800 1005             com.android.dx.io.instructions.InstructionCodec$15::encode (29 bytes)
Event: 8.790 Thread 0x00007f68f8098800 nmethod 1005 0x00007f68f487fe10 code [0x00007f68f487ff80, 0x00007f68f48801b8]
Event: 8.790 Thread 0x00007f68f8095800 nmethod 1004 0x00007f68f487f950 code [0x00007f68f487faa0, 0x00007f68f487fc78]
Event: 8.790 Thread 0x00007f68f8095800 1006             com.android.dx.io.instructions.DecodedInstruction::getLiteralByte (58 bytes)
Event: 8.791 Thread 0x00007f68f8095800 nmethod 1006 0x00007f68f4875350 code [0x00007f68f4875480, 0x00007f68f48754f8]

GC Heap History (10 events):
Event: 6.437 GC heap after
Heap after GC invocations=6 (full 0):
 PSYoungGen      total 73216K, used 6935K [0x00000000eaa80000, 0x00000000efd80000, 0x0000000100000000)
  eden space 63488K, 0% used [0x00000000eaa80000,0x00000000eaa80000,0x00000000ee880000)
  from space 9728K, 71% used [0x00000000ef400000,0x00000000efac5cd8,0x00000000efd80000)
  to   space 10752K, 0% used [0x00000000ee880000,0x00000000ee880000,0x00000000ef300000)
 ParOldGen       total 41472K, used 21296K [0x00000000c0000000, 0x00000000c2880000, 0x00000000eaa80000)
  object space 41472K, 51% used [0x00000000c0000000,0x00000000c14cc3c8,0x00000000c2880000)
 PSPermGen       total 21504K, used 7111K [0x00000000bae00000, 0x00000000bc300000, 0x00000000c0000000)
  object space 21504K, 33% used [0x00000000bae00000,0x00000000bb4f1c98,0x00000000bc300000)
}
Event: 7.028 GC heap before
{Heap before GC invocations=7 (full 0):
 PSYoungGen      total 73216K, used 69733K [0x00000000eaa80000, 0x00000000efd80000, 0x0000000100000000)
  eden space 63488K, 98% used [0x00000000eaa80000,0x00000000ee7d3750,0x00000000ee880000)
  from space 9728K, 71% used [0x00000000ef400000,0x00000000efac5cd8,0x00000000efd80000)
  to   space 10752K, 0% used [0x00000000ee880000,0x00000000ee880000,0x00000000ef300000)
 ParOldGen       total 41472K, used 21296K [0x00000000c0000000, 0x00000000c2880000, 0x00000000eaa80000)
  object space 41472K, 51% used [0x00000000c0000000,0x00000000c14cc3c8,0x00000000c2880000)
 PSPermGen       total 21504K, used 7242K [0x00000000bae00000, 0x00000000bc300000, 0x00000000c0000000)
  object space 21504K, 33% used [0x00000000bae00000,0x00000000bb512a28,0x00000000bc300000)
Event: 7.040 GC heap after
Heap after GC invocations=7 (full 0):
 PSYoungGen      total 74240K, used 6606K [0x00000000eaa80000, 0x00000000f3a80000, 0x0000000100000000)
  eden space 63488K, 0% used [0x00000000eaa80000,0x00000000eaa80000,0x00000000ee880000)
  from space 10752K, 61% used [0x00000000ee880000,0x00000000eeef3828,0x00000000ef300000)
  to   space 10240K, 0% used [0x00000000f3080000,0x00000000f3080000,0x00000000f3a80000)
 ParOldGen       total 41472K, used 22179K [0x00000000c0000000, 0x00000000c2880000, 0x00000000eaa80000)
  object space 41472K, 53% used [0x00000000c0000000,0x00000000c15a8d48,0x00000000c2880000)
 PSPermGen       total 21504K, used 7242K [0x00000000bae00000, 0x00000000bc300000, 0x00000000c0000000)
  object space 21504K, 33% used [0x00000000bae00000,0x00000000bb512a28,0x00000000bc300000)
}
Event: 7.343 GC heap before
{Heap before GC invocations=8 (full 0):
 PSYoungGen      total 74240K, used 70094K [0x00000000eaa80000, 0x00000000f3a80000, 0x0000000100000000)
  eden space 63488K, 100% used [0x00000000eaa80000,0x00000000ee880000,0x00000000ee880000)
  from space 10752K, 61% used [0x00000000ee880000,0x00000000eeef3828,0x00000000ef300000)
  to   space 10240K, 0% used [0x00000000f3080000,0x00000000f3080000,0x00000000f3a80000)
 ParOldGen       total 41472K, used 22179K [0x00000000c0000000, 0x00000000c2880000, 0x00000000eaa80000)
  object space 41472K, 53% used [0x00000000c0000000,0x00000000c15a8d48,0x00000000c2880000)
 PSPermGen       total 21504K, used 7252K [0x00000000bae00000, 0x00000000bc300000, 0x00000000c0000000)
  object space 21504K, 33% used [0x00000000bae00000,0x00000000bb515018,0x00000000bc300000)
Event: 7.359 GC heap after
Heap after GC invocations=8 (full 0):
 PSYoungGen      total 137216K, used 5692K [0x00000000eaa80000, 0x00000000f3a80000, 0x0000000100000000)
  eden space 126976K, 0% used [0x00000000eaa80000,0x00000000eaa80000,0x00000000f2680000)
  from space 10240K, 55% used [0x00000000f3080000,0x00000000f360f200,0x00000000f3a80000)
  to   space 10240K, 0% used [0x00000000f2680000,0x00000000f2680000,0x00000000f3080000)
 ParOldGen       total 41472K, used 23309K [0x00000000c0000000, 0x00000000c2880000, 0x00000000eaa80000)
  object space 41472K, 56% used [0x00000000c0000000,0x00000000c16c3440,0x00000000c2880000)
 PSPermGen       total 21504K, used 7252K [0x00000000bae00000, 0x00000000bc300000, 0x00000000c0000000)
  object space 21504K, 33% used [0x00000000bae00000,0x00000000bb515018,0x00000000bc300000)
}
Event: 7.953 GC heap before
{Heap before GC invocations=9 (full 0):
 PSYoungGen      total 137216K, used 132668K [0x00000000eaa80000, 0x00000000f3a80000, 0x0000000100000000)
  eden space 126976K, 100% used [0x00000000eaa80000,0x00000000f2680000,0x00000000f2680000)
  from space 10240K, 55% used [0x00000000f3080000,0x00000000f360f200,0x00000000f3a80000)
  to   space 10240K, 0% used [0x00000000f2680000,0x00000000f2680000,0x00000000f3080000)
 ParOldGen       total 41472K, used 23309K [0x00000000c0000000, 0x00000000c2880000, 0x00000000eaa80000)
  object space 41472K, 56% used [0x00000000c0000000,0x00000000c16c3440,0x00000000c2880000)
 PSPermGen       total 21504K, used 7268K [0x00000000bae00000, 0x00000000bc300000, 0x00000000c0000000)
  object space 21504K, 33% used [0x00000000bae00000,0x00000000bb519058,0x00000000bc300000)
Event: 7.962 GC heap after
Heap after GC invocations=9 (full 0):
 PSYoungGen      total 137216K, used 10213K [0x00000000eaa80000, 0x00000000f8b00000, 0x0000000100000000)
  eden space 126976K, 0% used [0x00000000eaa80000,0x00000000eaa80000,0x00000000f2680000)
  from space 10240K, 99% used [0x00000000f2680000,0x00000000f30795e0,0x00000000f3080000)
  to   space 13312K, 0% used [0x00000000f7e00000,0x00000000f7e00000,0x00000000f8b00000)
 ParOldGen       total 41472K, used 28180K [0x00000000c0000000, 0x00000000c2880000, 0x00000000eaa80000)
  object space 41472K, 67% used [0x00000000c0000000,0x00000000c1b85398,0x00000000c2880000)
 PSPermGen       total 21504K, used 7268K [0x00000000bae00000, 0x00000000bc300000, 0x00000000c0000000)
  object space 21504K, 33% used [0x00000000bae00000,0x00000000bb519058,0x00000000bc300000)
}
Event: 8.349 GC heap before
{Heap before GC invocations=10 (full 0):
 PSYoungGen      total 137216K, used 137189K [0x00000000eaa80000, 0x00000000f8b00000, 0x0000000100000000)
  eden space 126976K, 100% used [0x00000000eaa80000,0x00000000f2680000,0x00000000f2680000)
  from space 10240K, 99% used [0x00000000f2680000,0x00000000f30795e0,0x00000000f3080000)
  to   space 13312K, 0% used [0x00000000f7e00000,0x00000000f7e00000,0x00000000f8b00000)
 ParOldGen       total 41472K, used 28180K [0x00000000c0000000, 0x00000000c2880000, 0x00000000eaa80000)
  object space 41472K, 67% used [0x00000000c0000000,0x00000000c1b85398,0x00000000c2880000)
 PSPermGen       total 21504K, used 7273K [0x00000000bae00000, 0x00000000bc300000, 0x00000000c0000000)
  object space 21504K, 33% used [0x00000000bae00000,0x00000000bb51a538,0x00000000bc300000)
Event: 8.358 GC heap after
Heap after GC invocations=10 (full 0):
 PSYoungGen      total 215040K, used 12722K [0x00000000eaa80000, 0x00000000f8e00000, 0x0000000100000000)
  eden space 201728K, 0% used [0x00000000eaa80000,0x00000000eaa80000,0x00000000f6f80000)
  from space 13312K, 95% used [0x00000000f7e00000,0x00000000f8a6cbb0,0x00000000f8b00000)
  to   space 14848K, 0% used [0x00000000f6f80000,0x00000000f6f80000,0x00000000f7e00000)
 ParOldGen       total 41472K, used 31551K [0x00000000c0000000, 0x00000000c2880000, 0x00000000eaa80000)
  object space 41472K, 76% used [0x00000000c0000000,0x00000000c1ecfcd8,0x00000000c2880000)
 PSPermGen       total 21504K, used 7273K [0x00000000bae00000, 0x00000000bc300000, 0x00000000c0000000)
  object space 21504K, 33% used [0x00000000bae00000,0x00000000bb51a538,0x00000000bc300000)
}
Event: 8.889 GC heap before
{Heap before GC invocations=11 (full 0):
 PSYoungGen      total 215040K, used 210241K [0x00000000eaa80000, 0x00000000f8e00000, 0x0000000100000000)
  eden space 201728K, 97% used [0x00000000eaa80000,0x00000000f6b639e8,0x00000000f6f80000)
  from space 13312K, 95% used [0x00000000f7e00000,0x00000000f8a6cbb0,0x00000000f8b00000)
  to   space 14848K, 0% used [0x00000000f6f80000,0x00000000f6f80000,0x00000000f7e00000)
 ParOldGen       total 41472K, used 31551K [0x00000000c0000000, 0x00000000c2880000, 0x00000000eaa80000)
  object space 41472K, 76% used [0x00000000c0000000,0x00000000c1ecfcd8,0x00000000c2880000)
 PSPermGen       total 21504K, used 7276K [0x00000000bae00000, 0x00000000bc300000, 0x00000000c0000000)
  object space 21504K, 33% used [0x00000000bae00000,0x00000000bb51b300,0x00000000bc300000)

Deoptimization events (10 events):
Event: 6.931 Thread 0x00007f68f800c000 Uncommon trap: reason=array_check action=maybe_recompile pc=0x00007f68f4807d84 method=java.util.ComparableTimSort.binarySort([Ljava/lang/Object;III)V @ 193
Event: 6.956 Thread 0x00007f68f800c000 Uncommon trap: reason=predicate action=maybe_recompile pc=0x00007f68f4812118 method=java.util.TimSort.binarySort([Ljava/lang/Object;IIILjava/util/Comparator;)V @ 37
Event: 7.250 Thread 0x00007f68f800c000 Uncommon trap: reason=array_check action=maybe_recompile pc=0x00007f68f482ac0c method=java.util.TimSort.binarySort([Ljava/lang/Object;IIILjava/util/Comparator;)V @ 183
Event: 7.250 Thread 0x00007f68f800c000 Uncommon trap: reason=array_check action=maybe_recompile pc=0x00007f68f482ab3c method=java.util.TimSort.binarySort([Ljava/lang/Object;IIILjava/util/Comparator;)V @ 193
Event: 7.250 Thread 0x00007f68f800c000 Uncommon trap: reason=array_check action=maybe_recompile pc=0x00007f68f482ab3c method=java.util.TimSort.binarySort([Ljava/lang/Object;IIILjava/util/Comparator;)V @ 193
Event: 7.250 Thread 0x00007f68f800c000 Uncommon trap: reason=array_check action=maybe_recompile pc=0x00007f68f482ab3c method=java.util.TimSort.binarySort([Ljava/lang/Object;IIILjava/util/Comparator;)V @ 193
Event: 7.423 Thread 0x00007f68f800c000 Uncommon trap: reason=array_check action=maybe_recompile pc=0x00007f68f48421dc method=java.util.ComparableTimSort.binarySort([Ljava/lang/Object;III)V @ 183
Event: 7.666 Thread 0x00007f68f800c000 Uncommon trap: reason=array_check action=maybe_recompile pc=0x00007f68f48421dc method=java.util.ComparableTimSort.binarySort([Ljava/lang/Object;III)V @ 183
Event: 7.698 Thread 0x00007f68f800c000 Uncommon trap: reason=array_check action=maybe_recompile pc=0x00007f68f479cdd4 method=java.util.TimSort.binarySort([Ljava/lang/Object;IIILjava/util/Comparator;)V @ 215
Event: 7.698 Thread 0x00007f68f800c000 Uncommon trap: reason=array_check action=maybe_recompile pc=0x00007f68f479cdd4 method=java.util.TimSort.binarySort([Ljava/lang/Object;IIILjava/util/Comparator;)V @ 215

Internal exceptions (10 events):
Event: 5.784 Thread 0x00007f68f800c000 Threw 0x00000000eadf5410 at /HUDSON/workspace/7u-2-build-linux-amd64/jdk7u75/1940/hotspot/src/share/vm/prims/jvm.cpp:1281
Event: 5.784 Thread 0x00007f68f800c000 Threw 0x00000000eadf82c8 at /HUDSON/workspace/7u-2-build-linux-amd64/jdk7u75/1940/hotspot/src/share/vm/prims/jvm.cpp:1281
Event: 5.784 Thread 0x00007f68f800c000 Threw 0x00000000eadfb598 at /HUDSON/workspace/7u-2-build-linux-amd64/jdk7u75/1940/hotspot/src/share/vm/prims/jvm.cpp:1281
Event: 5.787 Thread 0x00007f68f800c000 Threw 0x00000000eae028a8 at /HUDSON/workspace/7u-2-build-linux-amd64/jdk7u75/1940/hotspot/src/share/vm/prims/jvm.cpp:1281
Event: 5.788 Thread 0x00007f68f800c000 Threw 0x00000000eae048d0 at /HUDSON/workspace/7u-2-build-linux-amd64/jdk7u75/1940/hotspot/src/share/vm/prims/jvm.cpp:1281
Event: 5.949 Thread 0x00007f68f800c000 Threw 0x00000000eafa8d50 at /HUDSON/workspace/7u-2-build-linux-amd64/jdk7u75/1940/hotspot/src/share/vm/prims/jvm.cpp:1281
Event: 5.949 Thread 0x00007f68f800c000 Threw 0x00000000eafa8e78 at /HUDSON/workspace/7u-2-build-linux-amd64/jdk7u75/1940/hotspot/src/share/vm/prims/jvm.cpp:1281
Event: 5.949 Thread 0x00007f68f800c000 Threw 0x00000000eafab240 at /HUDSON/workspace/7u-2-build-linux-amd64/jdk7u75/1940/hotspot/src/share/vm/prims/jvm.cpp:1281
Event: 5.949 Thread 0x00007f68f800c000 Threw 0x00000000eafab368 at /HUDSON/workspace/7u-2-build-linux-amd64/jdk7u75/1940/hotspot/src/share/vm/prims/jvm.cpp:1281
Event: 6.362 Thread 0x00007f68f800c000 Threw 0x00000000ec603390 at /HUDSON/workspace/7u-2-build-linux-amd64/jdk7u75/1940/hotspot/src/share/vm/prims/jvm.cpp:1281

Events (10 events):
Event: 8.106 Thread 0x00007f68f8095800 flushing nmethod 0x00007f68f4691190
Event: 8.106 Thread 0x00007f68f8095800 flushing nmethod 0x00007f68f46bbc10
Event: 8.139 Thread 0x00007f68f8098800 flushing nmethod 0x00007f68f47a3f50
Event: 8.143 Thread 0x00007f68f8095800 flushing nmethod 0x00007f68f47c96d0
Event: 8.349 Executing VM operation: ParallelGCFailedAllocation
Event: 8.358 Executing VM operation: ParallelGCFailedAllocation done
Event: 8.790 Thread 0x00007f68f8098800 flushing nmethod 0x00007f68f47f5f90
Event: 8.790 Thread 0x00007f68f8098800 flushing nmethod 0x00007f68f4807490
Event: 8.791 Thread 0x00007f68f8095800 flushing nmethod 0x00007f68f4811f10
Event: 8.889 Executing VM operation: ParallelGCFailedAllocation


Dynamic libraries:
00400000-00401000 r-xp 00000000 08:05 1715037                            /usr/local/java/jdk1.7.0_75/bin/java
00600000-00601000 rw-p 00000000 08:05 1715037                            /usr/local/java/jdk1.7.0_75/bin/java
0150f000-01530000 rw-p 00000000 00:00 0                                  [heap]
bae00000-bc300000 rw-p 00000000 00:00 0 
bc300000-c0000000 rw-p 00000000 00:00 0 
c0000000-c2880000 rw-p 00000000 00:00 0 
c2880000-eaa80000 rw-p 00000000 00:00 0 
eaa80000-f8e00000 rw-p 00000000 00:00 0 
fff80000-100000000 rw-p 00000000 00:00 0 
7f68b4000000-7f68b4021000 rw-p 00000000 00:00 0 
7f68b4021000-7f68b8000000 ---p 00000000 00:00 0 
7f68bc000000-7f68bce16000 rw-p 00000000 00:00 0 
7f68bce16000-7f68c0000000 ---p 00000000 00:00 0 
7f68c0000000-7f68c0021000 rw-p 00000000 00:00 0 
7f68c0021000-7f68c4000000 ---p 00000000 00:00 0 
7f68c4000000-7f68c4021000 rw-p 00000000 00:00 0 
7f68c4021000-7f68c8000000 ---p 00000000 00:00 0 
7f68c8000000-7f68c8cbb000 rw-p 00000000 00:00 0 
7f68c8cbb000-7f68cc000000 ---p 00000000 00:00 0 
7f68cc000000-7f68cc021000 rw-p 00000000 00:00 0 
7f68cc021000-7f68d0000000 ---p 00000000 00:00 0 
7f68d0000000-7f68d0021000 rw-p 00000000 00:00 0 
7f68d0021000-7f68d4000000 ---p 00000000 00:00 0 
7f68d4000000-7f68d4021000 rw-p 00000000 00:00 0 
7f68d4021000-7f68d8000000 ---p 00000000 00:00 0 
7f68d8000000-7f68d80e2000 rw-p 00000000 00:00 0 
7f68d80e2000-7f68dc000000 ---p 00000000 00:00 0 
7f68dc000000-7f68dc021000 rw-p 00000000 00:00 0 
7f68dc021000-7f68e0000000 ---p 00000000 00:00 0 
7f68e4000000-7f68e4021000 rw-p 00000000 00:00 0 
7f68e4021000-7f68e8000000 ---p 00000000 00:00 0 
7f68eb389000-7f68eb4f6000 rw-p 00000000 00:00 0 
7f68eb4f6000-7f68eb50c000 r-xp 00000000 08:05 1318659                    /usr/local/java/jdk1.7.0_75/jre/lib/amd64/libnet.so
7f68eb50c000-7f68eb70c000 ---p 00016000 08:05 1318659                    /usr/local/java/jdk1.7.0_75/jre/lib/amd64/libnet.so
7f68eb70c000-7f68eb70d000 rw-p 00016000 08:05 1318659                    /usr/local/java/jdk1.7.0_75/jre/lib/amd64/libnet.so
7f68eb70d000-7f68eb71d000 r-xp 00000000 08:05 1318625                    /usr/local/java/jdk1.7.0_75/jre/lib/amd64/libnio.so
7f68eb71d000-7f68eb91d000 ---p 00010000 08:05 1318625                    /usr/local/java/jdk1.7.0_75/jre/lib/amd64/libnio.so
7f68eb91d000-7f68eb91e000 rw-p 00010000 08:05 1318625                    /usr/local/java/jdk1.7.0_75/jre/lib/amd64/libnio.so
7f68eb91e000-7f68ec000000 r--p 00000000 08:05 1186696                    /usr/lib/locale/locale-archive
7f68ec000000-7f68ec021000 rw-p 00000000 00:00 0 
7f68ec021000-7f68f0000000 ---p 00000000 00:00 0 
7f68f004c000-7f68f004d000 ---p 00000000 00:00 0 
7f68f004d000-7f68f014d000 rw-p 00000000 00:00 0                          [stack:27776]
7f68f014d000-7f68f0150000 ---p 00000000 00:00 0 
7f68f0150000-7f68f024e000 rw-p 00000000 00:00 0                          [stack:27775]
7f68f024e000-7f68f0251000 ---p 00000000 00:00 0 
7f68f0251000-7f68f034f000 rw-p 00000000 00:00 0                          [stack:27774]
7f68f034f000-7f68f0352000 ---p 00000000 00:00 0 
7f68f0352000-7f68f0450000 rw-p 00000000 00:00 0                          [stack:27773]
7f68f0450000-7f68f0453000 ---p 00000000 00:00 0 
7f68f0453000-7f68f0551000 rw-p 00000000 00:00 0                          [stack:27772]
7f68f0551000-7f68f0554000 ---p 00000000 00:00 0 
7f68f0554000-7f68f0652000 rw-p 00000000 00:00 0                          [stack:27771]
7f68f0652000-7f68f0655000 ---p 00000000 00:00 0 
7f68f0655000-7f68f0753000 rw-p 00000000 00:00 0                          [stack:27770]
7f68f0753000-7f68f0754000 ---p 00000000 00:00 0 
7f68f0754000-7f68f1832000 rw-p 00000000 00:00 0                          [stack:27769]
7f68f1832000-7f68f19f1000 r--s 039eb000 08:05 1319093                    /usr/local/java/jdk1.7.0_75/jre/lib/rt.jar
7f68f19f1000-7f68f3f7b000 rw-p 00000000 00:00 0 
7f68f3f7b000-7f68f3f7c000 ---p 00000000 00:00 0 
7f68f3f7c000-7f68f407c000 rw-p 00000000 00:00 0                          [stack:27768]
7f68f407c000-7f68f407d000 ---p 00000000 00:00 0 
7f68f407d000-7f68f417d000 rw-p 00000000 00:00 0                          [stack:27767]
7f68f417d000-7f68f417e000 ---p 00000000 00:00 0 
7f68f417e000-7f68f427e000 rw-p 00000000 00:00 0                          [stack:27766]
7f68f427e000-7f68f427f000 ---p 00000000 00:00 0 
7f68f427f000-7f68f438a000 rw-p 00000000 00:00 0                          [stack:27765]
7f68f438a000-7f68f43a8000 rw-p 00000000 00:00 0 
7f68f43a8000-7f68f43bd000 rw-p 00000000 00:00 0 
7f68f43bd000-7f68f44fd000 rw-p 00000000 00:00 0 
7f68f44fd000-7f68f456f000 rw-p 00000000 00:00 0 
7f68f456f000-7f68f45a8000 rw-p 00000000 00:00 0 
7f68f45a8000-7f68f45a9000 rw-p 00000000 00:00 0 
7f68f45a9000-7f68f4889000 rwxp 00000000 00:00 0 
7f68f4889000-7f68f75a9000 rw-p 00000000 00:00 0 
7f68f75a9000-7f68f75c3000 r-xp 00000000 08:05 1318654                    /usr/local/java/jdk1.7.0_75/jre/lib/amd64/libzip.so
7f68f75c3000-7f68f77c3000 ---p 0001a000 08:05 1318654                    /usr/local/java/jdk1.7.0_75/jre/lib/amd64/libzip.so
7f68f77c3000-7f68f77c4000 rw-p 0001a000 08:05 1318654                    /usr/local/java/jdk1.7.0_75/jre/lib/amd64/libzip.so
7f68f77c4000-7f68f77cf000 r-xp 00000000 08:05 11010875                   /lib/x86_64-linux-gnu/libnss_files-2.19.so
7f68f77cf000-7f68f79ce000 ---p 0000b000 08:05 11010875                   /lib/x86_64-linux-gnu/libnss_files-2.19.so
7f68f79ce000-7f68f79cf000 r--p 0000a000 08:05 11010875                   /lib/x86_64-linux-gnu/libnss_files-2.19.so
7f68f79cf000-7f68f79d0000 rw-p 0000b000 08:05 11010875                   /lib/x86_64-linux-gnu/libnss_files-2.19.so
7f68f79d0000-7f68f79db000 r-xp 00000000 08:05 11010895                   /lib/x86_64-linux-gnu/libnss_nis-2.19.so
7f68f79db000-7f68f7bda000 ---p 0000b000 08:05 11010895                   /lib/x86_64-linux-gnu/libnss_nis-2.19.so
7f68f7bda000-7f68f7bdb000 r--p 0000a000 08:05 11010895                   /lib/x86_64-linux-gnu/libnss_nis-2.19.so
7f68f7bdb000-7f68f7bdc000 rw-p 0000b000 08:05 11010895                   /lib/x86_64-linux-gnu/libnss_nis-2.19.so
7f68f7bdc000-7f68f7bf3000 r-xp 00000000 08:05 11010884                   /lib/x86_64-linux-gnu/libnsl-2.19.so
7f68f7bf3000-7f68f7df2000 ---p 00017000 08:05 11010884                   /lib/x86_64-linux-gnu/libnsl-2.19.so
7f68f7df2000-7f68f7df3000 r--p 00016000 08:05 11010884                   /lib/x86_64-linux-gnu/libnsl-2.19.so
7f68f7df3000-7f68f7df4000 rw-p 00017000 08:05 11010884                   /lib/x86_64-linux-gnu/libnsl-2.19.so
7f68f7df4000-7f68f7df6000 rw-p 00000000 00:00 0 
7f68f7df6000-7f68f7dff000 r-xp 00000000 08:05 11010883                   /lib/x86_64-linux-gnu/libnss_compat-2.19.so
7f68f7dff000-7f68f7ffe000 ---p 00009000 08:05 11010883                   /lib/x86_64-linux-gnu/libnss_compat-2.19.so
7f68f7ffe000-7f68f7fff000 r--p 00008000 08:05 11010883                   /lib/x86_64-linux-gnu/libnss_compat-2.19.so
7f68f7fff000-7f68f8000000 rw-p 00009000 08:05 11010883                   /lib/x86_64-linux-gnu/libnss_compat-2.19.so
7f68f8000000-7f68f81f5000 rw-p 00000000 00:00 0 
7f68f81f5000-7f68fc000000 ---p 00000000 00:00 0 
7f68fc010000-7f68fc064000 rw-p 00000000 00:00 0 
7f68fc064000-7f68fc082000 rw-p 00000000 00:00 0 
7f68fc082000-7f68fc097000 rw-p 00000000 00:00 0 
7f68fc097000-7f68fc1d8000 rw-p 00000000 00:00 0 
7f68fc1d8000-7f68fc201000 r-xp 00000000 08:05 1318620                    /usr/local/java/jdk1.7.0_75/jre/lib/amd64/libjava.so
7f68fc201000-7f68fc401000 ---p 00029000 08:05 1318620                    /usr/local/java/jdk1.7.0_75/jre/lib/amd64/libjava.so
7f68fc401000-7f68fc403000 rw-p 00029000 08:05 1318620                    /usr/local/java/jdk1.7.0_75/jre/lib/amd64/libjava.so
7f68fc403000-7f68fc410000 r-xp 00000000 08:05 1318647                    /usr/local/java/jdk1.7.0_75/jre/lib/amd64/libverify.so
7f68fc410000-7f68fc60f000 ---p 0000d000 08:05 1318647                    /usr/local/java/jdk1.7.0_75/jre/lib/amd64/libverify.so
7f68fc60f000-7f68fc611000 rw-p 0000c000 08:05 1318647                    /usr/local/java/jdk1.7.0_75/jre/lib/amd64/libverify.so
7f68fc611000-7f68fc618000 r-xp 00000000 08:05 11010892                   /lib/x86_64-linux-gnu/librt-2.19.so
7f68fc618000-7f68fc817000 ---p 00007000 08:05 11010892                   /lib/x86_64-linux-gnu/librt-2.19.so
7f68fc817000-7f68fc818000 r--p 00006000 08:05 11010892                   /lib/x86_64-linux-gnu/librt-2.19.so
7f68fc818000-7f68fc819000 rw-p 00007000 08:05 11010892                   /lib/x86_64-linux-gnu/librt-2.19.so
7f68fc819000-7f68fc91e000 r-xp 00000000 08:05 11010874                   /lib/x86_64-linux-gnu/libm-2.19.so
7f68fc91e000-7f68fcb1d000 ---p 00105000 08:05 11010874                   /lib/x86_64-linux-gnu/libm-2.19.so
7f68fcb1d000-7f68fcb1e000 r--p 00104000 08:05 11010874                   /lib/x86_64-linux-gnu/libm-2.19.so
7f68fcb1e000-7f68fcb1f000 rw-p 00105000 08:05 11010874                   /lib/x86_64-linux-gnu/libm-2.19.so
7f68fcb1f000-7f68fd692000 r-xp 00000000 08:05 1318674                    /usr/local/java/jdk1.7.0_75/jre/lib/amd64/server/libjvm.so
7f68fd692000-7f68fd892000 ---p 00b73000 08:05 1318674                    /usr/local/java/jdk1.7.0_75/jre/lib/amd64/server/libjvm.so
7f68fd892000-7f68fd956000 rw-p 00b73000 08:05 1318674                    /usr/local/java/jdk1.7.0_75/jre/lib/amd64/server/libjvm.so
7f68fd956000-7f68fd997000 rw-p 00000000 00:00 0 
7f68fd997000-7f68fdb52000 r-xp 00000000 08:05 11010889                   /lib/x86_64-linux-gnu/libc-2.19.so
7f68fdb52000-7f68fdd51000 ---p 001bb000 08:05 11010889                   /lib/x86_64-linux-gnu/libc-2.19.so
7f68fdd51000-7f68fdd55000 r--p 001ba000 08:05 11010889                   /lib/x86_64-linux-gnu/libc-2.19.so
7f68fdd55000-7f68fdd57000 rw-p 001be000 08:05 11010889                   /lib/x86_64-linux-gnu/libc-2.19.so
7f68fdd57000-7f68fdd5c000 rw-p 00000000 00:00 0 
7f68fdd5c000-7f68fdd5f000 r-xp 00000000 08:05 11010878                   /lib/x86_64-linux-gnu/libdl-2.19.so
7f68fdd5f000-7f68fdf5e000 ---p 00003000 08:05 11010878                   /lib/x86_64-linux-gnu/libdl-2.19.so
7f68fdf5e000-7f68fdf5f000 r--p 00002000 08:05 11010878                   /lib/x86_64-linux-gnu/libdl-2.19.so
7f68fdf5f000-7f68fdf60000 rw-p 00003000 08:05 11010878                   /lib/x86_64-linux-gnu/libdl-2.19.so
7f68fdf60000-7f68fdf76000 r-xp 00000000 08:05 1579429                    /usr/local/java/jdk1.7.0_75/lib/amd64/jli/libjli.so
7f68fdf76000-7f68fe176000 ---p 00016000 08:05 1579429                    /usr/local/java/jdk1.7.0_75/lib/amd64/jli/libjli.so
7f68fe176000-7f68fe177000 rw-p 00016000 08:05 1579429                    /usr/local/java/jdk1.7.0_75/lib/amd64/jli/libjli.so
7f68fe177000-7f68fe190000 r-xp 00000000 08:05 11010890                   /lib/x86_64-linux-gnu/libpthread-2.19.so
7f68fe190000-7f68fe38f000 ---p 00019000 08:05 11010890                   /lib/x86_64-linux-gnu/libpthread-2.19.so
7f68fe38f000-7f68fe390000 r--p 00018000 08:05 11010890                   /lib/x86_64-linux-gnu/libpthread-2.19.so
7f68fe390000-7f68fe391000 rw-p 00019000 08:05 11010890                   /lib/x86_64-linux-gnu/libpthread-2.19.so
7f68fe391000-7f68fe395000 rw-p 00000000 00:00 0 
7f68fe395000-7f68fe3b8000 r-xp 00000000 08:05 11010886                   /lib/x86_64-linux-gnu/ld-2.19.so
7f68fe3bc000-7f68fe3c0000 r--s 0008b000 08:05 1319088                    /usr/local/java/jdk1.7.0_75/jre/lib/jsse.jar
7f68fe3c0000-7f68fe3e2000 rw-p 00000000 00:00 0 
7f68fe3e2000-7f68fe496000 rw-p 00000000 00:00 0 
7f68fe496000-7f68fe499000 ---p 00000000 00:00 0 
7f68fe499000-7f68fe59c000 rw-p 00000000 00:00 0                          [stack:27764]
7f68fe59c000-7f68fe5ab000 r--s 000dd000 08:05 4726194                    /home/rc/Android/Sdk/build-tools/22.0.1/lib/dx.jar
7f68fe5ab000-7f68fe5b3000 rw-s 00000000 08:05 9830416                    /tmp/hsperfdata_rc/27758
7f68fe5b3000-7f68fe5b4000 rw-p 00000000 00:00 0 
7f68fe5b4000-7f68fe5b5000 ---p 00000000 00:00 0 
7f68fe5b5000-7f68fe5b7000 rw-p 00000000 00:00 0 
7f68fe5b7000-7f68fe5b8000 r--p 00022000 08:05 11010886                   /lib/x86_64-linux-gnu/ld-2.19.so
7f68fe5b8000-7f68fe5b9000 rw-p 00023000 08:05 11010886                   /lib/x86_64-linux-gnu/ld-2.19.so
7f68fe5b9000-7f68fe5ba000 rw-p 00000000 00:00 0 
7ffc7a52f000-7ffc7a551000 rw-p 00000000 00:00 0                          [stack]
7ffc7a5de000-7ffc7a5e0000 r-xp 00000000 00:00 0                          [vdso]
ffffffffff600000-ffffffffff601000 r-xp 00000000 00:00 0                  [vsyscall]

VM Arguments:
jvm_args: -Xmx1024M -Dfile.encoding=UTF-8 -Duser.country=IN -Duser.language=en -Duser.variant 
java_command: com.android.dx.command.Main --dex --output /home/rc/AndroidStudioProjects/CampusBuddy/app/build/intermediates/dex/debug /home/rc/AndroidStudioProjects/CampusBuddy/app/build/intermediates/classes/debug /home/rc/AndroidStudioProjects/CampusBuddy/app/build/intermediates/pre-dexed/debug/classes-62ea3703263aaa97ddfdf0c367668e1141a7d35d.jar /home/rc/AndroidStudioProjects/CampusBuddy/app/build/intermediates/pre-dexed/debug/support-annotations-22.2.0-a0368d24d08b26503b0fd30029c66c3a9459d03e.jar /home/rc/AndroidStudioProjects/CampusBuddy/app/build/intermediates/pre-dexed/debug/classes-ad76a3e756d04f2e97af12e6cd51c7ca2a3fa1b6.jar /home/rc/AndroidStudioProjects/CampusBuddy/app/build/intermediates/pre-dexed/debug/classes-8d67e47ef7b51b51545918d0649cae451c70c25f.jar /home/rc/AndroidStudioProjects/CampusBuddy/app/build/intermediates/pre-dexed/debug/classes-96ab323aa96f67aa00111f7ecfee9e6883fe0a2c.jar /home/rc/AndroidStudioProjects/CampusBuddy/app/build/intermediates/pre-dexed/debug/classes-03ffb26b96cce1460b347d69c36e452be55dd044.jar /home/rc/AndroidStudioProjects/CampusBuddy/app/build/intermediates/pre-dexed/debug/classes-baaac41accfb888e025f0f454f159bbc9081aaf4.jar /home/rc/AndroidStudioProjects/CampusBuddy/app/build/intermediates/pre-dexed/debug/classes-a48f95245566239153a4027b42c0fe4632ff3d43.jar /home/rc/AndroidStudioProjects/CampusBuddy/app/build/intermediates/pre-dexed/debug/classes-c88e5e0c97cff5cca90ce04dc4c751484fcbffcc.jar /home/rc/AndroidStudioProjects/CampusBuddy/app/build/intermediates/pre-dexed/debug/rebound-0.3.8-bb7f0d80c063b453367e7609ca4c3f2eb710d981.jar /home/rc/AndroidStudioProjects/CampusBuddy/app/build/intermediates/pre-dexed/debug/bolts-android-1.1.4-8a6bd6ed976d53a653533be92ef6ce2ea125fb82.jar /home/rc/AndroidStudioProjects/CampusBuddy/app/build/intermediates/pre-dexed/debug/classes-803dfcb458d0acab6ddd5094bc4867449afefd94.jar /home/rc/AndroidStudioProjects/CampusBuddy/app/build/intermediates/pre-dexed/debug/classes-7dd1c516344419ae5e389b6
Launcher Type: SUN_STANDARD

Environment Variables:
JAVA_HOME=/usr/local/java/jdk1.7.0_75
PATH=/usr/local/sbin:/usr/local/bin:/usr/sbin:/usr/bin:/sbin:/bin:/usr/games:/usr/local/games:/home/rc/bin:/usr/local/java/jdk1.7.0_75/bin:/home/rc/Android/Sdk/tools:/home/rc/Android/Sdk/platform-tools
SHELL=/bin/bash
DISPLAY=:0

Signal Handlers:
SIGSEGV: [libjvm.so+0x9a21f0], sa_mask[0]=0x7ffbfeff, sa_flags=0x10000004
SIGBUS: [libjvm.so+0x9a21f0], sa_mask[0]=0x7ffbfeff, sa_flags=0x10000004
SIGFPE: [libjvm.so+0x81ba40], sa_mask[0]=0x7ffbfeff, sa_flags=0x10000004
SIGPIPE: [libjvm.so+0x81ba40], sa_mask[0]=0x7ffbfeff, sa_flags=0x10000004
SIGXFSZ: [libjvm.so+0x81ba40], sa_mask[0]=0x7ffbfeff, sa_flags=0x10000004
SIGILL: [libjvm.so+0x81ba40], sa_mask[0]=0x7ffbfeff, sa_flags=0x10000004
SIGUSR1: SIG_DFL, sa_mask[0]=0x00000000, sa_flags=0x00000000
SIGUSR2: [libjvm.so+0x81d240], sa_mask[0]=0x00000004, sa_flags=0x10000004
SIGHUP: [libjvm.so+0x81e360], sa_mask[0]=0x7ffbfeff, sa_flags=0x10000004
SIGINT: [libjvm.so+0x81e360], sa_mask[0]=0x7ffbfeff, sa_flags=0x10000004
SIGTERM: [libjvm.so+0x81e360], sa_mask[0]=0x7ffbfeff, sa_flags=0x10000004
SIGQUIT: [libjvm.so+0x81e360], sa_mask[0]=0x7ffbfeff, sa_flags=0x10000004


---------------  S Y S T E M  ---------------

OS:jessie/sid

uname:Linux 3.13.0-53-generic #89-Ubuntu SMP Wed May 20 10:34:39 UTC 2015 x86_64
libc:glibc 2.19 NPTL 2.19 
rlimit: STACK 8192k, CORE 0k, NPROC 30946, NOFILE 4096, AS infinity
load average:2.87 3.13 2.75

/proc/meminfo:
MemTotal:        3982808 kB
MemFree:          112504 kB
Buffers:             948 kB
Cached:           364884 kB
SwapCached:        12164 kB
Active:          2863024 kB
Inactive:         835064 kB
Active(anon):    2838636 kB
Inactive(anon):   807980 kB
Active(file):      24388 kB
Inactive(file):    27084 kB
Unevictable:          32 kB
Mlocked:              32 kB
SwapTotal:        583676 kB
SwapFree:              4 kB
Dirty:               124 kB
Writeback:            36 kB
AnonPages:       3320500 kB
Mapped:           139292 kB
Shmem:            314060 kB
Slab:              70272 kB
SReclaimable:      32908 kB
SUnreclaim:        37364 kB
KernelStack:        4920 kB
PageTables:        39672 kB
NFS_Unstable:          0 kB
Bounce:                0 kB
WritebackTmp:          0 kB
CommitLimit:     2575080 kB
Committed_AS:    8210216 kB
VmallocTotal:   34359738367 kB
VmallocUsed:      544448 kB
VmallocChunk:   34359184508 kB
HardwareCorrupted:     0 kB
AnonHugePages:   1484800 kB
HugePages_Total:       0
HugePages_Free:        0
HugePages_Rsvd:        0
HugePages_Surp:        0
Hugepagesize:       2048 kB
DirectMap4k:       96960 kB
DirectMap2M:     2983936 kB
DirectMap1G:     1048576 kB


CPU:total 4 (2 cores per cpu, 2 threads per core) family 6 model 69 stepping 1, cmov, cx8, fxsr, mmx, sse, sse2, sse3, ssse3, sse4.1, sse4.2, popcnt, avx, avx2, aes, erms, ht, tsc, tscinvbit

/proc/cpuinfo:
processor	: 0
vendor_id	: GenuineIntel
cpu family	: 6
model		: 69
model name	: Intel(R) Core(TM) i3-4010U CPU @ 1.70GHz
stepping	: 1
microcode	: 0x17
cpu MHz		: 1701.000
cache size	: 3072 KB
physical id	: 0
siblings	: 4
core id		: 0
cpu cores	: 2
apicid		: 0
initial apicid	: 0
fpu		: yes
fpu_exception	: yes
cpuid level	: 13
wp		: yes
flags		: fpu vme de pse tsc msr pae mce cx8 apic sep mtrr pge mca cmov pat pse36 clflush dts acpi mmx fxsr sse sse2 ss ht tm pbe syscall nx pdpe1gb rdtscp lm constant_tsc arch_perfmon pebs bts rep_good nopl xtopology nonstop_tsc aperfmperf eagerfpu pni pclmulqdq dtes64 monitor ds_cpl vmx est tm2 ssse3 fma cx16 xtpr pdcm pcid sse4_1 sse4_2 x2apic movbe popcnt tsc_deadline_timer aes xsave avx f16c rdrand lahf_lm abm ida arat epb xsaveopt pln pts dtherm tpr_shadow vnmi flexpriority ept vpid fsgsbase tsc_adjust bmi1 avx2 smep bmi2 erms invpcid
bogomips	: 3392.05
clflush size	: 64
cache_alignment	: 64
address sizes	: 39 bits physical, 48 bits virtual
power management:

processor	: 1
vendor_id	: GenuineIntel
cpu family	: 6
model		: 69
model name	: Intel(R) Core(TM) i3-4010U CPU @ 1.70GHz
stepping	: 1
microcode	: 0x17
cpu MHz		: 1701.000
cache size	: 3072 KB
physical id	: 0
siblings	: 4
core id		: 0
cpu cores	: 2
apicid		: 1
initial apicid	: 1
fpu		: yes
fpu_exception	: yes
cpuid level	: 13
wp		: yes
flags		: fpu vme de pse tsc msr pae mce cx8 apic sep mtrr pge mca cmov pat pse36 clflush dts acpi mmx fxsr sse sse2 ss ht tm pbe syscall nx pdpe1gb rdtscp lm constant_tsc arch_perfmon pebs bts rep_good nopl xtopology nonstop_tsc aperfmperf eagerfpu pni pclmulqdq dtes64 monitor ds_cpl vmx est tm2 ssse3 fma cx16 xtpr pdcm pcid sse4_1 sse4_2 x2apic movbe popcnt tsc_deadline_timer aes xsave avx f16c rdrand lahf_lm abm ida arat epb xsaveopt pln pts dtherm tpr_shadow vnmi flexpriority ept vpid fsgsbase tsc_adjust bmi1 avx2 smep bmi2 erms invpcid
bogomips	: 3392.05
clflush size	: 64
cache_alignment	: 64
address sizes	: 39 bits physical, 48 bits virtual
power management:

processor	: 2
vendor_id	: GenuineIntel
cpu family	: 6
model		: 69
model name	: Intel(R) Core(TM) i3-4010U CPU @ 1.70GHz
stepping	: 1
microcode	: 0x17
cpu MHz		: 800.000
cache size	: 3072 KB
physical id	: 0
siblings	: 4
core id		: 1
cpu cores	: 2
apicid		: 2
initial apicid	: 2
fpu		: yes
fpu_exception	: yes
cpuid level	: 13
wp		: yes
flags		: fpu vme de pse tsc msr pae mce cx8 apic sep mtrr pge mca cmov pat pse36 clflush dts acpi mmx fxsr sse sse2 ss ht tm pbe syscall nx pdpe1gb rdtscp lm constant_tsc arch_perfmon pebs bts rep_good nopl xtopology nonstop_tsc aperfmperf eagerfpu pni pclmulqdq dtes64 monitor ds_cpl vmx est tm2 ssse3 fma cx16 xtpr pdcm pcid sse4_1 sse4_2 x2apic movbe popcnt tsc_deadline_timer aes xsave avx f16c rdrand lahf_lm abm ida arat epb xsaveopt pln pts dtherm tpr_shadow vnmi flexpriority ept vpid fsgsbase tsc_adjust bmi1 avx2 smep bmi2 erms invpcid
bogomips	: 3392.05
clflush size	: 64
cache_alignment	: 64
address sizes	: 39 bits physical, 48 bits virtual
power management:

processor	: 3
vendor_id	: GenuineIntel
cpu family	: 6
model		: 69
model name	: Intel(R) Core(TM) i3-4010U CPU @ 1.70GHz
stepping	: 1
microcode	: 0x17
cpu MHz		: 800.000
cache size	: 3072 KB
physical id	: 0
siblings	: 4
core id		: 1
cpu cores	: 2
apicid		: 3
initial apicid	: 3
fpu		: yes
fpu_exception	: yes
cpuid level	: 13
wp		: yes
flags		: fpu vme de pse tsc msr pae mce cx8 apic sep mtrr pge mca cmov pat pse36 clflush dts acpi mmx fxsr sse sse2 ss ht tm pbe syscall nx pdpe1gb rdtscp lm constant_tsc arch_perfmon pebs bts rep_good nopl xtopology nonstop_tsc aperfmperf eagerfpu pni pclmulqdq dtes64 monitor ds_cpl vmx est tm2 ssse3 fma cx16 xtpr pdcm pcid sse4_1 sse4_2 x2apic movbe popcnt tsc_deadline_timer aes xsave avx f16c rdrand lahf_lm abm ida arat epb xsaveopt pln pts dtherm tpr_shadow vnmi flexpriority ept vpid fsgsbase tsc_adjust bmi1 avx2 smep bmi2 erms invpcid
bogomips	: 3392.05
clflush size	: 64
cache_alignment	: 64
address sizes	: 39 bits physical, 48 bits virtual
power management:



Memory: 4k page, physical 3982808k(112504k free), swap 583676k(4k free)

vm_info: Java HotSpot(TM) 64-Bit Server VM (24.75-b04) for linux-amd64 JRE (1.7.0_75-b13), built on Dec 18 2014 16:45:18 by "java_re" with gcc 4.3.0 20080428 (Red Hat 4.3.0-8)

time: Tue Jul  7 15:51:55 2015
elapsed time: 11 seconds

