#
# There is insufficient memory for the Java Runtime Environment to continue.
# Native memory allocation (malloc) failed to allocate 116916224 bytes for committing reserved memory.
# Possible reasons:
#   The system is out of physical RAM or swap space
#   In 32 bit mode, the process size limit was hit
# Possible solutions:
#   Reduce memory load on the system
#   Increase physical memory or swap space
#   Check if swap backing store is full
#   Use 64 bit Java on a 64 bit OS
#   Decrease Java heap size (-Xmx/-Xms)
#   Decrease number of Java threads
#   Decrease Java thread stack sizes (-Xss)
#   Set larger code cache with -XX:ReservedCodeCacheSize=
# This output file may be truncated or incomplete.
#
#  Out of Memory Error (os_linux.cpp:2756), pid=15949, tid=140423835821824
#
# JRE version: Java(TM) SE Runtime Environment (7.0_75-b13) (build 1.7.0_75-b13)
# Java VM: Java HotSpot(TM) 64-Bit Server VM (24.75-b04 mixed mode linux-amd64 compressed oops)
# Failed to write core dump. Core dumps have been disabled. To enable core dumping, try "ulimit -c unlimited" before starting Java again
#

---------------  T H R E A D  ---------------

Current thread (0x00007fb70406b800):  VMThread [stack: 0x00007fb6f8ca2000,0x00007fb6f8da3000] [id=15960]

Stack: [0x00007fb6f8ca2000,0x00007fb6f8da3000],  sp=0x00007fb6f8da12c0,  free space=1020k
Native frames: (J=compiled Java code, j=interpreted, Vv=VM code, C=native code)
V  [libjvm.so+0x9a18da]  VMError::report_and_die()+0x2ea
V  [libjvm.so+0x4975ab]  report_vm_out_of_memory(char const*, int, unsigned long, char const*)+0x9b
V  [libjvm.so+0x81ebae]  os::Linux::commit_memory_impl(char*, unsigned long, bool)+0xfe
V  [libjvm.so+0x81f0f9]  os::pd_commit_memory(char*, unsigned long, unsigned long, bool)+0x29
V  [libjvm.so+0x818e8a]  os::commit_memory(char*, unsigned long, unsigned long, bool)+0x2a
V  [libjvm.so+0x88bfb3]  PSVirtualSpace::expand_by(unsigned long)+0x53
V  [libjvm.so+0x88d388]  PSYoungGen::resize_generation(unsigned long, unsigned long)+0xf8
V  [libjvm.so+0x88c4f2]  PSYoungGen::resize(unsigned long, unsigned long)+0x22
V  [libjvm.so+0x889943]  PSScavenge::invoke_no_policy()+0xfb3
V  [libjvm.so+0x88a0f1]  PSScavenge::invoke()+0x41
V  [libjvm.so+0x840a90]  ParallelScavengeHeap::failed_mem_allocate(unsigned long)+0x70
V  [libjvm.so+0x9a3167]  VM_ParallelGCFailedAllocation::doit()+0x97
V  [libjvm.so+0x9aa605]  VM_Operation::evaluate()+0x55
V  [libjvm.so+0x9a89ca]  VMThread::evaluate_operation(VM_Operation*)+0xba
V  [libjvm.so+0x9a8d4e]  VMThread::loop()+0x1ce
V  [libjvm.so+0x9a91c0]  VMThread::run()+0x70
V  [libjvm.so+0x820b88]  java_start(Thread*)+0x108

VM_Operation (0x00007fb70ab0e320): ParallelGCFailedAllocation, mode: safepoint, requested by thread 0x00007fb70400b800


---------------  P R O C E S S  ---------------

Java Threads: ( => current thread )
  0x00007fb70409a000 JavaThread "Service Thread" daemon [_thread_blocked, id=15966, stack(0x00007fb6f3eff000,0x00007fb6f4000000)]
  0x00007fb704097800 JavaThread "C2 CompilerThread1" daemon [_thread_blocked, id=15965, stack(0x00007fb6f80bb000,0x00007fb6f81bc000)]
  0x00007fb704095000 JavaThread "C2 CompilerThread0" daemon [_thread_blocked, id=15964, stack(0x00007fb6f81bc000,0x00007fb6f82bd000)]
  0x00007fb704092800 JavaThread "Signal Dispatcher" daemon [_thread_blocked, id=15963, stack(0x00007fb6f82bd000,0x00007fb6f83be000)]
  0x00007fb704072000 JavaThread "Finalizer" daemon [_thread_blocked, id=15962, stack(0x00007fb6f8aa0000,0x00007fb6f8ba1000)]
  0x00007fb704070000 JavaThread "Reference Handler" daemon [_thread_blocked, id=15961, stack(0x00007fb6f8ba1000,0x00007fb6f8ca2000)]
  0x00007fb70400b800 JavaThread "main" [_thread_blocked, id=15955, stack(0x00007fb70aa0f000,0x00007fb70ab10000)]

Other Threads:
=>0x00007fb70406b800 VMThread [stack: 0x00007fb6f8ca2000,0x00007fb6f8da3000] [id=15960]
  0x00007fb7040a5000 WatcherThread [stack: 0x00007fb6f3dfe000,0x00007fb6f3eff000] [id=15967]

VM state:at safepoint (normal execution)

VM Mutex/Monitor currently owned by a thread:  ([mutex/lock_event])
[0x00007fb704007ee0] Threads_lock - owner thread: 0x00007fb70406b800
[0x00007fb7040083e0] Heap_lock - owner thread: 0x00007fb70400b800

Heap
 PSYoungGen      total 218624K, used 16416K [0x00000000eaa80000, 0x00000000f9080000, 0x0000000100000000)
  eden space 201728K, 0% used [0x00000000eaa80000,0x00000000eaa80000,0x00000000f6f80000)
  from space 16896K, 97% used [0x00000000f6f80000,0x00000000f7f883a8,0x00000000f8000000)
  to   space 16384K, 0% used [0x00000000f8080000,0x00000000f8080000,0x00000000f9080000)
 ParOldGen       total 47616K, used 46424K [0x00000000c0000000, 0x00000000c2e80000, 0x00000000eaa80000)
  object space 47616K, 97% used [0x00000000c0000000,0x00000000c2d560c8,0x00000000c2e80000)
 PSPermGen       total 21504K, used 7242K [0x00000000bae00000, 0x00000000bc300000, 0x00000000c0000000)
  object space 21504K, 33% used [0x00000000bae00000,0x00000000bb512b18,0x00000000bc300000)

Card table byte_map: [0x00007fb7009af000,0x00007fb700bd9000] byte_map_base: 0x00007fb7003d8000

Polling page: 0x00007fb70ab2a000

Code Cache  [0x00007fb700bd9000, 0x00007fb700e59000, 0x00007fb703bd9000)
 total_blobs=1113 nmethods=861 adapters=205 free_code_cache=46667Kb largest_free_block=47742592

Compilation events (10 events):
Event: 7.830 Thread 0x00007fb704095000  878             java.util.HashMap::initHashSeedAsNeeded (61 bytes)
Event: 7.831 Thread 0x00007fb704095000 nmethod 878 0x00007fb700ddff50 code [0x00007fb700de00a0, 0x00007fb700de0168]
Event: 7.863 Thread 0x00007fb704097800  879             com.android.dx.io.instructions.InstructionCodec$15::decode (54 bytes)
Event: 7.864 Thread 0x00007fb704095000  880             com.android.dx.io.instructions.InstructionCodec$15::encode (29 bytes)
Event: 7.867 Thread 0x00007fb704095000 nmethod 880 0x00007fb700e46610 code [0x00007fb700e46780, 0x00007fb700e469b8]
Event: 7.867 Thread 0x00007fb704097800 nmethod 879 0x00007fb700e46150 code [0x00007fb700e462a0, 0x00007fb700e46478]
Event: 7.867 Thread 0x00007fb704095000  881             com.android.dx.io.instructions.DecodedInstruction::getLiteralByte (58 bytes)
Event: 7.868 Thread 0x00007fb704095000 nmethod 881 0x00007fb700e45f10 code [0x00007fb700e46040, 0x00007fb700e460b8]
Event: 7.902 Thread 0x00007fb704097800  882             java.nio.Buffer::hasRemaining (17 bytes)
Event: 7.903 Thread 0x00007fb704097800 nmethod 882 0x00007fb700e45d10 code [0x00007fb700e45e40, 0x00007fb700e45e98]

GC Heap History (10 events):
Event: 5.902 GC heap after
Heap after GC invocations=6 (full 0):
 PSYoungGen      total 78336K, used 3876K [0x00000000eaa80000, 0x00000000f0580000, 0x0000000100000000)
  eden space 63488K, 0% used [0x00000000eaa80000,0x00000000eaa80000,0x00000000ee880000)
  from space 14848K, 26% used [0x00000000ef700000,0x00000000efac91e0,0x00000000f0580000)
  to   space 14848K, 0% used [0x00000000ee880000,0x00000000ee880000,0x00000000ef700000)
 ParOldGen       total 41472K, used 27405K [0x00000000c0000000, 0x00000000c2880000, 0x00000000eaa80000)
  object space 41472K, 66% used [0x00000000c0000000,0x00000000c1ac34a0,0x00000000c2880000)
 PSPermGen       total 21504K, used 7114K [0x00000000bae00000, 0x00000000bc300000, 0x00000000c0000000)
  object space 21504K, 33% used [0x00000000bae00000,0x00000000bb4f2890,0x00000000bc300000)
}
Event: 6.487 GC heap before
{Heap before GC invocations=7 (full 0):
 PSYoungGen      total 78336K, used 67364K [0x00000000eaa80000, 0x00000000f0580000, 0x0000000100000000)
  eden space 63488K, 100% used [0x00000000eaa80000,0x00000000ee880000,0x00000000ee880000)
  from space 14848K, 26% used [0x00000000ef700000,0x00000000efac91e0,0x00000000f0580000)
  to   space 14848K, 0% used [0x00000000ee880000,0x00000000ee880000,0x00000000ef700000)
 ParOldGen       total 41472K, used 27405K [0x00000000c0000000, 0x00000000c2880000, 0x00000000eaa80000)
  object space 41472K, 66% used [0x00000000c0000000,0x00000000c1ac34a0,0x00000000c2880000)
 PSPermGen       total 21504K, used 7222K [0x00000000bae00000, 0x00000000bc300000, 0x00000000c0000000)
  object space 21504K, 33% used [0x00000000bae00000,0x00000000bb50db48,0x00000000bc300000)
Event: 6.504 GC heap after
Heap after GC invocations=7 (full 0):
 PSYoungGen      total 78336K, used 8942K [0x00000000eaa80000, 0x00000000f4280000, 0x0000000100000000)
  eden space 63488K, 0% used [0x00000000eaa80000,0x00000000eaa80000,0x00000000ee880000)
  from space 14848K, 60% used [0x00000000ee880000,0x00000000ef13bab0,0x00000000ef700000)
  to   space 14336K, 0% used [0x00000000f3480000,0x00000000f3480000,0x00000000f4280000)
 ParOldGen       total 41472K, used 28980K [0x00000000c0000000, 0x00000000c2880000, 0x00000000eaa80000)
  object space 41472K, 69% used [0x00000000c0000000,0x00000000c1c4d010,0x00000000c2880000)
 PSPermGen       total 21504K, used 7222K [0x00000000bae00000, 0x00000000bc300000, 0x00000000c0000000)
  object space 21504K, 33% used [0x00000000bae00000,0x00000000bb50db48,0x00000000bc300000)
}
Event: 6.844 GC heap before
{Heap before GC invocations=8 (full 0):
 PSYoungGen      total 78336K, used 72430K [0x00000000eaa80000, 0x00000000f4280000, 0x0000000100000000)
  eden space 63488K, 100% used [0x00000000eaa80000,0x00000000ee880000,0x00000000ee880000)
  from space 14848K, 60% used [0x00000000ee880000,0x00000000ef13bab0,0x00000000ef700000)
  to   space 14336K, 0% used [0x00000000f3480000,0x00000000f3480000,0x00000000f4280000)
 ParOldGen       total 41472K, used 28980K [0x00000000c0000000, 0x00000000c2880000, 0x00000000eaa80000)
  object space 41472K, 69% used [0x00000000c0000000,0x00000000c1c4d010,0x00000000c2880000)
 PSPermGen       total 21504K, used 7231K [0x00000000bae00000, 0x00000000bc300000, 0x00000000c0000000)
  object space 21504K, 33% used [0x00000000bae00000,0x00000000bb50fee0,0x00000000bc300000)
Event: 6.851 GC heap after
Heap after GC invocations=8 (full 0):
 PSYoungGen      total 140288K, used 11613K [0x00000000eaa80000, 0x00000000f4480000, 0x0000000100000000)
  eden space 125952K, 0% used [0x00000000eaa80000,0x00000000eaa80000,0x00000000f2580000)
  from space 14336K, 81% used [0x00000000f3480000,0x00000000f3fd7630,0x00000000f4280000)
  to   space 15360K, 0% used [0x00000000f2580000,0x00000000f2580000,0x00000000f3480000)
 ParOldGen       total 41472K, used 29362K [0x00000000c0000000, 0x00000000c2880000, 0x00000000eaa80000)
  object space 41472K, 70% used [0x00000000c0000000,0x00000000c1cacbd0,0x00000000c2880000)
 PSPermGen       total 21504K, used 7231K [0x00000000bae00000, 0x00000000bc300000, 0x00000000c0000000)
  object space 21504K, 33% used [0x00000000bae00000,0x00000000bb50fee0,0x00000000bc300000)
}
Event: 7.266 GC heap before
{Heap before GC invocations=9 (full 0):
 PSYoungGen      total 140288K, used 137565K [0x00000000eaa80000, 0x00000000f4480000, 0x0000000100000000)
  eden space 125952K, 100% used [0x00000000eaa80000,0x00000000f2580000,0x00000000f2580000)
  from space 14336K, 81% used [0x00000000f3480000,0x00000000f3fd7630,0x00000000f4280000)
  to   space 15360K, 0% used [0x00000000f2580000,0x00000000f2580000,0x00000000f3480000)
 ParOldGen       total 41472K, used 29362K [0x00000000c0000000, 0x00000000c2880000, 0x00000000eaa80000)
  object space 41472K, 70% used [0x00000000c0000000,0x00000000c1cacbd0,0x00000000c2880000)
 PSPermGen       total 21504K, used 7241K [0x00000000bae00000, 0x00000000bc300000, 0x00000000c0000000)
  object space 21504K, 33% used [0x00000000bae00000,0x00000000bb5124e0,0x00000000bc300000)
Event: 7.280 GC heap after
Heap after GC invocations=9 (full 0):
 PSYoungGen      total 141312K, used 14910K [0x00000000eaa80000, 0x00000000f9180000, 0x0000000100000000)
  eden space 125952K, 0% used [0x00000000eaa80000,0x00000000eaa80000,0x00000000f2580000)
  from space 15360K, 97% used [0x00000000f2580000,0x00000000f340f9c0,0x00000000f3480000)
  to   space 17408K, 0% used [0x00000000f8080000,0x00000000f8080000,0x00000000f9180000)
 ParOldGen       total 41472K, used 30033K [0x00000000c0000000, 0x00000000c2880000, 0x00000000eaa80000)
  object space 41472K, 72% used [0x00000000c0000000,0x00000000c1d545b0,0x00000000c2880000)
 PSPermGen       total 21504K, used 7241K [0x00000000bae00000, 0x00000000bc300000, 0x00000000c0000000)
  object space 21504K, 33% used [0x00000000bae00000,0x00000000bb5124e0,0x00000000bc300000)
}
Event: 7.626 GC heap before
{Heap before GC invocations=10 (full 0):
 PSYoungGen      total 141312K, used 140862K [0x00000000eaa80000, 0x00000000f9180000, 0x0000000100000000)
  eden space 125952K, 100% used [0x00000000eaa80000,0x00000000f2580000,0x00000000f2580000)
  from space 15360K, 97% used [0x00000000f2580000,0x00000000f340f9c0,0x00000000f3480000)
  to   space 17408K, 0% used [0x00000000f8080000,0x00000000f8080000,0x00000000f9180000)
 ParOldGen       total 41472K, used 30033K [0x00000000c0000000, 0x00000000c2880000, 0x00000000eaa80000)
  object space 41472K, 72% used [0x00000000c0000000,0x00000000c1d545b0,0x00000000c2880000)
 PSPermGen       total 21504K, used 7241K [0x00000000bae00000, 0x00000000bc300000, 0x00000000c0000000)
  object space 21504K, 33% used [0x00000000bae00000,0x00000000bb5124e0,0x00000000bc300000)
Event: 7.630 GC heap after
Heap after GC invocations=10 (full 0):
 PSYoungGen      total 218112K, used 9198K [0x00000000eaa80000, 0x00000000f9080000, 0x0000000100000000)
  eden space 201728K, 0% used [0x00000000eaa80000,0x00000000eaa80000,0x00000000f6f80000)
  from space 16384K, 56% used [0x00000000f8080000,0x00000000f897b808,0x00000000f9080000)
  to   space 16896K, 0% used [0x00000000f6f80000,0x00000000f6f80000,0x00000000f8000000)
 ParOldGen       total 41472K, used 30049K [0x00000000c0000000, 0x00000000c2880000, 0x00000000eaa80000)
  object space 41472K, 72% used [0x00000000c0000000,0x00000000c1d585b0,0x00000000c2880000)
 PSPermGen       total 21504K, used 7241K [0x00000000bae00000, 0x00000000bc300000, 0x00000000c0000000)
  object space 21504K, 33% used [0x00000000bae00000,0x00000000bb5124e0,0x00000000bc300000)
}
Event: 8.073 GC heap before
{Heap before GC invocations=11 (full 0):
 PSYoungGen      total 218112K, used 210926K [0x00000000eaa80000, 0x00000000f9080000, 0x0000000100000000)
  eden space 201728K, 100% used [0x00000000eaa80000,0x00000000f6f80000,0x00000000f6f80000)
  from space 16384K, 56% used [0x00000000f8080000,0x00000000f897b808,0x00000000f9080000)
  to   space 16896K, 0% used [0x00000000f6f80000,0x00000000f6f80000,0x00000000f8000000)
 ParOldGen       total 41472K, used 30049K [0x00000000c0000000, 0x00000000c2880000, 0x00000000eaa80000)
  object space 41472K, 72% used [0x00000000c0000000,0x00000000c1d585b0,0x00000000c2880000)
 PSPermGen       total 21504K, used 7242K [0x00000000bae00000, 0x00000000bc300000, 0x00000000c0000000)
  object space 21504K, 33% used [0x00000000bae00000,0x00000000bb512b18,0x00000000bc300000)

Deoptimization events (10 events):
Event: 6.061 Thread 0x00007fb70400b800 Uncommon trap: reason=array_check action=maybe_recompile pc=0x00007fb700de9a00 method=java.util.ComparableTimSort.binarySort([Ljava/lang/Object;III)V @ 193
Event: 6.162 Thread 0x00007fb70400b800 Uncommon trap: reason=array_check action=maybe_recompile pc=0x00007fb700de9944 method=java.util.ComparableTimSort.binarySort([Ljava/lang/Object;III)V @ 215
Event: 6.162 Thread 0x00007fb70400b800 Uncommon trap: reason=array_check action=maybe_recompile pc=0x00007fb700de9a00 method=java.util.ComparableTimSort.binarySort([Ljava/lang/Object;III)V @ 193
Event: 6.206 Thread 0x00007fb70400b800 Uncommon trap: reason=predicate action=maybe_recompile pc=0x00007fb700df9958 method=java.util.TimSort.binarySort([Ljava/lang/Object;IIILjava/util/Comparator;)V @ 37
Event: 6.552 Thread 0x00007fb70400b800 Uncommon trap: reason=array_check action=maybe_recompile pc=0x00007fb700e12e1c method=java.util.ComparableTimSort.binarySort([Ljava/lang/Object;III)V @ 183
Event: 6.573 Thread 0x00007fb70400b800 Uncommon trap: reason=array_check action=maybe_recompile pc=0x00007fb700e09448 method=java.util.TimSort.binarySort([Ljava/lang/Object;IIILjava/util/Comparator;)V @ 193
Event: 6.573 Thread 0x00007fb70400b800 Uncommon trap: reason=array_check action=maybe_recompile pc=0x00007fb700e0934c method=java.util.TimSort.binarySort([Ljava/lang/Object;IIILjava/util/Comparator;)V @ 215
Event: 6.573 Thread 0x00007fb70400b800 Uncommon trap: reason=array_check action=maybe_recompile pc=0x00007fb700e0950c method=java.util.TimSort.binarySort([Ljava/lang/Object;IIILjava/util/Comparator;)V @ 183
Event: 6.573 Thread 0x00007fb70400b800 Uncommon trap: reason=array_check action=maybe_recompile pc=0x00007fb700e0934c method=java.util.TimSort.binarySort([Ljava/lang/Object;IIILjava/util/Comparator;)V @ 215
Event: 6.795 Thread 0x00007fb70400b800 Uncommon trap: reason=array_check action=maybe_recompile pc=0x00007fb700e12e1c method=java.util.ComparableTimSort.binarySort([Ljava/lang/Object;III)V @ 183

Internal exceptions (10 events):
Event: 4.928 Thread 0x00007fb70400b800 Threw 0x00000000eb5e4080 at /HUDSON/workspace/7u-2-build-linux-amd64/jdk7u75/1940/hotspot/src/share/vm/prims/jvm.cpp:1281
Event: 4.929 Thread 0x00007fb70400b800 Threw 0x00000000eb5e6fa8 at /HUDSON/workspace/7u-2-build-linux-amd64/jdk7u75/1940/hotspot/src/share/vm/prims/jvm.cpp:1281
Event: 4.929 Thread 0x00007fb70400b800 Threw 0x00000000eb5ea278 at /HUDSON/workspace/7u-2-build-linux-amd64/jdk7u75/1940/hotspot/src/share/vm/prims/jvm.cpp:1281
Event: 4.932 Thread 0x00007fb70400b800 Threw 0x00000000eb6315a0 at /HUDSON/workspace/7u-2-build-linux-amd64/jdk7u75/1940/hotspot/src/share/vm/prims/jvm.cpp:1281
Event: 4.932 Thread 0x00007fb70400b800 Threw 0x00000000eb6335c8 at /HUDSON/workspace/7u-2-build-linux-amd64/jdk7u75/1940/hotspot/src/share/vm/prims/jvm.cpp:1281
Event: 5.084 Thread 0x00007fb70400b800 Threw 0x00000000eb7331c8 at /HUDSON/workspace/7u-2-build-linux-amd64/jdk7u75/1940/hotspot/src/share/vm/prims/jvm.cpp:1281
Event: 5.084 Thread 0x00007fb70400b800 Threw 0x00000000eb7332f0 at /HUDSON/workspace/7u-2-build-linux-amd64/jdk7u75/1940/hotspot/src/share/vm/prims/jvm.cpp:1281
Event: 5.084 Thread 0x00007fb70400b800 Threw 0x00000000eb7356b8 at /HUDSON/workspace/7u-2-build-linux-amd64/jdk7u75/1940/hotspot/src/share/vm/prims/jvm.cpp:1281
Event: 5.084 Thread 0x00007fb70400b800 Threw 0x00000000eb7357e0 at /HUDSON/workspace/7u-2-build-linux-amd64/jdk7u75/1940/hotspot/src/share/vm/prims/jvm.cpp:1281
Event: 5.617 Thread 0x00007fb70400b800 Threw 0x00000000eae9d310 at /HUDSON/workspace/7u-2-build-linux-amd64/jdk7u75/1940/hotspot/src/share/vm/prims/jvm.cpp:1281

Events (10 events):
Event: 6.992 Thread 0x00007fb704097800 flushing nmethod 0x00007fb700d72390
Event: 6.993 Thread 0x00007fb704097800 flushing nmethod 0x00007fb700d7f310
Event: 7.010 Thread 0x00007fb704095000 flushing nmethod 0x00007fb700d93b50
Event: 7.010 Thread 0x00007fb704095000 flushing nmethod 0x00007fb700d94490
Event: 7.266 Executing VM operation: ParallelGCFailedAllocation
Event: 7.280 Executing VM operation: ParallelGCFailedAllocation done
Event: 7.626 Executing VM operation: ParallelGCFailedAllocation
Event: 7.630 Executing VM operation: ParallelGCFailedAllocation done
Event: 7.698 Thread 0x00007fb704095000 flushing nmethod 0x00007fb700ddfe50
Event: 8.072 Executing VM operation: ParallelGCFailedAllocation


Dynamic libraries:
00400000-00401000 r-xp 00000000 08:05 1715037                            /usr/local/java/jdk1.7.0_75/bin/java
00600000-00601000 rw-p 00000000 08:05 1715037                            /usr/local/java/jdk1.7.0_75/bin/java
018cc000-018ed000 rw-p 00000000 00:00 0                                  [heap]
bae00000-bc300000 rw-p 00000000 00:00 0 
bc300000-c0000000 rw-p 00000000 00:00 0 
c0000000-c2e80000 rw-p 00000000 00:00 0 
c2e80000-eaa80000 rw-p 00000000 00:00 0 
eaa80000-f9080000 rw-p 00000000 00:00 0 
7fb6c4000000-7fb6c4021000 rw-p 00000000 00:00 0 
7fb6c4021000-7fb6c8000000 ---p 00000000 00:00 0 
7fb6cc000000-7fb6cc9b6000 rw-p 00000000 00:00 0 
7fb6cc9b6000-7fb6d0000000 ---p 00000000 00:00 0 
7fb6d0000000-7fb6d0021000 rw-p 00000000 00:00 0 
7fb6d0021000-7fb6d4000000 ---p 00000000 00:00 0 
7fb6d4000000-7fb6d4021000 rw-p 00000000 00:00 0 
7fb6d4021000-7fb6d8000000 ---p 00000000 00:00 0 
7fb6d8000000-7fb6d8aa8000 rw-p 00000000 00:00 0 
7fb6d8aa8000-7fb6dc000000 ---p 00000000 00:00 0 
7fb6dc000000-7fb6dc021000 rw-p 00000000 00:00 0 
7fb6dc021000-7fb6e0000000 ---p 00000000 00:00 0 
7fb6e0000000-7fb6e0021000 rw-p 00000000 00:00 0 
7fb6e0021000-7fb6e4000000 ---p 00000000 00:00 0 
7fb6e4000000-7fb6e4021000 rw-p 00000000 00:00 0 
7fb6e4021000-7fb6e8000000 ---p 00000000 00:00 0 
7fb6e8000000-7fb6e80e4000 rw-p 00000000 00:00 0 
7fb6e80e4000-7fb6ec000000 ---p 00000000 00:00 0 
7fb6ec000000-7fb6ec021000 rw-p 00000000 00:00 0 
7fb6ec021000-7fb6f0000000 ---p 00000000 00:00 0 
7fb6f3869000-7fb6f39d6000 rw-p 00000000 00:00 0 
7fb6f39d6000-7fb6f39ec000 r-xp 00000000 08:05 1318659                    /usr/local/java/jdk1.7.0_75/jre/lib/amd64/libnet.so
7fb6f39ec000-7fb6f3bec000 ---p 00016000 08:05 1318659                    /usr/local/java/jdk1.7.0_75/jre/lib/amd64/libnet.so
7fb6f3bec000-7fb6f3bed000 rw-p 00016000 08:05 1318659                    /usr/local/java/jdk1.7.0_75/jre/lib/amd64/libnet.so
7fb6f3bed000-7fb6f3bfd000 r-xp 00000000 08:05 1318625                    /usr/local/java/jdk1.7.0_75/jre/lib/amd64/libnio.so
7fb6f3bfd000-7fb6f3dfd000 ---p 00010000 08:05 1318625                    /usr/local/java/jdk1.7.0_75/jre/lib/amd64/libnio.so
7fb6f3dfd000-7fb6f3dfe000 rw-p 00010000 08:05 1318625                    /usr/local/java/jdk1.7.0_75/jre/lib/amd64/libnio.so
7fb6f3dfe000-7fb6f3dff000 ---p 00000000 00:00 0 
7fb6f3dff000-7fb6f3eff000 rw-p 00000000 00:00 0                          [stack:15967]
7fb6f3eff000-7fb6f3f02000 ---p 00000000 00:00 0 
7fb6f3f02000-7fb6f4000000 rw-p 00000000 00:00 0                          [stack:15966]
7fb6f4000000-7fb6f4021000 rw-p 00000000 00:00 0 
7fb6f4021000-7fb6f8000000 ---p 00000000 00:00 0 
7fb6f80bb000-7fb6f80be000 ---p 00000000 00:00 0 
7fb6f80be000-7fb6f81bc000 rw-p 00000000 00:00 0                          [stack:15965]
7fb6f81bc000-7fb6f81bf000 ---p 00000000 00:00 0 
7fb6f81bf000-7fb6f82bd000 rw-p 00000000 00:00 0                          [stack:15964]
7fb6f82bd000-7fb6f82c0000 ---p 00000000 00:00 0 
7fb6f82c0000-7fb6f83be000 rw-p 00000000 00:00 0                          [stack:15963]
7fb6f83be000-7fb6f8aa0000 r--p 00000000 08:05 1186696                    /usr/lib/locale/locale-archive
7fb6f8aa0000-7fb6f8aa3000 ---p 00000000 00:00 0 
7fb6f8aa3000-7fb6f8ba1000 rw-p 00000000 00:00 0                          [stack:15962]
7fb6f8ba1000-7fb6f8ba4000 ---p 00000000 00:00 0 
7fb6f8ba4000-7fb6f8ca2000 rw-p 00000000 00:00 0                          [stack:15961]
7fb6f8ca2000-7fb6f8ca3000 ---p 00000000 00:00 0 
7fb6f8ca3000-7fb6f9bb1000 rw-p 00000000 00:00 0                          [stack:15960]
7fb6f9bb1000-7fb6f9d70000 r--s 039eb000 08:05 1319093                    /usr/local/java/jdk1.7.0_75/jre/lib/rt.jar
7fb6f9d70000-7fb6fc000000 rw-p 00000000 00:00 0 
7fb6fc000000-7fb6fc021000 rw-p 00000000 00:00 0 
7fb6fc021000-7fb700000000 ---p 00000000 00:00 0 
7fb700022000-7fb700031000 r--s 000dd000 08:05 4726194                    /home/rc/Android/Sdk/build-tools/22.0.1/lib/dx.jar
7fb700031000-7fb700455000 rw-p 00000000 00:00 0 
7fb700455000-7fb700456000 ---p 00000000 00:00 0 
7fb700456000-7fb700556000 rw-p 00000000 00:00 0                          [stack:15959]
7fb700556000-7fb700557000 ---p 00000000 00:00 0 
7fb700557000-7fb700657000 rw-p 00000000 00:00 0                          [stack:15958]
7fb700657000-7fb700658000 ---p 00000000 00:00 0 
7fb700658000-7fb700758000 rw-p 00000000 00:00 0                          [stack:15957]
7fb700758000-7fb700759000 ---p 00000000 00:00 0 
7fb700759000-7fb700871000 rw-p 00000000 00:00 0                          [stack:15956]
7fb700871000-7fb7009af000 rw-p 00000000 00:00 0 
7fb7009af000-7fb7009ba000 rw-p 00000000 00:00 0 
7fb7009ba000-7fb7009d8000 rw-p 00000000 00:00 0 
7fb7009d8000-7fb7009f0000 rw-p 00000000 00:00 0 
7fb7009f0000-7fb700b2d000 rw-p 00000000 00:00 0 
7fb700b2d000-7fb700ba1000 rw-p 00000000 00:00 0 
7fb700ba1000-7fb700bd8000 rw-p 00000000 00:00 0 
7fb700bd8000-7fb700bd9000 rw-p 00000000 00:00 0 
7fb700bd9000-7fb700e59000 rwxp 00000000 00:00 0 
7fb700e59000-7fb703bd9000 rw-p 00000000 00:00 0 
7fb703bd9000-7fb703bf3000 r-xp 00000000 08:05 1318654                    /usr/local/java/jdk1.7.0_75/jre/lib/amd64/libzip.so
7fb703bf3000-7fb703df3000 ---p 0001a000 08:05 1318654                    /usr/local/java/jdk1.7.0_75/jre/lib/amd64/libzip.so
7fb703df3000-7fb703df4000 rw-p 0001a000 08:05 1318654                    /usr/local/java/jdk1.7.0_75/jre/lib/amd64/libzip.so
7fb703df4000-7fb703dff000 r-xp 00000000 08:05 11010875                   /lib/x86_64-linux-gnu/libnss_files-2.19.so
7fb703dff000-7fb703ffe000 ---p 0000b000 08:05 11010875                   /lib/x86_64-linux-gnu/libnss_files-2.19.so
7fb703ffe000-7fb703fff000 r--p 0000a000 08:05 11010875                   /lib/x86_64-linux-gnu/libnss_files-2.19.so
7fb703fff000-7fb704000000 rw-p 0000b000 08:05 11010875                   /lib/x86_64-linux-gnu/libnss_files-2.19.so
7fb704000000-7fb704239000 rw-p 00000000 00:00 0 
7fb704239000-7fb708000000 ---p 00000000 00:00 0 
7fb708006000-7fb708100000 rw-p 00000000 00:00 0 
7fb708100000-7fb70811e000 rw-p 00000000 00:00 0 
7fb70811e000-7fb708129000 r-xp 00000000 08:05 11010895                   /lib/x86_64-linux-gnu/libnss_nis-2.19.so
7fb708129000-7fb708328000 ---p 0000b000 08:05 11010895                   /lib/x86_64-linux-gnu/libnss_nis-2.19.so
7fb708328000-7fb708329000 r--p 0000a000 08:05 11010895                   /lib/x86_64-linux-gnu/libnss_nis-2.19.so
7fb708329000-7fb70832a000 rw-p 0000b000 08:05 11010895                   /lib/x86_64-linux-gnu/libnss_nis-2.19.so
7fb70832a000-7fb708341000 r-xp 00000000 08:05 11010884                   /lib/x86_64-linux-gnu/libnsl-2.19.so
7fb708341000-7fb708540000 ---p 00017000 08:05 11010884                   /lib/x86_64-linux-gnu/libnsl-2.19.so
7fb708540000-7fb708541000 r--p 00016000 08:05 11010884                   /lib/x86_64-linux-gnu/libnsl-2.19.so
7fb708541000-7fb708542000 rw-p 00017000 08:05 11010884                   /lib/x86_64-linux-gnu/libnsl-2.19.so
7fb708542000-7fb708544000 rw-p 00000000 00:00 0 
7fb708544000-7fb70854d000 r-xp 00000000 08:05 11010883                   /lib/x86_64-linux-gnu/libnss_compat-2.19.so
7fb70854d000-7fb70874c000 ---p 00009000 08:05 11010883                   /lib/x86_64-linux-gnu/libnss_compat-2.19.so
7fb70874c000-7fb70874d000 r--p 00008000 08:05 11010883                   /lib/x86_64-linux-gnu/libnss_compat-2.19.so
7fb70874d000-7fb70874e000 rw-p 00009000 08:05 11010883                   /lib/x86_64-linux-gnu/libnss_compat-2.19.so
7fb70874e000-7fb708777000 r-xp 00000000 08:05 1318620                    /usr/local/java/jdk1.7.0_75/jre/lib/amd64/libjava.so
7fb708777000-7fb708977000 ---p 00029000 08:05 1318620                    /usr/local/java/jdk1.7.0_75/jre/lib/amd64/libjava.so
7fb708977000-7fb708979000 rw-p 00029000 08:05 1318620                    /usr/local/java/jdk1.7.0_75/jre/lib/amd64/libjava.so
7fb708979000-7fb708986000 r-xp 00000000 08:05 1318647                    /usr/local/java/jdk1.7.0_75/jre/lib/amd64/libverify.so
7fb708986000-7fb708b85000 ---p 0000d000 08:05 1318647                    /usr/local/java/jdk1.7.0_75/jre/lib/amd64/libverify.so
7fb708b85000-7fb708b87000 rw-p 0000c000 08:05 1318647                    /usr/local/java/jdk1.7.0_75/jre/lib/amd64/libverify.so
7fb708b87000-7fb708b8e000 r-xp 00000000 08:05 11010892                   /lib/x86_64-linux-gnu/librt-2.19.so
7fb708b8e000-7fb708d8d000 ---p 00007000 08:05 11010892                   /lib/x86_64-linux-gnu/librt-2.19.so
7fb708d8d000-7fb708d8e000 r--p 00006000 08:05 11010892                   /lib/x86_64-linux-gnu/librt-2.19.so
7fb708d8e000-7fb708d8f000 rw-p 00007000 08:05 11010892                   /lib/x86_64-linux-gnu/librt-2.19.so
7fb708d8f000-7fb708e94000 r-xp 00000000 08:05 11010874                   /lib/x86_64-linux-gnu/libm-2.19.so
7fb708e94000-7fb709093000 ---p 00105000 08:05 11010874                   /lib/x86_64-linux-gnu/libm-2.19.so
7fb709093000-7fb709094000 r--p 00104000 08:05 11010874                   /lib/x86_64-linux-gnu/libm-2.19.so
7fb709094000-7fb709095000 rw-p 00105000 08:05 11010874                   /lib/x86_64-linux-gnu/libm-2.19.so
7fb709095000-7fb709c08000 r-xp 00000000 08:05 1318674                    /usr/local/java/jdk1.7.0_75/jre/lib/amd64/server/libjvm.so
7fb709c08000-7fb709e08000 ---p 00b73000 08:05 1318674                    /usr/local/java/jdk1.7.0_75/jre/lib/amd64/server/libjvm.so
7fb709e08000-7fb709ecc000 rw-p 00b73000 08:05 1318674                    /usr/local/java/jdk1.7.0_75/jre/lib/amd64/server/libjvm.so
7fb709ecc000-7fb709f0d000 rw-p 00000000 00:00 0 
7fb709f0d000-7fb70a0c8000 r-xp 00000000 08:05 11010889                   /lib/x86_64-linux-gnu/libc-2.19.so
7fb70a0c8000-7fb70a2c7000 ---p 001bb000 08:05 11010889                   /lib/x86_64-linux-gnu/libc-2.19.so
7fb70a2c7000-7fb70a2cb000 r--p 001ba000 08:05 11010889                   /lib/x86_64-linux-gnu/libc-2.19.so
7fb70a2cb000-7fb70a2cd000 rw-p 001be000 08:05 11010889                   /lib/x86_64-linux-gnu/libc-2.19.so
7fb70a2cd000-7fb70a2d2000 rw-p 00000000 00:00 0 
7fb70a2d2000-7fb70a2d5000 r-xp 00000000 08:05 11010878                   /lib/x86_64-linux-gnu/libdl-2.19.so
7fb70a2d5000-7fb70a4d4000 ---p 00003000 08:05 11010878                   /lib/x86_64-linux-gnu/libdl-2.19.so
7fb70a4d4000-7fb70a4d5000 r--p 00002000 08:05 11010878                   /lib/x86_64-linux-gnu/libdl-2.19.so
7fb70a4d5000-7fb70a4d6000 rw-p 00003000 08:05 11010878                   /lib/x86_64-linux-gnu/libdl-2.19.so
7fb70a4d6000-7fb70a4ec000 r-xp 00000000 08:05 1579429                    /usr/local/java/jdk1.7.0_75/lib/amd64/jli/libjli.so
7fb70a4ec000-7fb70a6ec000 ---p 00016000 08:05 1579429                    /usr/local/java/jdk1.7.0_75/lib/amd64/jli/libjli.so
7fb70a6ec000-7fb70a6ed000 rw-p 00016000 08:05 1579429                    /usr/local/java/jdk1.7.0_75/lib/amd64/jli/libjli.so
7fb70a6ed000-7fb70a706000 r-xp 00000000 08:05 11010890                   /lib/x86_64-linux-gnu/libpthread-2.19.so
7fb70a706000-7fb70a905000 ---p 00019000 08:05 11010890                   /lib/x86_64-linux-gnu/libpthread-2.19.so
7fb70a905000-7fb70a906000 r--p 00018000 08:05 11010890                   /lib/x86_64-linux-gnu/libpthread-2.19.so
7fb70a906000-7fb70a907000 rw-p 00019000 08:05 11010890                   /lib/x86_64-linux-gnu/libpthread-2.19.so
7fb70a907000-7fb70a90b000 rw-p 00000000 00:00 0 
7fb70a90b000-7fb70a92e000 r-xp 00000000 08:05 11010886                   /lib/x86_64-linux-gnu/ld-2.19.so
7fb70a939000-7fb70a959000 rw-p 00000000 00:00 0 
7fb70a959000-7fb70aa0f000 rw-p 00000000 00:00 0 
7fb70aa0f000-7fb70aa12000 ---p 00000000 00:00 0 
7fb70aa12000-7fb70ab14000 rw-p 00000000 00:00 0                          [stack:15955]
7fb70ab1c000-7fb70ab1d000 rw-p 00000000 00:00 0 
7fb70ab1d000-7fb70ab21000 r--s 0008b000 08:05 1319088                    /usr/local/java/jdk1.7.0_75/jre/lib/jsse.jar
7fb70ab21000-7fb70ab29000 rw-s 00000000 08:05 9699733                    /tmp/hsperfdata_rc/15949
7fb70ab29000-7fb70ab2a000 rw-p 00000000 00:00 0 
7fb70ab2a000-7fb70ab2b000 ---p 00000000 00:00 0 
7fb70ab2b000-7fb70ab2d000 rw-p 00000000 00:00 0 
7fb70ab2d000-7fb70ab2e000 r--p 00022000 08:05 11010886                   /lib/x86_64-linux-gnu/ld-2.19.so
7fb70ab2e000-7fb70ab2f000 rw-p 00023000 08:05 11010886                   /lib/x86_64-linux-gnu/ld-2.19.so
7fb70ab2f000-7fb70ab30000 rw-p 00000000 00:00 0 
7fff2070d000-7fff2072f000 rw-p 00000000 00:00 0                          [stack]
7fff20731000-7fff20733000 r-xp 00000000 00:00 0                          [vdso]
ffffffffff600000-ffffffffff601000 r-xp 00000000 00:00 0                  [vsyscall]

VM Arguments:
jvm_args: -Xmx1024M -Dfile.encoding=UTF-8 -Duser.country=IN -Duser.language=en -Duser.variant 
java_command: com.android.dx.command.Main --dex --output /home/rc/AndroidStudioProjects/CampusBuddy/app/build/intermediates/dex/debug /home/rc/AndroidStudioProjects/CampusBuddy/app/build/intermediates/classes/debug /home/rc/AndroidStudioProjects/CampusBuddy/app/build/intermediates/pre-dexed/debug/classes-62ea3703263aaa97ddfdf0c367668e1141a7d35d.jar /home/rc/AndroidStudioProjects/CampusBuddy/app/build/intermediates/pre-dexed/debug/support-annotations-22.1.1-8bf1398ffa031568a73d8b15f0f628c909958f55.jar /home/rc/AndroidStudioProjects/CampusBuddy/app/build/intermediates/pre-dexed/debug/classes-ad76a3e756d04f2e97af12e6cd51c7ca2a3fa1b6.jar /home/rc/AndroidStudioProjects/CampusBuddy/app/build/intermediates/pre-dexed/debug/classes-8d67e47ef7b51b51545918d0649cae451c70c25f.jar /home/rc/AndroidStudioProjects/CampusBuddy/app/build/intermediates/pre-dexed/debug/classes-96ab323aa96f67aa00111f7ecfee9e6883fe0a2c.jar /home/rc/AndroidStudioProjects/CampusBuddy/app/build/intermediates/pre-dexed/debug/classes-03ffb26b96cce1460b347d69c36e452be55dd044.jar /home/rc/AndroidStudioProjects/CampusBuddy/app/build/intermediates/pre-dexed/debug/classes-a48f95245566239153a4027b42c0fe4632ff3d43.jar /home/rc/AndroidStudioProjects/CampusBuddy/app/build/intermediates/pre-dexed/debug/classes-c88e5e0c97cff5cca90ce04dc4c751484fcbffcc.jar /home/rc/AndroidStudioProjects/CampusBuddy/app/build/intermediates/pre-dexed/debug/classes-803dfcb458d0acab6ddd5094bc4867449afefd94.jar /home/rc/AndroidStudioProjects/CampusBuddy/app/build/intermediates/pre-dexed/debug/classes-7dd1c516344419ae5e389b6b54c86a2ca5e3a075.jar /home/rc/AndroidStudioProjects/CampusBuddy/app/build/intermediates/pre-dexed/debug/classes-ebb6a8d5d7ddbb0dcfd3b0c425d5ece28637ac71.jar /home/rc/AndroidStudioProjects/CampusBuddy/app/build/intermediates/pre-dexed/debug/classes-7ce89a0828373323c08a0185db00b7a88b5243cd.jar /home/rc/AndroidStudioProjects/CampusBuddy/app/build/intermediates/pre-dexed/debug/classes-298381b492f8a3de49cbb5e3715331a97cb1bcbb.
Launcher Type: SUN_STANDARD

Environment Variables:
JAVA_HOME=/usr/local/java/jdk1.7.0_75
PATH=/usr/local/sbin:/usr/local/bin:/usr/sbin:/usr/bin:/sbin:/bin:/usr/games:/usr/local/games:/home/rc/bin:/usr/local/java/jdk1.7.0_75/bin:/home/rc/Android/Sdk/tools:/home/rc/Android/Sdk/platform-tools
SHELL=/bin/bash
DISPLAY=:0

Signal Handlers:
SIGSEGV: [libjvm.so+0x9a21f0], sa_mask[0]=0x7ffbfeff, sa_flags=0x10000004
SIGBUS: [libjvm.so+0x9a21f0], sa_mask[0]=0x7ffbfeff, sa_flags=0x10000004
SIGFPE: [libjvm.so+0x81ba40], sa_mask[0]=0x7ffbfeff, sa_flags=0x10000004
SIGPIPE: [libjvm.so+0x81ba40], sa_mask[0]=0x7ffbfeff, sa_flags=0x10000004
SIGXFSZ: [libjvm.so+0x81ba40], sa_mask[0]=0x7ffbfeff, sa_flags=0x10000004
SIGILL: [libjvm.so+0x81ba40], sa_mask[0]=0x7ffbfeff, sa_flags=0x10000004
SIGUSR1: SIG_DFL, sa_mask[0]=0x00000000, sa_flags=0x00000000
SIGUSR2: [libjvm.so+0x81d240], sa_mask[0]=0x00000004, sa_flags=0x10000004
SIGHUP: [libjvm.so+0x81e360], sa_mask[0]=0x7ffbfeff, sa_flags=0x10000004
SIGINT: [libjvm.so+0x81e360], sa_mask[0]=0x7ffbfeff, sa_flags=0x10000004
SIGTERM: [libjvm.so+0x81e360], sa_mask[0]=0x7ffbfeff, sa_flags=0x10000004
SIGQUIT: [libjvm.so+0x81e360], sa_mask[0]=0x7ffbfeff, sa_flags=0x10000004


---------------  S Y S T E M  ---------------

OS:jessie/sid

uname:Linux 3.13.0-46-generic #79-Ubuntu SMP Tue Mar 10 20:06:50 UTC 2015 x86_64
libc:glibc 2.19 NPTL 2.19 
rlimit: STACK 8192k, CORE 0k, NPROC 30946, NOFILE 4096, AS infinity
load average:2.75 2.52 2.23

/proc/meminfo:
MemTotal:        3982788 kB
MemFree:          112132 kB
Buffers:            2260 kB
Cached:           184864 kB
SwapCached:        14624 kB
Active:          2859612 kB
Inactive:         841092 kB
Active(anon):    2822688 kB
Inactive(anon):   801864 kB
Active(file):      36924 kB
Inactive(file):    39228 kB
Unevictable:          32 kB
Mlocked:              32 kB
SwapTotal:        583676 kB
SwapFree:              0 kB
Dirty:                 0 kB
Writeback:           220 kB
AnonPages:       3499116 kB
Mapped:            52688 kB
Shmem:            110936 kB
Slab:              69980 kB
SReclaimable:      34664 kB
SUnreclaim:        35316 kB
KernelStack:        4984 kB
PageTables:        34620 kB
NFS_Unstable:          0 kB
Bounce:                0 kB
WritebackTmp:          0 kB
CommitLimit:     2575068 kB
Committed_AS:    7522588 kB
VmallocTotal:   34359738367 kB
VmallocUsed:      544448 kB
VmallocChunk:   34359168636 kB
HardwareCorrupted:     0 kB
AnonHugePages:   1869824 kB
HugePages_Total:       0
HugePages_Free:        0
HugePages_Rsvd:        0
HugePages_Surp:        0
Hugepagesize:       2048 kB
DirectMap4k:       84672 kB
DirectMap2M:     2996224 kB
DirectMap1G:     1048576 kB


CPU:total 4 (2 cores per cpu, 2 threads per core) family 6 model 69 stepping 1, cmov, cx8, fxsr, mmx, sse, sse2, sse3, ssse3, sse4.1, sse4.2, popcnt, avx, avx2, aes, erms, ht, tsc, tscinvbit

/proc/cpuinfo:
processor	: 0
vendor_id	: GenuineIntel
cpu family	: 6
model		: 69
model name	: Intel(R) Core(TM) i3-4010U CPU @ 1.70GHz
stepping	: 1
microcode	: 0x17
cpu MHz		: 1600.000
cache size	: 3072 KB
physical id	: 0
siblings	: 4
core id		: 0
cpu cores	: 2
apicid		: 0
initial apicid	: 0
fpu		: yes
fpu_exception	: yes
cpuid level	: 13
wp		: yes
flags		: fpu vme de pse tsc msr pae mce cx8 apic sep mtrr pge mca cmov pat pse36 clflush dts acpi mmx fxsr sse sse2 ss ht tm pbe syscall nx pdpe1gb rdtscp lm constant_tsc arch_perfmon pebs bts rep_good nopl xtopology nonstop_tsc aperfmperf eagerfpu pni pclmulqdq dtes64 monitor ds_cpl vmx est tm2 ssse3 fma cx16 xtpr pdcm pcid sse4_1 sse4_2 x2apic movbe popcnt tsc_deadline_timer aes xsave avx f16c rdrand lahf_lm abm ida arat epb xsaveopt pln pts dtherm tpr_shadow vnmi flexpriority ept vpid fsgsbase tsc_adjust bmi1 avx2 smep bmi2 erms invpcid
bogomips	: 3392.20
clflush size	: 64
cache_alignment	: 64
address sizes	: 39 bits physical, 48 bits virtual
power management:

processor	: 1
vendor_id	: GenuineIntel
cpu family	: 6
model		: 69
model name	: Intel(R) Core(TM) i3-4010U CPU @ 1.70GHz
stepping	: 1
microcode	: 0x17
cpu MHz		: 1701.000
cache size	: 3072 KB
physical id	: 0
siblings	: 4
core id		: 0
cpu cores	: 2
apicid		: 1
initial apicid	: 1
fpu		: yes
fpu_exception	: yes
cpuid level	: 13
wp		: yes
flags		: fpu vme de pse tsc msr pae mce cx8 apic sep mtrr pge mca cmov pat pse36 clflush dts acpi mmx fxsr sse sse2 ss ht tm pbe syscall nx pdpe1gb rdtscp lm constant_tsc arch_perfmon pebs bts rep_good nopl xtopology nonstop_tsc aperfmperf eagerfpu pni pclmulqdq dtes64 monitor ds_cpl vmx est tm2 ssse3 fma cx16 xtpr pdcm pcid sse4_1 sse4_2 x2apic movbe popcnt tsc_deadline_timer aes xsave avx f16c rdrand lahf_lm abm ida arat epb xsaveopt pln pts dtherm tpr_shadow vnmi flexpriority ept vpid fsgsbase tsc_adjust bmi1 avx2 smep bmi2 erms invpcid
bogomips	: 3392.20
clflush size	: 64
cache_alignment	: 64
address sizes	: 39 bits physical, 48 bits virtual
power management:

processor	: 2
vendor_id	: GenuineIntel
cpu family	: 6
model		: 69
model name	: Intel(R) Core(TM) i3-4010U CPU @ 1.70GHz
stepping	: 1
microcode	: 0x17
cpu MHz		: 1701.000
cache size	: 3072 KB
physical id	: 0
siblings	: 4
core id		: 1
cpu cores	: 2
apicid		: 2
initial apicid	: 2
fpu		: yes
fpu_exception	: yes
cpuid level	: 13
wp		: yes
flags		: fpu vme de pse tsc msr pae mce cx8 apic sep mtrr pge mca cmov pat pse36 clflush dts acpi mmx fxsr sse sse2 ss ht tm pbe syscall nx pdpe1gb rdtscp lm constant_tsc arch_perfmon pebs bts rep_good nopl xtopology nonstop_tsc aperfmperf eagerfpu pni pclmulqdq dtes64 monitor ds_cpl vmx est tm2 ssse3 fma cx16 xtpr pdcm pcid sse4_1 sse4_2 x2apic movbe popcnt tsc_deadline_timer aes xsave avx f16c rdrand lahf_lm abm ida arat epb xsaveopt pln pts dtherm tpr_shadow vnmi flexpriority ept vpid fsgsbase tsc_adjust bmi1 avx2 smep bmi2 erms invpcid
bogomips	: 3392.20
clflush size	: 64
cache_alignment	: 64
address sizes	: 39 bits physical, 48 bits virtual
power management:

processor	: 3
vendor_id	: GenuineIntel
cpu family	: 6
model		: 69
model name	: Intel(R) Core(TM) i3-4010U CPU @ 1.70GHz
stepping	: 1
microcode	: 0x17
cpu MHz		: 1701.000
cache size	: 3072 KB
physical id	: 0
siblings	: 4
core id		: 1
cpu cores	: 2
apicid		: 3
initial apicid	: 3
fpu		: yes
fpu_exception	: yes
cpuid level	: 13
wp		: yes
flags		: fpu vme de pse tsc msr pae mce cx8 apic sep mtrr pge mca cmov pat pse36 clflush dts acpi mmx fxsr sse sse2 ss ht tm pbe syscall nx pdpe1gb rdtscp lm constant_tsc arch_perfmon pebs bts rep_good nopl xtopology nonstop_tsc aperfmperf eagerfpu pni pclmulqdq dtes64 monitor ds_cpl vmx est tm2 ssse3 fma cx16 xtpr pdcm pcid sse4_1 sse4_2 x2apic movbe popcnt tsc_deadline_timer aes xsave avx f16c rdrand lahf_lm abm ida arat epb xsaveopt pln pts dtherm tpr_shadow vnmi flexpriority ept vpid fsgsbase tsc_adjust bmi1 avx2 smep bmi2 erms invpcid
bogomips	: 3392.20
clflush size	: 64
cache_alignment	: 64
address sizes	: 39 bits physical, 48 bits virtual
power management:



Memory: 4k page, physical 3982788k(112132k free), swap 583676k(0k free)

vm_info: Java HotSpot(TM) 64-Bit Server VM (24.75-b04) for linux-amd64 JRE (1.7.0_75-b13), built on Dec 18 2014 16:45:18 by "java_re" with gcc 4.3.0 20080428 (Red Hat 4.3.0-8)

time: Sun May 17 02:29:58 2015
elapsed time: 10 seconds

