#
# There is insufficient memory for the Java Runtime Environment to continue.
# Native memory allocation (malloc) failed to allocate 129499136 bytes for committing reserved memory.
# Possible reasons:
#   The system is out of physical RAM or swap space
#   In 32 bit mode, the process size limit was hit
# Possible solutions:
#   Reduce memory load on the system
#   Increase physical memory or swap space
#   Check if swap backing store is full
#   Use 64 bit Java on a 64 bit OS
#   Decrease Java heap size (-Xmx/-Xms)
#   Decrease number of Java threads
#   Decrease Java thread stack sizes (-Xss)
#   Set larger code cache with -XX:ReservedCodeCacheSize=
# This output file may be truncated or incomplete.
#
#  Out of Memory Error (os_linux.cpp:2756), pid=5188, tid=140266273408768
#
# JRE version: Java(TM) SE Runtime Environment (7.0_75-b13) (build 1.7.0_75-b13)
# Java VM: Java HotSpot(TM) 64-Bit Server VM (24.75-b04 mixed mode linux-amd64 compressed oops)
# Failed to write core dump. Core dumps have been disabled. To enable core dumping, try "ulimit -c unlimited" before starting Java again
#

---------------  T H R E A D  ---------------

Current thread (0x00007f925406b800):  VMThread [stack: 0x00007f9249568000,0x00007f9249669000] [id=5199]

Stack: [0x00007f9249568000,0x00007f9249669000],  sp=0x00007f9249667340,  free space=1020k
Native frames: (J=compiled Java code, j=interpreted, Vv=VM code, C=native code)
V  [libjvm.so+0x9a18da]  VMError::report_and_die()+0x2ea
V  [libjvm.so+0x4975ab]  report_vm_out_of_memory(char const*, int, unsigned long, char const*)+0x9b
V  [libjvm.so+0x81ebae]  os::Linux::commit_memory_impl(char*, unsigned long, bool)+0xfe
V  [libjvm.so+0x81f0f9]  os::pd_commit_memory(char*, unsigned long, unsigned long, bool)+0x29
V  [libjvm.so+0x818e8a]  os::commit_memory(char*, unsigned long, unsigned long, bool)+0x2a
V  [libjvm.so+0x88bfb3]  PSVirtualSpace::expand_by(unsigned long)+0x53
V  [libjvm.so+0x88d388]  PSYoungGen::resize_generation(unsigned long, unsigned long)+0xf8
V  [libjvm.so+0x88c4f2]  PSYoungGen::resize(unsigned long, unsigned long)+0x22
V  [libjvm.so+0x889943]  PSScavenge::invoke_no_policy()+0xfb3
V  [libjvm.so+0x88a0f1]  PSScavenge::invoke()+0x41
V  [libjvm.so+0x840a90]  ParallelScavengeHeap::failed_mem_allocate(unsigned long)+0x70
V  [libjvm.so+0x9a3167]  VM_ParallelGCFailedAllocation::doit()+0x97
V  [libjvm.so+0x9aa605]  VM_Operation::evaluate()+0x55
V  [libjvm.so+0x9a89ca]  VMThread::evaluate_operation(VM_Operation*)+0xba
V  [libjvm.so+0x9a8d4e]  VMThread::loop()+0x1ce
V  [libjvm.so+0x9a91c0]  VMThread::run()+0x70
V  [libjvm.so+0x820b88]  java_start(Thread*)+0x108

VM_Operation (0x00007f925b45d3f0): ParallelGCFailedAllocation, mode: safepoint, requested by thread 0x00007f925400b800


---------------  P R O C E S S  ---------------

Java Threads: ( => current thread )
  0x00007f925409a000 JavaThread "Service Thread" daemon [_thread_blocked, id=5205, stack(0x00007f9248880000,0x00007f9248981000)]
  0x00007f9254097800 JavaThread "C2 CompilerThread1" daemon [_thread_blocked, id=5204, stack(0x00007f9248981000,0x00007f9248a82000)]
  0x00007f9254095000 JavaThread "C2 CompilerThread0" daemon [_thread_blocked, id=5203, stack(0x00007f9248a82000,0x00007f9248b83000)]
  0x00007f9254092800 JavaThread "Signal Dispatcher" daemon [_thread_blocked, id=5202, stack(0x00007f9248b83000,0x00007f9248c84000)]
  0x00007f9254072000 JavaThread "Finalizer" daemon [_thread_blocked, id=5201, stack(0x00007f9249366000,0x00007f9249467000)]
  0x00007f9254070000 JavaThread "Reference Handler" daemon [_thread_blocked, id=5200, stack(0x00007f9249467000,0x00007f9249568000)]
  0x00007f925400b800 JavaThread "main" [_thread_blocked, id=5194, stack(0x00007f925b35e000,0x00007f925b45f000)]

Other Threads:
=>0x00007f925406b800 VMThread [stack: 0x00007f9249568000,0x00007f9249669000] [id=5199]
  0x00007f92540a5000 WatcherThread [stack: 0x00007f924877f000,0x00007f9248880000] [id=5206]

VM state:at safepoint (normal execution)

VM Mutex/Monitor currently owned by a thread:  ([mutex/lock_event])
[0x00007f9254007ee0] Threads_lock - owner thread: 0x00007f925406b800
[0x00007f92540083e0] Heap_lock - owner thread: 0x00007f925400b800

Heap
 PSYoungGen      total 205312K, used 16893K [0x00000000eaa80000, 0x00000000f8480000, 0x0000000100000000)
  eden space 188416K, 0% used [0x00000000eaa80000,0x00000000eaa80000,0x00000000f6280000)
  from space 16896K, 99% used [0x00000000f6380000,0x00000000f73ff620,0x00000000f7400000)
  to   space 12288K, 0% used [0x00000000f7880000,0x00000000f7880000,0x00000000f8480000)
 ParOldGen       total 52736K, used 51524K [0x00000000c0000000, 0x00000000c3380000, 0x00000000eaa80000)
  object space 52736K, 97% used [0x00000000c0000000,0x00000000c3251048,0x00000000c3380000)
 PSPermGen       total 21504K, used 7241K [0x00000000bae00000, 0x00000000bc300000, 0x00000000c0000000)
  object space 21504K, 33% used [0x00000000bae00000,0x00000000bb5126f8,0x00000000bc300000)

Card table byte_map: [0x00007f925841c000,0x00007f9258646000] byte_map_base: 0x00007f9257e45000

Polling page: 0x00007f925b479000

Code Cache  [0x00007f9251000000, 0x00007f9251280000, 0x00007f9254000000)
 total_blobs=1114 nmethods=862 adapters=205 free_code_cache=46684Kb largest_free_block=47763968

Compilation events (10 events):
Event: 8.134 Thread 0x00007f9254095000  880             java.util.HashMap::initHashSeedAsNeeded (61 bytes)
Event: 8.136 Thread 0x00007f9254095000 nmethod 880 0x00007f925126c7d0 code [0x00007f925126c920, 0x00007f925126c9e8]
Event: 8.175 Thread 0x00007f9254097800  881             com.android.dx.io.instructions.InstructionCodec$15::decode (54 bytes)
Event: 8.175 Thread 0x00007f9254095000  882             com.android.dx.io.instructions.DecodedInstruction::getLiteralByte (58 bytes)
Event: 8.176 Thread 0x00007f9254095000 nmethod 882 0x00007f925126fb90 code [0x00007f925126fcc0, 0x00007f925126fd38]
Event: 8.176 Thread 0x00007f9254095000  883             com.android.dx.io.instructions.InstructionCodec$15::encode (29 bytes)
Event: 8.179 Thread 0x00007f9254097800 nmethod 881 0x00007f925126f6d0 code [0x00007f925126f820, 0x00007f925126f9f8]
Event: 8.179 Thread 0x00007f9254095000 nmethod 883 0x00007f925126f050 code [0x00007f925126f1c0, 0x00007f925126f3f8]
Event: 8.213 Thread 0x00007f9254097800  884             java.nio.Buffer::hasRemaining (17 bytes)
Event: 8.214 Thread 0x00007f9254097800 nmethod 884 0x00007f925126ee50 code [0x00007f925126ef80, 0x00007f925126efd8]

GC Heap History (10 events):
Event: 6.335 GC heap after
Heap after GC invocations=7 (full 0):
 PSYoungGen      total 72704K, used 8919K [0x00000000eaa80000, 0x00000000f3980000, 0x0000000100000000)
  eden space 62464K, 0% used [0x00000000eaa80000,0x00000000eaa80000,0x00000000ee780000)
  from space 10240K, 87% used [0x00000000ee780000,0x00000000ef035ff0,0x00000000ef180000)
  to   space 10752K, 0% used [0x00000000f2f00000,0x00000000f2f00000,0x00000000f3980000)
 ParOldGen       total 41472K, used 22275K [0x00000000c0000000, 0x00000000c2880000, 0x00000000eaa80000)
  object space 41472K, 53% used [0x00000000c0000000,0x00000000c15c0dd8,0x00000000c2880000)
 PSPermGen       total 21504K, used 7222K [0x00000000bae00000, 0x00000000bc300000, 0x00000000c0000000)
  object space 21504K, 33% used [0x00000000bae00000,0x00000000bb50da68,0x00000000bc300000)
}
Event: 6.681 GC heap before
{Heap before GC invocations=8 (full 0):
 PSYoungGen      total 72704K, used 71383K [0x00000000eaa80000, 0x00000000f3980000, 0x0000000100000000)
  eden space 62464K, 100% used [0x00000000eaa80000,0x00000000ee780000,0x00000000ee780000)
  from space 10240K, 87% used [0x00000000ee780000,0x00000000ef035ff0,0x00000000ef180000)
  to   space 10752K, 0% used [0x00000000f2f00000,0x00000000f2f00000,0x00000000f3980000)
 ParOldGen       total 41472K, used 22275K [0x00000000c0000000, 0x00000000c2880000, 0x00000000eaa80000)
  object space 41472K, 53% used [0x00000000c0000000,0x00000000c15c0dd8,0x00000000c2880000)
 PSPermGen       total 21504K, used 7233K [0x00000000bae00000, 0x00000000bc300000, 0x00000000c0000000)
  object space 21504K, 33% used [0x00000000bae00000,0x00000000bb5107f0,0x00000000bc300000)
Event: 6.705 GC heap after
Heap after GC invocations=8 (full 0):
 PSYoungGen      total 134656K, used 10348K [0x00000000eaa80000, 0x00000000f3b80000, 0x0000000100000000)
  eden space 123904K, 0% used [0x00000000eaa80000,0x00000000eaa80000,0x00000000f2380000)
  from space 10752K, 96% used [0x00000000f2f00000,0x00000000f391b360,0x00000000f3980000)
  to   space 11776K, 0% used [0x00000000f2380000,0x00000000f2380000,0x00000000f2f00000)
 ParOldGen       total 41472K, used 22656K [0x00000000c0000000, 0x00000000c2880000, 0x00000000eaa80000)
  object space 41472K, 54% used [0x00000000c0000000,0x00000000c16200b0,0x00000000c2880000)
 PSPermGen       total 21504K, used 7233K [0x00000000bae00000, 0x00000000bc300000, 0x00000000c0000000)
  object space 21504K, 33% used [0x00000000bae00000,0x00000000bb5107f0,0x00000000bc300000)
}
Event: 7.179 GC heap before
{Heap before GC invocations=9 (full 0):
 PSYoungGen      total 134656K, used 134252K [0x00000000eaa80000, 0x00000000f3b80000, 0x0000000100000000)
  eden space 123904K, 100% used [0x00000000eaa80000,0x00000000f2380000,0x00000000f2380000)
  from space 10752K, 96% used [0x00000000f2f00000,0x00000000f391b360,0x00000000f3980000)
  to   space 11776K, 0% used [0x00000000f2380000,0x00000000f2380000,0x00000000f2f00000)
 ParOldGen       total 41472K, used 22656K [0x00000000c0000000, 0x00000000c2880000, 0x00000000eaa80000)
  object space 41472K, 54% used [0x00000000c0000000,0x00000000c16200b0,0x00000000c2880000)
 PSPermGen       total 21504K, used 7241K [0x00000000bae00000, 0x00000000bc300000, 0x00000000c0000000)
  object space 21504K, 33% used [0x00000000bae00000,0x00000000bb512508,0x00000000bc300000)
Event: 7.397 GC heap after
Heap after GC invocations=9 (full 0):
 PSYoungGen      total 135680K, used 9613K [0x00000000eaa80000, 0x00000000f8480000, 0x0000000100000000)
  eden space 123904K, 0% used [0x00000000eaa80000,0x00000000eaa80000,0x00000000f2380000)
  from space 11776K, 81% used [0x00000000f2380000,0x00000000f2ce3518,0x00000000f2f00000)
  to   space 12288K, 0% used [0x00000000f7880000,0x00000000f7880000,0x00000000f8480000)
 ParOldGen       total 41472K, used 34381K [0x00000000c0000000, 0x00000000c2880000, 0x00000000eaa80000)
  object space 41472K, 82% used [0x00000000c0000000,0x00000000c2193570,0x00000000c2880000)
 PSPermGen       total 21504K, used 7241K [0x00000000bae00000, 0x00000000bc300000, 0x00000000c0000000)
  object space 21504K, 33% used [0x00000000bae00000,0x00000000bb512508,0x00000000bc300000)
}
Event: 7.397 GC heap before
{Heap before GC invocations=10 (full 1):
 PSYoungGen      total 135680K, used 9613K [0x00000000eaa80000, 0x00000000f8480000, 0x0000000100000000)
  eden space 123904K, 0% used [0x00000000eaa80000,0x00000000eaa80000,0x00000000f2380000)
  from space 11776K, 81% used [0x00000000f2380000,0x00000000f2ce3518,0x00000000f2f00000)
  to   space 12288K, 0% used [0x00000000f7880000,0x00000000f7880000,0x00000000f8480000)
 ParOldGen       total 41472K, used 34381K [0x00000000c0000000, 0x00000000c2880000, 0x00000000eaa80000)
  object space 41472K, 82% used [0x00000000c0000000,0x00000000c2193570,0x00000000c2880000)
 PSPermGen       total 21504K, used 7241K [0x00000000bae00000, 0x00000000bc300000, 0x00000000c0000000)
  object space 21504K, 33% used [0x00000000bae00000,0x00000000bb512508,0x00000000bc300000)
Event: 7.504 GC heap after
Heap after GC invocations=10 (full 1):
 PSYoungGen      total 135680K, used 0K [0x00000000eaa80000, 0x00000000f8480000, 0x0000000100000000)
  eden space 123904K, 0% used [0x00000000eaa80000,0x00000000eaa80000,0x00000000f2380000)
  from space 11776K, 0% used [0x00000000f2380000,0x00000000f2380000,0x00000000f2f00000)
  to   space 12288K, 0% used [0x00000000f7880000,0x00000000f7880000,0x00000000f8480000)
 ParOldGen       total 46592K, used 19324K [0x00000000c0000000, 0x00000000c2d80000, 0x00000000eaa80000)
  object space 46592K, 41% used [0x00000000c0000000,0x00000000c12df250,0x00000000c2d80000)
 PSPermGen       total 21504K, used 7237K [0x00000000bae00000, 0x00000000bc300000, 0x00000000c0000000)
  object space 21504K, 33% used [0x00000000bae00000,0x00000000bb5117d8,0x00000000bc300000)
}
Event: 7.884 GC heap before
{Heap before GC invocations=11 (full 1):
 PSYoungGen      total 135680K, used 123904K [0x00000000eaa80000, 0x00000000f8480000, 0x0000000100000000)
  eden space 123904K, 100% used [0x00000000eaa80000,0x00000000f2380000,0x00000000f2380000)
  from space 11776K, 0% used [0x00000000f2380000,0x00000000f2380000,0x00000000f2f00000)
  to   space 12288K, 0% used [0x00000000f7880000,0x00000000f7880000,0x00000000f8480000)
 ParOldGen       total 46592K, used 19324K [0x00000000c0000000, 0x00000000c2d80000, 0x00000000eaa80000)
  object space 46592K, 41% used [0x00000000c0000000,0x00000000c12df250,0x00000000c2d80000)
 PSPermGen       total 21504K, used 7240K [0x00000000bae00000, 0x00000000bc300000, 0x00000000c0000000)
  object space 21504K, 33% used [0x00000000bae00000,0x00000000bb5120c0,0x00000000bc300000)
Event: 7.897 GC heap after
Heap after GC invocations=11 (full 1):
 PSYoungGen      total 200704K, used 12282K [0x00000000eaa80000, 0x00000000f8480000, 0x0000000100000000)
  eden space 188416K, 0% used [0x00000000eaa80000,0x00000000eaa80000,0x00000000f6280000)
  from space 12288K, 99% used [0x00000000f7880000,0x00000000f847ea38,0x00000000f8480000)
  to   space 16896K, 0% used [0x00000000f6380000,0x00000000f6380000,0x00000000f7400000)
 ParOldGen       total 46592K, used 28961K [0x00000000c0000000, 0x00000000c2d80000, 0x00000000eaa80000)
  object space 46592K, 62% used [0x00000000c0000000,0x00000000c1c48408,0x00000000c2d80000)
 PSPermGen       total 21504K, used 7240K [0x00000000bae00000, 0x00000000bc300000, 0x00000000c0000000)
  object space 21504K, 33% used [0x00000000bae00000,0x00000000bb5120c0,0x00000000bc300000)
}
Event: 8.399 GC heap before
{Heap before GC invocations=12 (full 1):
 PSYoungGen      total 200704K, used 200698K [0x00000000eaa80000, 0x00000000f8480000, 0x0000000100000000)
  eden space 188416K, 100% used [0x00000000eaa80000,0x00000000f6280000,0x00000000f6280000)
  from space 12288K, 99% used [0x00000000f7880000,0x00000000f847ea38,0x00000000f8480000)
  to   space 16896K, 0% used [0x00000000f6380000,0x00000000f6380000,0x00000000f7400000)
 ParOldGen       total 46592K, used 28961K [0x00000000c0000000, 0x00000000c2d80000, 0x00000000eaa80000)
  object space 46592K, 62% used [0x00000000c0000000,0x00000000c1c48408,0x00000000c2d80000)
 PSPermGen       total 21504K, used 7241K [0x00000000bae00000, 0x00000000bc300000, 0x00000000c0000000)
  object space 21504K, 33% used [0x00000000bae00000,0x00000000bb5126f8,0x00000000bc300000)

Deoptimization events (10 events):
Event: 5.981 Thread 0x00007f925400b800 Uncommon trap: reason=array_check action=maybe_recompile pc=0x00007f92512156e0 method=java.util.ComparableTimSort.binarySort([Ljava/lang/Object;III)V @ 193
Event: 6.082 Thread 0x00007f925400b800 Uncommon trap: reason=array_check action=maybe_recompile pc=0x00007f92512155d0 method=java.util.ComparableTimSort.binarySort([Ljava/lang/Object;III)V @ 215
Event: 6.083 Thread 0x00007f925400b800 Uncommon trap: reason=array_check action=maybe_recompile pc=0x00007f92512156e0 method=java.util.ComparableTimSort.binarySort([Ljava/lang/Object;III)V @ 193
Event: 6.131 Thread 0x00007f925400b800 Uncommon trap: reason=predicate action=maybe_recompile pc=0x00007f9251220c18 method=java.util.TimSort.binarySort([Ljava/lang/Object;IIILjava/util/Comparator;)V @ 37
Event: 6.389 Thread 0x00007f925400b800 Uncommon trap: reason=array_check action=maybe_recompile pc=0x00007f9251241494 method=java.util.ComparableTimSort.binarySort([Ljava/lang/Object;III)V @ 183
Event: 6.543 Thread 0x00007f925400b800 Uncommon trap: reason=array_check action=maybe_recompile pc=0x00007f9251083fbc method=java.util.TimSort.binarySort([Ljava/lang/Object;IIILjava/util/Comparator;)V @ 193
Event: 6.543 Thread 0x00007f925400b800 Uncommon trap: reason=array_check action=maybe_recompile pc=0x00007f9251083ecc method=java.util.TimSort.binarySort([Ljava/lang/Object;IIILjava/util/Comparator;)V @ 215
Event: 6.543 Thread 0x00007f925400b800 Uncommon trap: reason=array_check action=maybe_recompile pc=0x00007f925108408c method=java.util.TimSort.binarySort([Ljava/lang/Object;IIILjava/util/Comparator;)V @ 183
Event: 6.543 Thread 0x00007f925400b800 Uncommon trap: reason=array_check action=maybe_recompile pc=0x00007f9251083ecc method=java.util.TimSort.binarySort([Ljava/lang/Object;IIILjava/util/Comparator;)V @ 215
Event: 6.651 Thread 0x00007f925400b800 Uncommon trap: reason=array_check action=maybe_recompile pc=0x00007f9251241494 method=java.util.ComparableTimSort.binarySort([Ljava/lang/Object;III)V @ 183

Internal exceptions (10 events):
Event: 4.766 Thread 0x00007f925400b800 Threw 0x00000000eb898fb8 at /HUDSON/workspace/7u-2-build-linux-amd64/jdk7u75/1940/hotspot/src/share/vm/prims/jvm.cpp:1281
Event: 4.767 Thread 0x00007f925400b800 Threw 0x00000000eb89be70 at /HUDSON/workspace/7u-2-build-linux-amd64/jdk7u75/1940/hotspot/src/share/vm/prims/jvm.cpp:1281
Event: 4.767 Thread 0x00007f925400b800 Threw 0x00000000eb89f140 at /HUDSON/workspace/7u-2-build-linux-amd64/jdk7u75/1940/hotspot/src/share/vm/prims/jvm.cpp:1281
Event: 4.770 Thread 0x00007f925400b800 Threw 0x00000000eb8e6468 at /HUDSON/workspace/7u-2-build-linux-amd64/jdk7u75/1940/hotspot/src/share/vm/prims/jvm.cpp:1281
Event: 4.770 Thread 0x00007f925400b800 Threw 0x00000000eb8e8490 at /HUDSON/workspace/7u-2-build-linux-amd64/jdk7u75/1940/hotspot/src/share/vm/prims/jvm.cpp:1281
Event: 4.941 Thread 0x00007f925400b800 Threw 0x00000000eb9f05d8 at /HUDSON/workspace/7u-2-build-linux-amd64/jdk7u75/1940/hotspot/src/share/vm/prims/jvm.cpp:1281
Event: 4.941 Thread 0x00007f925400b800 Threw 0x00000000eb9f0700 at /HUDSON/workspace/7u-2-build-linux-amd64/jdk7u75/1940/hotspot/src/share/vm/prims/jvm.cpp:1281
Event: 4.941 Thread 0x00007f925400b800 Threw 0x00000000eb9f2af8 at /HUDSON/workspace/7u-2-build-linux-amd64/jdk7u75/1940/hotspot/src/share/vm/prims/jvm.cpp:1281
Event: 4.941 Thread 0x00007f925400b800 Threw 0x00000000eb9f2c20 at /HUDSON/workspace/7u-2-build-linux-amd64/jdk7u75/1940/hotspot/src/share/vm/prims/jvm.cpp:1281
Event: 5.518 Thread 0x00007f925400b800 Threw 0x00000000eb225638 at /HUDSON/workspace/7u-2-build-linux-amd64/jdk7u75/1940/hotspot/src/share/vm/prims/jvm.cpp:1281

Events (10 events):
Event: 7.508 Executing VM operation: RevokeBias done
Event: 7.508 Executing VM operation: RevokeBias
Event: 7.508 Executing VM operation: RevokeBias done
Event: 7.508 Executing VM operation: BulkRevokeBias
Event: 7.508 Executing VM operation: BulkRevokeBias done
Event: 7.508 Executing VM operation: RevokeBias
Event: 7.508 Executing VM operation: RevokeBias done
Event: 7.884 Executing VM operation: ParallelGCFailedAllocation
Event: 7.897 Executing VM operation: ParallelGCFailedAllocation done
Event: 8.399 Executing VM operation: ParallelGCFailedAllocation


Dynamic libraries:
00400000-00401000 r-xp 00000000 08:05 1715037                            /usr/local/java/jdk1.7.0_75/bin/java
00600000-00601000 rw-p 00000000 08:05 1715037                            /usr/local/java/jdk1.7.0_75/bin/java
0203c000-0205d000 rw-p 00000000 00:00 0                                  [heap]
bae00000-bc300000 rw-p 00000000 00:00 0 
bc300000-c0000000 rw-p 00000000 00:00 0 
c0000000-c3380000 rw-p 00000000 00:00 0 
c3380000-eaa80000 rw-p 00000000 00:00 0 
eaa80000-f8480000 rw-p 00000000 00:00 0 
7f9214000000-7f9214021000 rw-p 00000000 00:00 0 
7f9214021000-7f9218000000 ---p 00000000 00:00 0 
7f921c000000-7f921c9d3000 rw-p 00000000 00:00 0 
7f921c9d3000-7f9220000000 ---p 00000000 00:00 0 
7f9220000000-7f9220021000 rw-p 00000000 00:00 0 
7f9220021000-7f9224000000 ---p 00000000 00:00 0 
7f9224000000-7f9224021000 rw-p 00000000 00:00 0 
7f9224021000-7f9228000000 ---p 00000000 00:00 0 
7f9228000000-7f9228a93000 rw-p 00000000 00:00 0 
7f9228a93000-7f922c000000 ---p 00000000 00:00 0 
7f922c000000-7f922c021000 rw-p 00000000 00:00 0 
7f922c021000-7f9230000000 ---p 00000000 00:00 0 
7f9230000000-7f9230021000 rw-p 00000000 00:00 0 
7f9230021000-7f9234000000 ---p 00000000 00:00 0 
7f9234000000-7f9234021000 rw-p 00000000 00:00 0 
7f9234021000-7f9238000000 ---p 00000000 00:00 0 
7f9238000000-7f92380e4000 rw-p 00000000 00:00 0 
7f92380e4000-7f923c000000 ---p 00000000 00:00 0 
7f923c000000-7f923c021000 rw-p 00000000 00:00 0 
7f923c021000-7f9240000000 ---p 00000000 00:00 0 
7f9244000000-7f9244021000 rw-p 00000000 00:00 0 
7f9244021000-7f9248000000 ---p 00000000 00:00 0 
7f92481ea000-7f9248357000 rw-p 00000000 00:00 0 
7f9248357000-7f924836d000 r-xp 00000000 08:05 1318659                    /usr/local/java/jdk1.7.0_75/jre/lib/amd64/libnet.so
7f924836d000-7f924856d000 ---p 00016000 08:05 1318659                    /usr/local/java/jdk1.7.0_75/jre/lib/amd64/libnet.so
7f924856d000-7f924856e000 rw-p 00016000 08:05 1318659                    /usr/local/java/jdk1.7.0_75/jre/lib/amd64/libnet.so
7f924856e000-7f924857e000 r-xp 00000000 08:05 1318625                    /usr/local/java/jdk1.7.0_75/jre/lib/amd64/libnio.so
7f924857e000-7f924877e000 ---p 00010000 08:05 1318625                    /usr/local/java/jdk1.7.0_75/jre/lib/amd64/libnio.so
7f924877e000-7f924877f000 rw-p 00010000 08:05 1318625                    /usr/local/java/jdk1.7.0_75/jre/lib/amd64/libnio.so
7f924877f000-7f9248780000 ---p 00000000 00:00 0 
7f9248780000-7f9248880000 rw-p 00000000 00:00 0                          [stack:5206]
7f9248880000-7f9248883000 ---p 00000000 00:00 0 
7f9248883000-7f9248981000 rw-p 00000000 00:00 0                          [stack:5205]
7f9248981000-7f9248984000 ---p 00000000 00:00 0 
7f9248984000-7f9248a82000 rw-p 00000000 00:00 0                          [stack:5204]
7f9248a82000-7f9248a85000 ---p 00000000 00:00 0 
7f9248a85000-7f9248b83000 rw-p 00000000 00:00 0                          [stack:5203]
7f9248b83000-7f9248b86000 ---p 00000000 00:00 0 
7f9248b86000-7f9248c84000 rw-p 00000000 00:00 0                          [stack:5202]
7f9248c84000-7f9249366000 r--p 00000000 08:05 1186696                    /usr/lib/locale/locale-archive
7f9249366000-7f9249369000 ---p 00000000 00:00 0 
7f9249369000-7f9249467000 rw-p 00000000 00:00 0                          [stack:5201]
7f9249467000-7f924946a000 ---p 00000000 00:00 0 
7f924946a000-7f9249568000 rw-p 00000000 00:00 0                          [stack:5200]
7f9249568000-7f9249569000 ---p 00000000 00:00 0 
7f9249569000-7f924c000000 rw-p 00000000 00:00 0                          [stack:5199]
7f924c000000-7f924c021000 rw-p 00000000 00:00 0 
7f924c021000-7f9250000000 ---p 00000000 00:00 0 
7f92500a8000-7f92509a0000 rw-p 00000000 00:00 0 
7f92509a0000-7f9250b5f000 r--s 039eb000 08:05 1319093                    /usr/local/java/jdk1.7.0_75/jre/lib/rt.jar
7f9250b5f000-7f9250dfe000 rw-p 00000000 00:00 0 
7f9250dfe000-7f9250dff000 ---p 00000000 00:00 0 
7f9250dff000-7f9250eff000 rw-p 00000000 00:00 0                          [stack:5198]
7f9250eff000-7f9250f00000 ---p 00000000 00:00 0 
7f9250f00000-7f9251000000 rw-p 00000000 00:00 0                          [stack:5197]
7f9251000000-7f9251280000 rwxp 00000000 00:00 0 
7f9251280000-7f9254250000 rw-p 00000000 00:00 0 
7f9254250000-7f9258000000 ---p 00000000 00:00 0 
7f9258009000-7f9258018000 r--s 000dd000 08:05 4726194                    /home/rc/Android/Sdk/build-tools/22.0.1/lib/dx.jar
7f9258018000-7f925809b000 rw-p 00000000 00:00 0 
7f925809b000-7f925809c000 ---p 00000000 00:00 0 
7f925809c000-7f925819c000 rw-p 00000000 00:00 0                          [stack:5196]
7f925819c000-7f925819d000 ---p 00000000 00:00 0 
7f925819d000-7f92582a8000 rw-p 00000000 00:00 0                          [stack:5195]
7f92582a8000-7f92582c6000 rw-p 00000000 00:00 0 
7f92582c6000-7f92582e0000 rw-p 00000000 00:00 0 
7f92582e0000-7f925841c000 rw-p 00000000 00:00 0 
7f925841c000-7f9258427000 rw-p 00000000 00:00 0 
7f9258427000-7f9258445000 rw-p 00000000 00:00 0 
7f9258445000-7f925845f000 rw-p 00000000 00:00 0 
7f925845f000-7f925859a000 rw-p 00000000 00:00 0 
7f925859a000-7f9258608000 rw-p 00000000 00:00 0 
7f9258608000-7f9258645000 rw-p 00000000 00:00 0 
7f9258645000-7f9258646000 rw-p 00000000 00:00 0 
7f9258646000-7f9258660000 r-xp 00000000 08:05 1318654                    /usr/local/java/jdk1.7.0_75/jre/lib/amd64/libzip.so
7f9258660000-7f9258860000 ---p 0001a000 08:05 1318654                    /usr/local/java/jdk1.7.0_75/jre/lib/amd64/libzip.so
7f9258860000-7f9258861000 rw-p 0001a000 08:05 1318654                    /usr/local/java/jdk1.7.0_75/jre/lib/amd64/libzip.so
7f9258861000-7f925886c000 r-xp 00000000 08:05 11010875                   /lib/x86_64-linux-gnu/libnss_files-2.19.so
7f925886c000-7f9258a6b000 ---p 0000b000 08:05 11010875                   /lib/x86_64-linux-gnu/libnss_files-2.19.so
7f9258a6b000-7f9258a6c000 r--p 0000a000 08:05 11010875                   /lib/x86_64-linux-gnu/libnss_files-2.19.so
7f9258a6c000-7f9258a6d000 rw-p 0000b000 08:05 11010875                   /lib/x86_64-linux-gnu/libnss_files-2.19.so
7f9258a6d000-7f9258a78000 r-xp 00000000 08:05 11010895                   /lib/x86_64-linux-gnu/libnss_nis-2.19.so
7f9258a78000-7f9258c77000 ---p 0000b000 08:05 11010895                   /lib/x86_64-linux-gnu/libnss_nis-2.19.so
7f9258c77000-7f9258c78000 r--p 0000a000 08:05 11010895                   /lib/x86_64-linux-gnu/libnss_nis-2.19.so
7f9258c78000-7f9258c79000 rw-p 0000b000 08:05 11010895                   /lib/x86_64-linux-gnu/libnss_nis-2.19.so
7f9258c79000-7f9258c90000 r-xp 00000000 08:05 11010884                   /lib/x86_64-linux-gnu/libnsl-2.19.so
7f9258c90000-7f9258e8f000 ---p 00017000 08:05 11010884                   /lib/x86_64-linux-gnu/libnsl-2.19.so
7f9258e8f000-7f9258e90000 r--p 00016000 08:05 11010884                   /lib/x86_64-linux-gnu/libnsl-2.19.so
7f9258e90000-7f9258e91000 rw-p 00017000 08:05 11010884                   /lib/x86_64-linux-gnu/libnsl-2.19.so
7f9258e91000-7f9258e93000 rw-p 00000000 00:00 0 
7f9258e93000-7f9258e9c000 r-xp 00000000 08:05 11010883                   /lib/x86_64-linux-gnu/libnss_compat-2.19.so
7f9258e9c000-7f925909b000 ---p 00009000 08:05 11010883                   /lib/x86_64-linux-gnu/libnss_compat-2.19.so
7f925909b000-7f925909c000 r--p 00008000 08:05 11010883                   /lib/x86_64-linux-gnu/libnss_compat-2.19.so
7f925909c000-7f925909d000 rw-p 00009000 08:05 11010883                   /lib/x86_64-linux-gnu/libnss_compat-2.19.so
7f925909d000-7f92590c6000 r-xp 00000000 08:05 1318620                    /usr/local/java/jdk1.7.0_75/jre/lib/amd64/libjava.so
7f92590c6000-7f92592c6000 ---p 00029000 08:05 1318620                    /usr/local/java/jdk1.7.0_75/jre/lib/amd64/libjava.so
7f92592c6000-7f92592c8000 rw-p 00029000 08:05 1318620                    /usr/local/java/jdk1.7.0_75/jre/lib/amd64/libjava.so
7f92592c8000-7f92592d5000 r-xp 00000000 08:05 1318647                    /usr/local/java/jdk1.7.0_75/jre/lib/amd64/libverify.so
7f92592d5000-7f92594d4000 ---p 0000d000 08:05 1318647                    /usr/local/java/jdk1.7.0_75/jre/lib/amd64/libverify.so
7f92594d4000-7f92594d6000 rw-p 0000c000 08:05 1318647                    /usr/local/java/jdk1.7.0_75/jre/lib/amd64/libverify.so
7f92594d6000-7f92594dd000 r-xp 00000000 08:05 11010892                   /lib/x86_64-linux-gnu/librt-2.19.so
7f92594dd000-7f92596dc000 ---p 00007000 08:05 11010892                   /lib/x86_64-linux-gnu/librt-2.19.so
7f92596dc000-7f92596dd000 r--p 00006000 08:05 11010892                   /lib/x86_64-linux-gnu/librt-2.19.so
7f92596dd000-7f92596de000 rw-p 00007000 08:05 11010892                   /lib/x86_64-linux-gnu/librt-2.19.so
7f92596de000-7f92597e3000 r-xp 00000000 08:05 11010874                   /lib/x86_64-linux-gnu/libm-2.19.so
7f92597e3000-7f92599e2000 ---p 00105000 08:05 11010874                   /lib/x86_64-linux-gnu/libm-2.19.so
7f92599e2000-7f92599e3000 r--p 00104000 08:05 11010874                   /lib/x86_64-linux-gnu/libm-2.19.so
7f92599e3000-7f92599e4000 rw-p 00105000 08:05 11010874                   /lib/x86_64-linux-gnu/libm-2.19.so
7f92599e4000-7f925a557000 r-xp 00000000 08:05 1318674                    /usr/local/java/jdk1.7.0_75/jre/lib/amd64/server/libjvm.so
7f925a557000-7f925a757000 ---p 00b73000 08:05 1318674                    /usr/local/java/jdk1.7.0_75/jre/lib/amd64/server/libjvm.so
7f925a757000-7f925a81b000 rw-p 00b73000 08:05 1318674                    /usr/local/java/jdk1.7.0_75/jre/lib/amd64/server/libjvm.so
7f925a81b000-7f925a85c000 rw-p 00000000 00:00 0 
7f925a85c000-7f925aa17000 r-xp 00000000 08:05 11010889                   /lib/x86_64-linux-gnu/libc-2.19.so
7f925aa17000-7f925ac16000 ---p 001bb000 08:05 11010889                   /lib/x86_64-linux-gnu/libc-2.19.so
7f925ac16000-7f925ac1a000 r--p 001ba000 08:05 11010889                   /lib/x86_64-linux-gnu/libc-2.19.so
7f925ac1a000-7f925ac1c000 rw-p 001be000 08:05 11010889                   /lib/x86_64-linux-gnu/libc-2.19.so
7f925ac1c000-7f925ac21000 rw-p 00000000 00:00 0 
7f925ac21000-7f925ac24000 r-xp 00000000 08:05 11010878                   /lib/x86_64-linux-gnu/libdl-2.19.so
7f925ac24000-7f925ae23000 ---p 00003000 08:05 11010878                   /lib/x86_64-linux-gnu/libdl-2.19.so
7f925ae23000-7f925ae24000 r--p 00002000 08:05 11010878                   /lib/x86_64-linux-gnu/libdl-2.19.so
7f925ae24000-7f925ae25000 rw-p 00003000 08:05 11010878                   /lib/x86_64-linux-gnu/libdl-2.19.so
7f925ae25000-7f925ae3b000 r-xp 00000000 08:05 1579429                    /usr/local/java/jdk1.7.0_75/lib/amd64/jli/libjli.so
7f925ae3b000-7f925b03b000 ---p 00016000 08:05 1579429                    /usr/local/java/jdk1.7.0_75/lib/amd64/jli/libjli.so
7f925b03b000-7f925b03c000 rw-p 00016000 08:05 1579429                    /usr/local/java/jdk1.7.0_75/lib/amd64/jli/libjli.so
7f925b03c000-7f925b055000 r-xp 00000000 08:05 11010890                   /lib/x86_64-linux-gnu/libpthread-2.19.so
7f925b055000-7f925b254000 ---p 00019000 08:05 11010890                   /lib/x86_64-linux-gnu/libpthread-2.19.so
7f925b254000-7f925b255000 r--p 00018000 08:05 11010890                   /lib/x86_64-linux-gnu/libpthread-2.19.so
7f925b255000-7f925b256000 rw-p 00019000 08:05 11010890                   /lib/x86_64-linux-gnu/libpthread-2.19.so
7f925b256000-7f925b25a000 rw-p 00000000 00:00 0 
7f925b25a000-7f925b27d000 r-xp 00000000 08:05 11010886                   /lib/x86_64-linux-gnu/ld-2.19.so
7f925b288000-7f925b2a8000 rw-p 00000000 00:00 0 
7f925b2a8000-7f925b35e000 rw-p 00000000 00:00 0 
7f925b35e000-7f925b361000 ---p 00000000 00:00 0 
7f925b361000-7f925b463000 rw-p 00000000 00:00 0                          [stack:5194]
7f925b46b000-7f925b46c000 rw-p 00000000 00:00 0 
7f925b46c000-7f925b470000 r--s 0008b000 08:05 1319088                    /usr/local/java/jdk1.7.0_75/jre/lib/jsse.jar
7f925b470000-7f925b478000 rw-s 00000000 08:05 9699775                    /tmp/hsperfdata_rc/5188
7f925b478000-7f925b479000 rw-p 00000000 00:00 0 
7f925b479000-7f925b47a000 ---p 00000000 00:00 0 
7f925b47a000-7f925b47c000 rw-p 00000000 00:00 0 
7f925b47c000-7f925b47d000 r--p 00022000 08:05 11010886                   /lib/x86_64-linux-gnu/ld-2.19.so
7f925b47d000-7f925b47e000 rw-p 00023000 08:05 11010886                   /lib/x86_64-linux-gnu/ld-2.19.so
7f925b47e000-7f925b47f000 rw-p 00000000 00:00 0 
7fff4dd95000-7fff4ddb7000 rw-p 00000000 00:00 0                          [stack]
7fff4ddc1000-7fff4ddc3000 r-xp 00000000 00:00 0                          [vdso]
ffffffffff600000-ffffffffff601000 r-xp 00000000 00:00 0                  [vsyscall]

VM Arguments:
jvm_args: -Xmx1024M -Dfile.encoding=UTF-8 -Duser.country=IN -Duser.language=en -Duser.variant 
java_command: com.android.dx.command.Main --dex --output /home/rc/AndroidStudioProjects/CampusBuddy/app/build/intermediates/dex/debug /home/rc/AndroidStudioProjects/CampusBuddy/app/build/intermediates/classes/debug /home/rc/AndroidStudioProjects/CampusBuddy/app/build/intermediates/pre-dexed/debug/classes-62ea3703263aaa97ddfdf0c367668e1141a7d35d.jar /home/rc/AndroidStudioProjects/CampusBuddy/app/build/intermediates/pre-dexed/debug/support-annotations-22.1.1-8bf1398ffa031568a73d8b15f0f628c909958f55.jar /home/rc/AndroidStudioProjects/CampusBuddy/app/build/intermediates/pre-dexed/debug/classes-ad76a3e756d04f2e97af12e6cd51c7ca2a3fa1b6.jar /home/rc/AndroidStudioProjects/CampusBuddy/app/build/intermediates/pre-dexed/debug/classes-8d67e47ef7b51b51545918d0649cae451c70c25f.jar /home/rc/AndroidStudioProjects/CampusBuddy/app/build/intermediates/pre-dexed/debug/classes-96ab323aa96f67aa00111f7ecfee9e6883fe0a2c.jar /home/rc/AndroidStudioProjects/CampusBuddy/app/build/intermediates/pre-dexed/debug/classes-03ffb26b96cce1460b347d69c36e452be55dd044.jar /home/rc/AndroidStudioProjects/CampusBuddy/app/build/intermediates/pre-dexed/debug/classes-a48f95245566239153a4027b42c0fe4632ff3d43.jar /home/rc/AndroidStudioProjects/CampusBuddy/app/build/intermediates/pre-dexed/debug/classes-c88e5e0c97cff5cca90ce04dc4c751484fcbffcc.jar /home/rc/AndroidStudioProjects/CampusBuddy/app/build/intermediates/pre-dexed/debug/classes-803dfcb458d0acab6ddd5094bc4867449afefd94.jar /home/rc/AndroidStudioProjects/CampusBuddy/app/build/intermediates/pre-dexed/debug/classes-7dd1c516344419ae5e389b6b54c86a2ca5e3a075.jar /home/rc/AndroidStudioProjects/CampusBuddy/app/build/intermediates/pre-dexed/debug/classes-ebb6a8d5d7ddbb0dcfd3b0c425d5ece28637ac71.jar /home/rc/AndroidStudioProjects/CampusBuddy/app/build/intermediates/pre-dexed/debug/classes-7ce89a0828373323c08a0185db00b7a88b5243cd.jar /home/rc/AndroidStudioProjects/CampusBuddy/app/build/intermediates/pre-dexed/debug/classes-298381b492f8a3de49cbb5e3715331a97cb1bcbb.
Launcher Type: SUN_STANDARD

Environment Variables:
JAVA_HOME=/usr/local/java/jdk1.7.0_75
PATH=/usr/local/sbin:/usr/local/bin:/usr/sbin:/usr/bin:/sbin:/bin:/usr/games:/usr/local/games:/home/rc/bin:/usr/local/java/jdk1.7.0_75/bin:/home/rc/Android/Sdk/tools:/home/rc/Android/Sdk/platform-tools
SHELL=/bin/bash
DISPLAY=:0

Signal Handlers:
SIGSEGV: [libjvm.so+0x9a21f0], sa_mask[0]=0x7ffbfeff, sa_flags=0x10000004
SIGBUS: [libjvm.so+0x9a21f0], sa_mask[0]=0x7ffbfeff, sa_flags=0x10000004
SIGFPE: [libjvm.so+0x81ba40], sa_mask[0]=0x7ffbfeff, sa_flags=0x10000004
SIGPIPE: [libjvm.so+0x81ba40], sa_mask[0]=0x7ffbfeff, sa_flags=0x10000004
SIGXFSZ: [libjvm.so+0x81ba40], sa_mask[0]=0x7ffbfeff, sa_flags=0x10000004
SIGILL: [libjvm.so+0x81ba40], sa_mask[0]=0x7ffbfeff, sa_flags=0x10000004
SIGUSR1: SIG_DFL, sa_mask[0]=0x00000000, sa_flags=0x00000000
SIGUSR2: [libjvm.so+0x81d240], sa_mask[0]=0x00000004, sa_flags=0x10000004
SIGHUP: [libjvm.so+0x81e360], sa_mask[0]=0x7ffbfeff, sa_flags=0x10000004
SIGINT: [libjvm.so+0x81e360], sa_mask[0]=0x7ffbfeff, sa_flags=0x10000004
SIGTERM: [libjvm.so+0x81e360], sa_mask[0]=0x7ffbfeff, sa_flags=0x10000004
SIGQUIT: [libjvm.so+0x81e360], sa_mask[0]=0x7ffbfeff, sa_flags=0x10000004


---------------  S Y S T E M  ---------------

OS:jessie/sid

uname:Linux 3.13.0-46-generic #79-Ubuntu SMP Tue Mar 10 20:06:50 UTC 2015 x86_64
libc:glibc 2.19 NPTL 2.19 
rlimit: STACK 8192k, CORE 0k, NPROC 30946, NOFILE 4096, AS infinity
load average:8.44 3.63 2.35

/proc/meminfo:
MemTotal:        3982788 kB
MemFree:          106092 kB
Buffers:             324 kB
Cached:           234816 kB
SwapCached:        19200 kB
Active:          2954632 kB
Inactive:         753840 kB
Active(anon):    2953184 kB
Inactive(anon):   748292 kB
Active(file):       1448 kB
Inactive(file):     5548 kB
Unevictable:          32 kB
Mlocked:              32 kB
SwapTotal:        583676 kB
SwapFree:              0 kB
Dirty:                80 kB
Writeback:             0 kB
AnonPages:       3454284 kB
Mapped:            22592 kB
Shmem:            228028 kB
Slab:              65716 kB
SReclaimable:      29496 kB
SUnreclaim:        36220 kB
KernelStack:        4968 kB
PageTables:        35304 kB
NFS_Unstable:          0 kB
Bounce:                0 kB
WritebackTmp:          0 kB
CommitLimit:     2575068 kB
Committed_AS:    7759624 kB
VmallocTotal:   34359738367 kB
VmallocUsed:      544496 kB
VmallocChunk:   34359156092 kB
HardwareCorrupted:     0 kB
AnonHugePages:   1648640 kB
HugePages_Total:       0
HugePages_Free:        0
HugePages_Rsvd:        0
HugePages_Surp:        0
Hugepagesize:       2048 kB
DirectMap4k:       90816 kB
DirectMap2M:     2990080 kB
DirectMap1G:     1048576 kB


CPU:total 4 (2 cores per cpu, 2 threads per core) family 6 model 69 stepping 1, cmov, cx8, fxsr, mmx, sse, sse2, sse3, ssse3, sse4.1, sse4.2, popcnt, avx, avx2, aes, erms, ht, tsc, tscinvbit

/proc/cpuinfo:
processor	: 0
vendor_id	: GenuineIntel
cpu family	: 6
model		: 69
model name	: Intel(R) Core(TM) i3-4010U CPU @ 1.70GHz
stepping	: 1
microcode	: 0x17
cpu MHz		: 1701.000
cache size	: 3072 KB
physical id	: 0
siblings	: 4
core id		: 0
cpu cores	: 2
apicid		: 0
initial apicid	: 0
fpu		: yes
fpu_exception	: yes
cpuid level	: 13
wp		: yes
flags		: fpu vme de pse tsc msr pae mce cx8 apic sep mtrr pge mca cmov pat pse36 clflush dts acpi mmx fxsr sse sse2 ss ht tm pbe syscall nx pdpe1gb rdtscp lm constant_tsc arch_perfmon pebs bts rep_good nopl xtopology nonstop_tsc aperfmperf eagerfpu pni pclmulqdq dtes64 monitor ds_cpl vmx est tm2 ssse3 fma cx16 xtpr pdcm pcid sse4_1 sse4_2 x2apic movbe popcnt tsc_deadline_timer aes xsave avx f16c rdrand lahf_lm abm ida arat epb xsaveopt pln pts dtherm tpr_shadow vnmi flexpriority ept vpid fsgsbase tsc_adjust bmi1 avx2 smep bmi2 erms invpcid
bogomips	: 3392.12
clflush size	: 64
cache_alignment	: 64
address sizes	: 39 bits physical, 48 bits virtual
power management:

processor	: 1
vendor_id	: GenuineIntel
cpu family	: 6
model		: 69
model name	: Intel(R) Core(TM) i3-4010U CPU @ 1.70GHz
stepping	: 1
microcode	: 0x17
cpu MHz		: 800.000
cache size	: 3072 KB
physical id	: 0
siblings	: 4
core id		: 0
cpu cores	: 2
apicid		: 1
initial apicid	: 1
fpu		: yes
fpu_exception	: yes
cpuid level	: 13
wp		: yes
flags		: fpu vme de pse tsc msr pae mce cx8 apic sep mtrr pge mca cmov pat pse36 clflush dts acpi mmx fxsr sse sse2 ss ht tm pbe syscall nx pdpe1gb rdtscp lm constant_tsc arch_perfmon pebs bts rep_good nopl xtopology nonstop_tsc aperfmperf eagerfpu pni pclmulqdq dtes64 monitor ds_cpl vmx est tm2 ssse3 fma cx16 xtpr pdcm pcid sse4_1 sse4_2 x2apic movbe popcnt tsc_deadline_timer aes xsave avx f16c rdrand lahf_lm abm ida arat epb xsaveopt pln pts dtherm tpr_shadow vnmi flexpriority ept vpid fsgsbase tsc_adjust bmi1 avx2 smep bmi2 erms invpcid
bogomips	: 3392.12
clflush size	: 64
cache_alignment	: 64
address sizes	: 39 bits physical, 48 bits virtual
power management:

processor	: 2
vendor_id	: GenuineIntel
cpu family	: 6
model		: 69
model name	: Intel(R) Core(TM) i3-4010U CPU @ 1.70GHz
stepping	: 1
microcode	: 0x17
cpu MHz		: 1701.000
cache size	: 3072 KB
physical id	: 0
siblings	: 4
core id		: 1
cpu cores	: 2
apicid		: 2
initial apicid	: 2
fpu		: yes
fpu_exception	: yes
cpuid level	: 13
wp		: yes
flags		: fpu vme de pse tsc msr pae mce cx8 apic sep mtrr pge mca cmov pat pse36 clflush dts acpi mmx fxsr sse sse2 ss ht tm pbe syscall nx pdpe1gb rdtscp lm constant_tsc arch_perfmon pebs bts rep_good nopl xtopology nonstop_tsc aperfmperf eagerfpu pni pclmulqdq dtes64 monitor ds_cpl vmx est tm2 ssse3 fma cx16 xtpr pdcm pcid sse4_1 sse4_2 x2apic movbe popcnt tsc_deadline_timer aes xsave avx f16c rdrand lahf_lm abm ida arat epb xsaveopt pln pts dtherm tpr_shadow vnmi flexpriority ept vpid fsgsbase tsc_adjust bmi1 avx2 smep bmi2 erms invpcid
bogomips	: 3392.12
clflush size	: 64
cache_alignment	: 64
address sizes	: 39 bits physical, 48 bits virtual
power management:

processor	: 3
vendor_id	: GenuineIntel
cpu family	: 6
model		: 69
model name	: Intel(R) Core(TM) i3-4010U CPU @ 1.70GHz
stepping	: 1
microcode	: 0x17
cpu MHz		: 1701.000
cache size	: 3072 KB
physical id	: 0
siblings	: 4
core id		: 1
cpu cores	: 2
apicid		: 3
initial apicid	: 3
fpu		: yes
fpu_exception	: yes
cpuid level	: 13
wp		: yes
flags		: fpu vme de pse tsc msr pae mce cx8 apic sep mtrr pge mca cmov pat pse36 clflush dts acpi mmx fxsr sse sse2 ss ht tm pbe syscall nx pdpe1gb rdtscp lm constant_tsc arch_perfmon pebs bts rep_good nopl xtopology nonstop_tsc aperfmperf eagerfpu pni pclmulqdq dtes64 monitor ds_cpl vmx est tm2 ssse3 fma cx16 xtpr pdcm pcid sse4_1 sse4_2 x2apic movbe popcnt tsc_deadline_timer aes xsave avx f16c rdrand lahf_lm abm ida arat epb xsaveopt pln pts dtherm tpr_shadow vnmi flexpriority ept vpid fsgsbase tsc_adjust bmi1 avx2 smep bmi2 erms invpcid
bogomips	: 3392.12
clflush size	: 64
cache_alignment	: 64
address sizes	: 39 bits physical, 48 bits virtual
power management:



Memory: 4k page, physical 3982788k(105844k free), swap 583676k(0k free)

vm_info: Java HotSpot(TM) 64-Bit Server VM (24.75-b04) for linux-amd64 JRE (1.7.0_75-b13), built on Dec 18 2014 16:45:18 by "java_re" with gcc 4.3.0 20080428 (Red Hat 4.3.0-8)

time: Tue May 19 01:31:32 2015
elapsed time: 40 seconds

